<?xml version="1.0" encoding="UTF-8"?>
<testsuite xmlns:xsi="http://www.w3.org/2001/XMLSchema-instance" xsi:noNamespaceSchemaLocation="https://maven.apache.org/surefire/maven-surefire-plugin/xsd/surefire-test-report.xsd" name="com.xuecheng.search.TestSearch" time="16.048" tests="3" errors="3" skipped="0" failures="0">
  <properties>
    <property name="sun.desktop" value="windows"/>
    <property name="awt.toolkit" value="sun.awt.windows.WToolkit"/>
    <property name="file.encoding.pkg" value="sun.io"/>
    <property name="java.specification.version" value="1.8"/>
    <property name="sun.cpu.isalist" value="amd64"/>
    <property name="sun.jnu.encoding" value="GBK"/>
    <property name="java.class.path" value="D:\Projects\IdeaProjects\xcEduService01\xc-service-search\target\test-classes;D:\Projects\IdeaProjects\xcEduService01\xc-service-search\target\classes;D:\Projects\IdeaProjects\xcEduService01\xc-framework-model\target\xc-framework-model.jar;D:\Projects\IdeaProjects\xcEduService01\xc-framework-utils\target\xc-framework-utils.jar;D:\develop\apache-maven-3.6.1-bin\mvn_repository\javax\servlet\javax.servlet-api\4.0.1\javax.servlet-api-4.0.1.jar;D:\develop\apache-maven-3.6.1-bin\mvn_repository\org\springframework\boot\spring-boot-starter-logging\2.1.5.RELEASE\spring-boot-starter-logging-2.1.5.RELEASE.jar;D:\develop\apache-maven-3.6.1-bin\mvn_repository\ch\qos\logback\logback-classic\1.2.3\logback-classic-1.2.3.jar;D:\develop\apache-maven-3.6.1-bin\mvn_repository\ch\qos\logback\logback-core\1.2.3\logback-core-1.2.3.jar;D:\develop\apache-maven-3.6.1-bin\mvn_repository\org\apache\logging\log4j\log4j-to-slf4j\2.11.2\log4j-to-slf4j-2.11.2.jar;D:\develop\apache-maven-3.6.1-bin\mvn_repository\org\slf4j\jul-to-slf4j\1.7.26\jul-to-slf4j-1.7.26.jar;D:\develop\apache-maven-3.6.1-bin\mvn_repository\org\apache\httpcomponents\httpclient\4.5.3\httpclient-4.5.3.jar;D:\develop\apache-maven-3.6.1-bin\mvn_repository\net\lingala\zip4j\zip4j\1.3.1\zip4j-1.3.1.jar;D:\develop\apache-maven-3.6.1-bin\mvn_repository\org\springframework\security\spring-security-crypto\5.1.5.RELEASE\spring-security-crypto-5.1.5.RELEASE.jar;D:\develop\apache-maven-3.6.1-bin\mvn_repository\org\springframework\security\spring-security-jwt\1.0.8.RELEASE\spring-security-jwt-1.0.8.RELEASE.jar;D:\develop\apache-maven-3.6.1-bin\mvn_repository\org\bouncycastle\bcpkix-jdk15on\1.56\bcpkix-jdk15on-1.56.jar;D:\develop\apache-maven-3.6.1-bin\mvn_repository\org\bouncycastle\bcprov-jdk15on\1.56\bcprov-jdk15on-1.56.jar;D:\develop\apache-maven-3.6.1-bin\mvn_repository\io\springfox\springfox-swagger2\2.9.2\springfox-swagger2-2.9.2.jar;D:\develop\apache-maven-3.6.1-bin\mvn_repository\io\swagger\swagger-annotations\1.5.20\swagger-annotations-1.5.20.jar;D:\develop\apache-maven-3.6.1-bin\mvn_repository\io\swagger\swagger-models\1.5.20\swagger-models-1.5.20.jar;D:\develop\apache-maven-3.6.1-bin\mvn_repository\com\fasterxml\jackson\core\jackson-annotations\2.9.9\jackson-annotations-2.9.9.jar;D:\develop\apache-maven-3.6.1-bin\mvn_repository\io\springfox\springfox-spi\2.9.2\springfox-spi-2.9.2.jar;D:\develop\apache-maven-3.6.1-bin\mvn_repository\io\springfox\springfox-core\2.9.2\springfox-core-2.9.2.jar;D:\develop\apache-maven-3.6.1-bin\mvn_repository\io\springfox\springfox-schema\2.9.2\springfox-schema-2.9.2.jar;D:\develop\apache-maven-3.6.1-bin\mvn_repository\io\springfox\springfox-swagger-common\2.9.2\springfox-swagger-common-2.9.2.jar;D:\develop\apache-maven-3.6.1-bin\mvn_repository\io\springfox\springfox-spring-web\2.9.2\springfox-spring-web-2.9.2.jar;D:\develop\apache-maven-3.6.1-bin\mvn_repository\com\fasterxml\classmate\1.4.0\classmate-1.4.0.jar;D:\develop\apache-maven-3.6.1-bin\mvn_repository\org\slf4j\slf4j-api\1.7.26\slf4j-api-1.7.26.jar;D:\develop\apache-maven-3.6.1-bin\mvn_repository\org\springframework\plugin\spring-plugin-core\1.2.0.RELEASE\spring-plugin-core-1.2.0.RELEASE.jar;D:\develop\apache-maven-3.6.1-bin\mvn_repository\org\springframework\plugin\spring-plugin-metadata\1.2.0.RELEASE\spring-plugin-metadata-1.2.0.RELEASE.jar;D:\develop\apache-maven-3.6.1-bin\mvn_repository\org\mapstruct\mapstruct\1.2.0.Final\mapstruct-1.2.0.Final.jar;D:\develop\apache-maven-3.6.1-bin\mvn_repository\org\projectlombok\lombok\1.18.8\lombok-1.18.8.jar;D:\develop\apache-maven-3.6.1-bin\mvn_repository\org\springframework\data\spring-data-commons\2.1.8.RELEASE\spring-data-commons-2.1.8.RELEASE.jar;D:\develop\apache-maven-3.6.1-bin\mvn_repository\org\springframework\spring-beans\5.1.7.RELEASE\spring-beans-5.1.7.RELEASE.jar;D:\develop\apache-maven-3.6.1-bin\mvn_repository\org\springframework\data\spring-data-mongodb\2.1.8.RELEASE\spring-data-mongodb-2.1.8.RELEASE.jar;D:\develop\apache-maven-3.6.1-bin\mvn_repository\org\springframework\spring-tx\5.1.7.RELEASE\spring-tx-5.1.7.RELEASE.jar;D:\develop\apache-maven-3.6.1-bin\mvn_repository\org\springframework\spring-context\5.1.7.RELEASE\spring-context-5.1.7.RELEASE.jar;D:\develop\apache-maven-3.6.1-bin\mvn_repository\org\springframework\spring-expression\5.1.7.RELEASE\spring-expression-5.1.7.RELEASE.jar;D:\develop\apache-maven-3.6.1-bin\mvn_repository\org\mongodb\mongo-java-driver\3.8.2\mongo-java-driver-3.8.2.jar;D:\develop\apache-maven-3.6.1-bin\mvn_repository\org\hibernate\hibernate-core\5.3.10.Final\hibernate-core-5.3.10.Final.jar;D:\develop\apache-maven-3.6.1-bin\mvn_repository\org\jboss\logging\jboss-logging\3.3.2.Final\jboss-logging-3.3.2.Final.jar;D:\develop\apache-maven-3.6.1-bin\mvn_repository\javax\persistence\javax.persistence-api\2.2\javax.persistence-api-2.2.jar;D:\develop\apache-maven-3.6.1-bin\mvn_repository\org\javassist\javassist\3.23.2-GA\javassist-3.23.2-GA.jar;D:\develop\apache-maven-3.6.1-bin\mvn_repository\net\bytebuddy\byte-buddy\1.9.12\byte-buddy-1.9.12.jar;D:\develop\apache-maven-3.6.1-bin\mvn_repository\antlr\antlr\2.7.7\antlr-2.7.7.jar;D:\develop\apache-maven-3.6.1-bin\mvn_repository\org\jboss\spec\javax\transaction\jboss-transaction-api_1.2_spec\1.1.1.Final\jboss-transaction-api_1.2_spec-1.1.1.Final.jar;D:\develop\apache-maven-3.6.1-bin\mvn_repository\org\jboss\jandex\2.0.5.Final\jandex-2.0.5.Final.jar;D:\develop\apache-maven-3.6.1-bin\mvn_repository\javax\activation\javax.activation-api\1.2.0\javax.activation-api-1.2.0.jar;D:\develop\apache-maven-3.6.1-bin\mvn_repository\org\dom4j\dom4j\2.1.1\dom4j-2.1.1.jar;D:\develop\apache-maven-3.6.1-bin\mvn_repository\org\hibernate\common\hibernate-commons-annotations\5.0.4.Final\hibernate-commons-annotations-5.0.4.Final.jar;D:\develop\apache-maven-3.6.1-bin\mvn_repository\com\github\pagehelper\pagehelper-spring-boot-starter\1.2.12\pagehelper-spring-boot-starter-1.2.12.jar;D:\develop\apache-maven-3.6.1-bin\mvn_repository\org\mybatis\spring\boot\mybatis-spring-boot-starter\2.0.1\mybatis-spring-boot-starter-2.0.1.jar;D:\develop\apache-maven-3.6.1-bin\mvn_repository\org\springframework\boot\spring-boot-starter-jdbc\2.1.5.RELEASE\spring-boot-starter-jdbc-2.1.5.RELEASE.jar;D:\develop\apache-maven-3.6.1-bin\mvn_repository\com\zaxxer\HikariCP\3.2.0\HikariCP-3.2.0.jar;D:\develop\apache-maven-3.6.1-bin\mvn_repository\org\springframework\spring-jdbc\5.1.7.RELEASE\spring-jdbc-5.1.7.RELEASE.jar;D:\develop\apache-maven-3.6.1-bin\mvn_repository\org\mybatis\spring\boot\mybatis-spring-boot-autoconfigure\2.0.1\mybatis-spring-boot-autoconfigure-2.0.1.jar;D:\develop\apache-maven-3.6.1-bin\mvn_repository\org\mybatis\mybatis\3.5.1\mybatis-3.5.1.jar;D:\develop\apache-maven-3.6.1-bin\mvn_repository\org\mybatis\mybatis-spring\2.0.1\mybatis-spring-2.0.1.jar;D:\develop\apache-maven-3.6.1-bin\mvn_repository\com\github\pagehelper\pagehelper-spring-boot-autoconfigure\1.2.12\pagehelper-spring-boot-autoconfigure-1.2.12.jar;D:\develop\apache-maven-3.6.1-bin\mvn_repository\com\github\pagehelper\pagehelper\5.1.10\pagehelper-5.1.10.jar;D:\develop\apache-maven-3.6.1-bin\mvn_repository\com\github\jsqlparser\jsqlparser\2.0\jsqlparser-2.0.jar;D:\Projects\IdeaProjects\xcEduService01\xc-framework-common\target\xc-framework-common.jar;D:\develop\apache-maven-3.6.1-bin\mvn_repository\com\google\guava\guava\28.0-jre\guava-28.0-jre.jar;D:\develop\apache-maven-3.6.1-bin\mvn_repository\com\google\guava\failureaccess\1.0.1\failureaccess-1.0.1.jar;D:\develop\apache-maven-3.6.1-bin\mvn_repository\com\google\guava\listenablefuture\9999.0-empty-to-avoid-conflict-with-guava\listenablefuture-9999.0-empty-to-avoid-conflict-with-guava.jar;D:\develop\apache-maven-3.6.1-bin\mvn_repository\com\google\code\findbugs\jsr305\3.0.2\jsr305-3.0.2.jar;D:\develop\apache-maven-3.6.1-bin\mvn_repository\org\checkerframework\checker-qual\2.8.1\checker-qual-2.8.1.jar;D:\develop\apache-maven-3.6.1-bin\mvn_repository\com\google\errorprone\error_prone_annotations\2.3.2\error_prone_annotations-2.3.2.jar;D:\develop\apache-maven-3.6.1-bin\mvn_repository\com\google\j2objc\j2objc-annotations\1.3\j2objc-annotations-1.3.jar;D:\develop\apache-maven-3.6.1-bin\mvn_repository\org\codehaus\mojo\animal-sniffer-annotations\1.17\animal-sniffer-annotations-1.17.jar;D:\develop\apache-maven-3.6.1-bin\mvn_repository\org\springframework\spring-web\5.1.7.RELEASE\spring-web-5.1.7.RELEASE.jar;D:\Projects\IdeaProjects\xcEduService01\xc-service-api\target\xc-service-api.jar;D:\develop\apache-maven-3.6.1-bin\mvn_repository\commons-fileupload\commons-fileupload\1.3.3\commons-fileupload-1.3.3.jar;D:\develop\apache-maven-3.6.1-bin\mvn_repository\io\springfox\springfox-swagger-ui\2.9.2\springfox-swagger-ui-2.9.2.jar;D:\develop\apache-maven-3.6.1-bin\mvn_repository\org\springframework\boot\spring-boot-starter-web\2.1.5.RELEASE\spring-boot-starter-web-2.1.5.RELEASE.jar;D:\develop\apache-maven-3.6.1-bin\mvn_repository\org\springframework\boot\spring-boot-starter\2.1.5.RELEASE\spring-boot-starter-2.1.5.RELEASE.jar;D:\develop\apache-maven-3.6.1-bin\mvn_repository\org\springframework\boot\spring-boot\2.1.5.RELEASE\spring-boot-2.1.5.RELEASE.jar;D:\develop\apache-maven-3.6.1-bin\mvn_repository\org\springframework\boot\spring-boot-autoconfigure\2.1.5.RELEASE\spring-boot-autoconfigure-2.1.5.RELEASE.jar;D:\develop\apache-maven-3.6.1-bin\mvn_repository\javax\annotation\javax.annotation-api\1.3.2\javax.annotation-api-1.3.2.jar;D:\develop\apache-maven-3.6.1-bin\mvn_repository\org\yaml\snakeyaml\1.23\snakeyaml-1.23.jar;D:\develop\apache-maven-3.6.1-bin\mvn_repository\org\springframework\boot\spring-boot-starter-json\2.1.5.RELEASE\spring-boot-starter-json-2.1.5.RELEASE.jar;D:\develop\apache-maven-3.6.1-bin\mvn_repository\com\fasterxml\jackson\core\jackson-databind\2.9.9\jackson-databind-2.9.9.jar;D:\develop\apache-maven-3.6.1-bin\mvn_repository\com\fasterxml\jackson\datatype\jackson-datatype-jdk8\2.9.8\jackson-datatype-jdk8-2.9.8.jar;D:\develop\apache-maven-3.6.1-bin\mvn_repository\com\fasterxml\jackson\datatype\jackson-datatype-jsr310\2.9.8\jackson-datatype-jsr310-2.9.8.jar;D:\develop\apache-maven-3.6.1-bin\mvn_repository\com\fasterxml\jackson\module\jackson-module-parameter-names\2.9.8\jackson-module-parameter-names-2.9.8.jar;D:\develop\apache-maven-3.6.1-bin\mvn_repository\org\springframework\boot\spring-boot-starter-tomcat\2.1.5.RELEASE\spring-boot-starter-tomcat-2.1.5.RELEASE.jar;D:\develop\apache-maven-3.6.1-bin\mvn_repository\org\apache\tomcat\embed\tomcat-embed-core\9.0.19\tomcat-embed-core-9.0.19.jar;D:\develop\apache-maven-3.6.1-bin\mvn_repository\org\apache\tomcat\embed\tomcat-embed-el\9.0.19\tomcat-embed-el-9.0.19.jar;D:\develop\apache-maven-3.6.1-bin\mvn_repository\org\apache\tomcat\embed\tomcat-embed-websocket\9.0.19\tomcat-embed-websocket-9.0.19.jar;D:\develop\apache-maven-3.6.1-bin\mvn_repository\org\hibernate\validator\hibernate-validator\6.0.16.Final\hibernate-validator-6.0.16.Final.jar;D:\develop\apache-maven-3.6.1-bin\mvn_repository\javax\validation\validation-api\2.0.1.Final\validation-api-2.0.1.Final.jar;D:\develop\apache-maven-3.6.1-bin\mvn_repository\org\springframework\spring-webmvc\5.1.7.RELEASE\spring-webmvc-5.1.7.RELEASE.jar;D:\develop\apache-maven-3.6.1-bin\mvn_repository\org\springframework\spring-aop\5.1.7.RELEASE\spring-aop-5.1.7.RELEASE.jar;D:\develop\apache-maven-3.6.1-bin\mvn_repository\org\elasticsearch\client\elasticsearch-rest-high-level-client\7.1.1\elasticsearch-rest-high-level-client-7.1.1.jar;D:\develop\apache-maven-3.6.1-bin\mvn_repository\org\elasticsearch\client\elasticsearch-rest-client\6.4.3\elasticsearch-rest-client-6.4.3.jar;D:\develop\apache-maven-3.6.1-bin\mvn_repository\org\apache\httpcomponents\httpcore\4.4.11\httpcore-4.4.11.jar;D:\develop\apache-maven-3.6.1-bin\mvn_repository\org\apache\httpcomponents\httpasyncclient\4.1.4\httpasyncclient-4.1.4.jar;D:\develop\apache-maven-3.6.1-bin\mvn_repository\org\apache\httpcomponents\httpcore-nio\4.4.11\httpcore-nio-4.4.11.jar;D:\develop\apache-maven-3.6.1-bin\mvn_repository\commons-codec\commons-codec\1.11\commons-codec-1.11.jar;D:\develop\apache-maven-3.6.1-bin\mvn_repository\org\elasticsearch\plugin\parent-join-client\7.1.1\parent-join-client-7.1.1.jar;D:\develop\apache-maven-3.6.1-bin\mvn_repository\org\elasticsearch\plugin\aggs-matrix-stats-client\7.1.1\aggs-matrix-stats-client-7.1.1.jar;D:\develop\apache-maven-3.6.1-bin\mvn_repository\org\elasticsearch\plugin\rank-eval-client\7.1.1\rank-eval-client-7.1.1.jar;D:\develop\apache-maven-3.6.1-bin\mvn_repository\org\elasticsearch\plugin\lang-mustache-client\7.1.1\lang-mustache-client-7.1.1.jar;D:\develop\apache-maven-3.6.1-bin\mvn_repository\com\github\spullara\mustache\java\compiler\0.9.3\compiler-0.9.3.jar;D:\develop\apache-maven-3.6.1-bin\mvn_repository\org\elasticsearch\elasticsearch\7.1.1\elasticsearch-7.1.1.jar;D:\develop\apache-maven-3.6.1-bin\mvn_repository\org\elasticsearch\elasticsearch-core\7.1.1\elasticsearch-core-7.1.1.jar;D:\develop\apache-maven-3.6.1-bin\mvn_repository\org\elasticsearch\elasticsearch-secure-sm\7.1.1\elasticsearch-secure-sm-7.1.1.jar;D:\develop\apache-maven-3.6.1-bin\mvn_repository\org\elasticsearch\elasticsearch-x-content\7.1.1\elasticsearch-x-content-7.1.1.jar;D:\develop\apache-maven-3.6.1-bin\mvn_repository\com\fasterxml\jackson\core\jackson-core\2.9.9\jackson-core-2.9.9.jar;D:\develop\apache-maven-3.6.1-bin\mvn_repository\com\fasterxml\jackson\dataformat\jackson-dataformat-smile\2.9.8\jackson-dataformat-smile-2.9.8.jar;D:\develop\apache-maven-3.6.1-bin\mvn_repository\com\fasterxml\jackson\dataformat\jackson-dataformat-yaml\2.9.8\jackson-dataformat-yaml-2.9.8.jar;D:\develop\apache-maven-3.6.1-bin\mvn_repository\com\fasterxml\jackson\dataformat\jackson-dataformat-cbor\2.9.8\jackson-dataformat-cbor-2.9.8.jar;D:\develop\apache-maven-3.6.1-bin\mvn_repository\org\elasticsearch\elasticsearch-geo\7.1.1\elasticsearch-geo-7.1.1.jar;D:\develop\apache-maven-3.6.1-bin\mvn_repository\org\apache\lucene\lucene-core\8.0.0\lucene-core-8.0.0.jar;D:\develop\apache-maven-3.6.1-bin\mvn_repository\org\apache\lucene\lucene-analyzers-common\8.0.0\lucene-analyzers-common-8.0.0.jar;D:\develop\apache-maven-3.6.1-bin\mvn_repository\org\apache\lucene\lucene-backward-codecs\8.0.0\lucene-backward-codecs-8.0.0.jar;D:\develop\apache-maven-3.6.1-bin\mvn_repository\org\apache\lucene\lucene-grouping\8.0.0\lucene-grouping-8.0.0.jar;D:\develop\apache-maven-3.6.1-bin\mvn_repository\org\apache\lucene\lucene-highlighter\8.0.0\lucene-highlighter-8.0.0.jar;D:\develop\apache-maven-3.6.1-bin\mvn_repository\org\apache\lucene\lucene-join\8.0.0\lucene-join-8.0.0.jar;D:\develop\apache-maven-3.6.1-bin\mvn_repository\org\apache\lucene\lucene-memory\8.0.0\lucene-memory-8.0.0.jar;D:\develop\apache-maven-3.6.1-bin\mvn_repository\org\apache\lucene\lucene-misc\8.0.0\lucene-misc-8.0.0.jar;D:\develop\apache-maven-3.6.1-bin\mvn_repository\org\apache\lucene\lucene-queries\8.0.0\lucene-queries-8.0.0.jar;D:\develop\apache-maven-3.6.1-bin\mvn_repository\org\apache\lucene\lucene-queryparser\8.0.0\lucene-queryparser-8.0.0.jar;D:\develop\apache-maven-3.6.1-bin\mvn_repository\org\apache\lucene\lucene-sandbox\8.0.0\lucene-sandbox-8.0.0.jar;D:\develop\apache-maven-3.6.1-bin\mvn_repository\org\apache\lucene\lucene-spatial\8.0.0\lucene-spatial-8.0.0.jar;D:\develop\apache-maven-3.6.1-bin\mvn_repository\org\apache\lucene\lucene-spatial-extras\8.0.0\lucene-spatial-extras-8.0.0.jar;D:\develop\apache-maven-3.6.1-bin\mvn_repository\org\apache\lucene\lucene-spatial3d\8.0.0\lucene-spatial3d-8.0.0.jar;D:\develop\apache-maven-3.6.1-bin\mvn_repository\org\apache\lucene\lucene-suggest\8.0.0\lucene-suggest-8.0.0.jar;D:\develop\apache-maven-3.6.1-bin\mvn_repository\org\elasticsearch\elasticsearch-cli\7.1.1\elasticsearch-cli-7.1.1.jar;D:\develop\apache-maven-3.6.1-bin\mvn_repository\net\sf\jopt-simple\jopt-simple\5.0.2\jopt-simple-5.0.2.jar;D:\develop\apache-maven-3.6.1-bin\mvn_repository\com\carrotsearch\hppc\0.7.1\hppc-0.7.1.jar;D:\develop\apache-maven-3.6.1-bin\mvn_repository\joda-time\joda-time\2.10.2\joda-time-2.10.2.jar;D:\develop\apache-maven-3.6.1-bin\mvn_repository\com\tdunning\t-digest\3.2\t-digest-3.2.jar;D:\develop\apache-maven-3.6.1-bin\mvn_repository\org\hdrhistogram\HdrHistogram\2.1.9\HdrHistogram-2.1.9.jar;D:\develop\apache-maven-3.6.1-bin\mvn_repository\org\apache\logging\log4j\log4j-api\2.11.2\log4j-api-2.11.2.jar;D:\develop\apache-maven-3.6.1-bin\mvn_repository\org\elasticsearch\jna\4.5.1\jna-4.5.1.jar;D:\develop\apache-maven-3.6.1-bin\mvn_repository\org\springframework\boot\spring-boot-starter-test\2.1.5.RELEASE\spring-boot-starter-test-2.1.5.RELEASE.jar;D:\develop\apache-maven-3.6.1-bin\mvn_repository\org\springframework\boot\spring-boot-test\2.1.5.RELEASE\spring-boot-test-2.1.5.RELEASE.jar;D:\develop\apache-maven-3.6.1-bin\mvn_repository\org\springframework\boot\spring-boot-test-autoconfigure\2.1.5.RELEASE\spring-boot-test-autoconfigure-2.1.5.RELEASE.jar;D:\develop\apache-maven-3.6.1-bin\mvn_repository\com\jayway\jsonpath\json-path\2.4.0\json-path-2.4.0.jar;D:\develop\apache-maven-3.6.1-bin\mvn_repository\net\minidev\json-smart\2.3\json-smart-2.3.jar;D:\develop\apache-maven-3.6.1-bin\mvn_repository\net\minidev\accessors-smart\1.2\accessors-smart-1.2.jar;D:\develop\apache-maven-3.6.1-bin\mvn_repository\org\ow2\asm\asm\5.0.4\asm-5.0.4.jar;D:\develop\apache-maven-3.6.1-bin\mvn_repository\junit\junit\4.12\junit-4.12.jar;D:\develop\apache-maven-3.6.1-bin\mvn_repository\org\assertj\assertj-core\3.11.1\assertj-core-3.11.1.jar;D:\develop\apache-maven-3.6.1-bin\mvn_repository\org\mockito\mockito-core\2.23.4\mockito-core-2.23.4.jar;D:\develop\apache-maven-3.6.1-bin\mvn_repository\net\bytebuddy\byte-buddy-agent\1.9.12\byte-buddy-agent-1.9.12.jar;D:\develop\apache-maven-3.6.1-bin\mvn_repository\org\objenesis\objenesis\2.6\objenesis-2.6.jar;D:\develop\apache-maven-3.6.1-bin\mvn_repository\org\hamcrest\hamcrest-core\1.3\hamcrest-core-1.3.jar;D:\develop\apache-maven-3.6.1-bin\mvn_repository\org\hamcrest\hamcrest-library\1.3\hamcrest-library-1.3.jar;D:\develop\apache-maven-3.6.1-bin\mvn_repository\org\skyscreamer\jsonassert\1.5.0\jsonassert-1.5.0.jar;D:\develop\apache-maven-3.6.1-bin\mvn_repository\com\vaadin\external\google\android-json\0.0.20131108.vaadin1\android-json-0.0.20131108.vaadin1.jar;D:\develop\apache-maven-3.6.1-bin\mvn_repository\org\springframework\spring-core\5.1.7.RELEASE\spring-core-5.1.7.RELEASE.jar;D:\develop\apache-maven-3.6.1-bin\mvn_repository\org\springframework\spring-jcl\5.1.7.RELEASE\spring-jcl-5.1.7.RELEASE.jar;D:\develop\apache-maven-3.6.1-bin\mvn_repository\org\springframework\spring-test\5.1.7.RELEASE\spring-test-5.1.7.RELEASE.jar;D:\develop\apache-maven-3.6.1-bin\mvn_repository\org\xmlunit\xmlunit-core\2.6.2\xmlunit-core-2.6.2.jar;D:\develop\apache-maven-3.6.1-bin\mvn_repository\com\alibaba\fastjson\1.2.58\fastjson-1.2.58.jar;D:\develop\apache-maven-3.6.1-bin\mvn_repository\commons-io\commons-io\2.6\commons-io-2.6.jar;D:\develop\apache-maven-3.6.1-bin\mvn_repository\org\apache\commons\commons-lang3\3.8.1\commons-lang3-3.8.1.jar;D:\develop\apache-maven-3.6.1-bin\mvn_repository\mysql\mysql-connector-java\8.0.16\mysql-connector-java-8.0.16.jar;D:\develop\apache-maven-3.6.1-bin\mvn_repository\com\google\protobuf\protobuf-java\3.6.1\protobuf-java-3.6.1.jar;D:\develop\apache-maven-3.6.1-bin\mvn_repository\commons-beanutils\commons-beanutils\1.9.3\commons-beanutils-1.9.3.jar;D:\develop\apache-maven-3.6.1-bin\mvn_repository\commons-logging\commons-logging\1.2\commons-logging-1.2.jar;D:\develop\apache-maven-3.6.1-bin\mvn_repository\commons-collections\commons-collections\3.2.2\commons-collections-3.2.2.jar;D:\develop\apache-maven-3.6.1-bin\mvn_repository\org\springframework\cloud\spring-cloud-netflix-eureka-client\2.1.1.RELEASE\spring-cloud-netflix-eureka-client-2.1.1.RELEASE.jar;D:\develop\apache-maven-3.6.1-bin\mvn_repository\org\springframework\cloud\spring-cloud-netflix-hystrix\2.1.1.RELEASE\spring-cloud-netflix-hystrix-2.1.1.RELEASE.jar;D:\develop\apache-maven-3.6.1-bin\mvn_repository\org\springframework\boot\spring-boot-starter-aop\2.1.5.RELEASE\spring-boot-starter-aop-2.1.5.RELEASE.jar;D:\develop\apache-maven-3.6.1-bin\mvn_repository\org\aspectj\aspectjweaver\1.9.4\aspectjweaver-1.9.4.jar;"/>
    <property name="java.vm.vendor" value="Oracle Corporation"/>
    <property name="sun.arch.data.model" value="64"/>
    <property name="user.variant" value=""/>
    <property name="java.vendor.url" value="http://java.oracle.com/"/>
    <property name="user.timezone" value="Asia/Shanghai"/>
    <property name="java.vm.specification.version" value="1.8"/>
    <property name="os.name" value="Windows 10"/>
    <property name="user.country" value="CN"/>
    <property name="sun.java.launcher" value="SUN_STANDARD"/>
    <property name="sun.boot.library.path" value="D:\develop\jdk\jdk1.8.0_211\jre\bin"/>
    <property name="sun.java.command" value="C:\Users\ADMINI~1\AppData\Local\Temp\surefire6277262675416823382\surefirebooter5287675175351039785.jar C:\Users\Administrator\AppData\Local\Temp\surefire6277262675416823382 2019-07-01T17-15-34_938-jvmRun1 surefire4113129959891245587tmp surefire_02576806784694564179tmp"/>
    <property name="surefire.test.class.path" value="D:\Projects\IdeaProjects\xcEduService01\xc-service-search\target\test-classes;D:\Projects\IdeaProjects\xcEduService01\xc-service-search\target\classes;D:\Projects\IdeaProjects\xcEduService01\xc-framework-model\target\xc-framework-model.jar;D:\Projects\IdeaProjects\xcEduService01\xc-framework-utils\target\xc-framework-utils.jar;D:\develop\apache-maven-3.6.1-bin\mvn_repository\javax\servlet\javax.servlet-api\4.0.1\javax.servlet-api-4.0.1.jar;D:\develop\apache-maven-3.6.1-bin\mvn_repository\org\springframework\boot\spring-boot-starter-logging\2.1.5.RELEASE\spring-boot-starter-logging-2.1.5.RELEASE.jar;D:\develop\apache-maven-3.6.1-bin\mvn_repository\ch\qos\logback\logback-classic\1.2.3\logback-classic-1.2.3.jar;D:\develop\apache-maven-3.6.1-bin\mvn_repository\ch\qos\logback\logback-core\1.2.3\logback-core-1.2.3.jar;D:\develop\apache-maven-3.6.1-bin\mvn_repository\org\apache\logging\log4j\log4j-to-slf4j\2.11.2\log4j-to-slf4j-2.11.2.jar;D:\develop\apache-maven-3.6.1-bin\mvn_repository\org\slf4j\jul-to-slf4j\1.7.26\jul-to-slf4j-1.7.26.jar;D:\develop\apache-maven-3.6.1-bin\mvn_repository\org\apache\httpcomponents\httpclient\4.5.3\httpclient-4.5.3.jar;D:\develop\apache-maven-3.6.1-bin\mvn_repository\net\lingala\zip4j\zip4j\1.3.1\zip4j-1.3.1.jar;D:\develop\apache-maven-3.6.1-bin\mvn_repository\org\springframework\security\spring-security-crypto\5.1.5.RELEASE\spring-security-crypto-5.1.5.RELEASE.jar;D:\develop\apache-maven-3.6.1-bin\mvn_repository\org\springframework\security\spring-security-jwt\1.0.8.RELEASE\spring-security-jwt-1.0.8.RELEASE.jar;D:\develop\apache-maven-3.6.1-bin\mvn_repository\org\bouncycastle\bcpkix-jdk15on\1.56\bcpkix-jdk15on-1.56.jar;D:\develop\apache-maven-3.6.1-bin\mvn_repository\org\bouncycastle\bcprov-jdk15on\1.56\bcprov-jdk15on-1.56.jar;D:\develop\apache-maven-3.6.1-bin\mvn_repository\io\springfox\springfox-swagger2\2.9.2\springfox-swagger2-2.9.2.jar;D:\develop\apache-maven-3.6.1-bin\mvn_repository\io\swagger\swagger-annotations\1.5.20\swagger-annotations-1.5.20.jar;D:\develop\apache-maven-3.6.1-bin\mvn_repository\io\swagger\swagger-models\1.5.20\swagger-models-1.5.20.jar;D:\develop\apache-maven-3.6.1-bin\mvn_repository\com\fasterxml\jackson\core\jackson-annotations\2.9.9\jackson-annotations-2.9.9.jar;D:\develop\apache-maven-3.6.1-bin\mvn_repository\io\springfox\springfox-spi\2.9.2\springfox-spi-2.9.2.jar;D:\develop\apache-maven-3.6.1-bin\mvn_repository\io\springfox\springfox-core\2.9.2\springfox-core-2.9.2.jar;D:\develop\apache-maven-3.6.1-bin\mvn_repository\io\springfox\springfox-schema\2.9.2\springfox-schema-2.9.2.jar;D:\develop\apache-maven-3.6.1-bin\mvn_repository\io\springfox\springfox-swagger-common\2.9.2\springfox-swagger-common-2.9.2.jar;D:\develop\apache-maven-3.6.1-bin\mvn_repository\io\springfox\springfox-spring-web\2.9.2\springfox-spring-web-2.9.2.jar;D:\develop\apache-maven-3.6.1-bin\mvn_repository\com\fasterxml\classmate\1.4.0\classmate-1.4.0.jar;D:\develop\apache-maven-3.6.1-bin\mvn_repository\org\slf4j\slf4j-api\1.7.26\slf4j-api-1.7.26.jar;D:\develop\apache-maven-3.6.1-bin\mvn_repository\org\springframework\plugin\spring-plugin-core\1.2.0.RELEASE\spring-plugin-core-1.2.0.RELEASE.jar;D:\develop\apache-maven-3.6.1-bin\mvn_repository\org\springframework\plugin\spring-plugin-metadata\1.2.0.RELEASE\spring-plugin-metadata-1.2.0.RELEASE.jar;D:\develop\apache-maven-3.6.1-bin\mvn_repository\org\mapstruct\mapstruct\1.2.0.Final\mapstruct-1.2.0.Final.jar;D:\develop\apache-maven-3.6.1-bin\mvn_repository\org\projectlombok\lombok\1.18.8\lombok-1.18.8.jar;D:\develop\apache-maven-3.6.1-bin\mvn_repository\org\springframework\data\spring-data-commons\2.1.8.RELEASE\spring-data-commons-2.1.8.RELEASE.jar;D:\develop\apache-maven-3.6.1-bin\mvn_repository\org\springframework\spring-beans\5.1.7.RELEASE\spring-beans-5.1.7.RELEASE.jar;D:\develop\apache-maven-3.6.1-bin\mvn_repository\org\springframework\data\spring-data-mongodb\2.1.8.RELEASE\spring-data-mongodb-2.1.8.RELEASE.jar;D:\develop\apache-maven-3.6.1-bin\mvn_repository\org\springframework\spring-tx\5.1.7.RELEASE\spring-tx-5.1.7.RELEASE.jar;D:\develop\apache-maven-3.6.1-bin\mvn_repository\org\springframework\spring-context\5.1.7.RELEASE\spring-context-5.1.7.RELEASE.jar;D:\develop\apache-maven-3.6.1-bin\mvn_repository\org\springframework\spring-expression\5.1.7.RELEASE\spring-expression-5.1.7.RELEASE.jar;D:\develop\apache-maven-3.6.1-bin\mvn_repository\org\mongodb\mongo-java-driver\3.8.2\mongo-java-driver-3.8.2.jar;D:\develop\apache-maven-3.6.1-bin\mvn_repository\org\hibernate\hibernate-core\5.3.10.Final\hibernate-core-5.3.10.Final.jar;D:\develop\apache-maven-3.6.1-bin\mvn_repository\org\jboss\logging\jboss-logging\3.3.2.Final\jboss-logging-3.3.2.Final.jar;D:\develop\apache-maven-3.6.1-bin\mvn_repository\javax\persistence\javax.persistence-api\2.2\javax.persistence-api-2.2.jar;D:\develop\apache-maven-3.6.1-bin\mvn_repository\org\javassist\javassist\3.23.2-GA\javassist-3.23.2-GA.jar;D:\develop\apache-maven-3.6.1-bin\mvn_repository\net\bytebuddy\byte-buddy\1.9.12\byte-buddy-1.9.12.jar;D:\develop\apache-maven-3.6.1-bin\mvn_repository\antlr\antlr\2.7.7\antlr-2.7.7.jar;D:\develop\apache-maven-3.6.1-bin\mvn_repository\org\jboss\spec\javax\transaction\jboss-transaction-api_1.2_spec\1.1.1.Final\jboss-transaction-api_1.2_spec-1.1.1.Final.jar;D:\develop\apache-maven-3.6.1-bin\mvn_repository\org\jboss\jandex\2.0.5.Final\jandex-2.0.5.Final.jar;D:\develop\apache-maven-3.6.1-bin\mvn_repository\javax\activation\javax.activation-api\1.2.0\javax.activation-api-1.2.0.jar;D:\develop\apache-maven-3.6.1-bin\mvn_repository\org\dom4j\dom4j\2.1.1\dom4j-2.1.1.jar;D:\develop\apache-maven-3.6.1-bin\mvn_repository\org\hibernate\common\hibernate-commons-annotations\5.0.4.Final\hibernate-commons-annotations-5.0.4.Final.jar;D:\develop\apache-maven-3.6.1-bin\mvn_repository\com\github\pagehelper\pagehelper-spring-boot-starter\1.2.12\pagehelper-spring-boot-starter-1.2.12.jar;D:\develop\apache-maven-3.6.1-bin\mvn_repository\org\mybatis\spring\boot\mybatis-spring-boot-starter\2.0.1\mybatis-spring-boot-starter-2.0.1.jar;D:\develop\apache-maven-3.6.1-bin\mvn_repository\org\springframework\boot\spring-boot-starter-jdbc\2.1.5.RELEASE\spring-boot-starter-jdbc-2.1.5.RELEASE.jar;D:\develop\apache-maven-3.6.1-bin\mvn_repository\com\zaxxer\HikariCP\3.2.0\HikariCP-3.2.0.jar;D:\develop\apache-maven-3.6.1-bin\mvn_repository\org\springframework\spring-jdbc\5.1.7.RELEASE\spring-jdbc-5.1.7.RELEASE.jar;D:\develop\apache-maven-3.6.1-bin\mvn_repository\org\mybatis\spring\boot\mybatis-spring-boot-autoconfigure\2.0.1\mybatis-spring-boot-autoconfigure-2.0.1.jar;D:\develop\apache-maven-3.6.1-bin\mvn_repository\org\mybatis\mybatis\3.5.1\mybatis-3.5.1.jar;D:\develop\apache-maven-3.6.1-bin\mvn_repository\org\mybatis\mybatis-spring\2.0.1\mybatis-spring-2.0.1.jar;D:\develop\apache-maven-3.6.1-bin\mvn_repository\com\github\pagehelper\pagehelper-spring-boot-autoconfigure\1.2.12\pagehelper-spring-boot-autoconfigure-1.2.12.jar;D:\develop\apache-maven-3.6.1-bin\mvn_repository\com\github\pagehelper\pagehelper\5.1.10\pagehelper-5.1.10.jar;D:\develop\apache-maven-3.6.1-bin\mvn_repository\com\github\jsqlparser\jsqlparser\2.0\jsqlparser-2.0.jar;D:\Projects\IdeaProjects\xcEduService01\xc-framework-common\target\xc-framework-common.jar;D:\develop\apache-maven-3.6.1-bin\mvn_repository\com\google\guava\guava\28.0-jre\guava-28.0-jre.jar;D:\develop\apache-maven-3.6.1-bin\mvn_repository\com\google\guava\failureaccess\1.0.1\failureaccess-1.0.1.jar;D:\develop\apache-maven-3.6.1-bin\mvn_repository\com\google\guava\listenablefuture\9999.0-empty-to-avoid-conflict-with-guava\listenablefuture-9999.0-empty-to-avoid-conflict-with-guava.jar;D:\develop\apache-maven-3.6.1-bin\mvn_repository\com\google\code\findbugs\jsr305\3.0.2\jsr305-3.0.2.jar;D:\develop\apache-maven-3.6.1-bin\mvn_repository\org\checkerframework\checker-qual\2.8.1\checker-qual-2.8.1.jar;D:\develop\apache-maven-3.6.1-bin\mvn_repository\com\google\errorprone\error_prone_annotations\2.3.2\error_prone_annotations-2.3.2.jar;D:\develop\apache-maven-3.6.1-bin\mvn_repository\com\google\j2objc\j2objc-annotations\1.3\j2objc-annotations-1.3.jar;D:\develop\apache-maven-3.6.1-bin\mvn_repository\org\codehaus\mojo\animal-sniffer-annotations\1.17\animal-sniffer-annotations-1.17.jar;D:\develop\apache-maven-3.6.1-bin\mvn_repository\org\springframework\spring-web\5.1.7.RELEASE\spring-web-5.1.7.RELEASE.jar;D:\Projects\IdeaProjects\xcEduService01\xc-service-api\target\xc-service-api.jar;D:\develop\apache-maven-3.6.1-bin\mvn_repository\commons-fileupload\commons-fileupload\1.3.3\commons-fileupload-1.3.3.jar;D:\develop\apache-maven-3.6.1-bin\mvn_repository\io\springfox\springfox-swagger-ui\2.9.2\springfox-swagger-ui-2.9.2.jar;D:\develop\apache-maven-3.6.1-bin\mvn_repository\org\springframework\boot\spring-boot-starter-web\2.1.5.RELEASE\spring-boot-starter-web-2.1.5.RELEASE.jar;D:\develop\apache-maven-3.6.1-bin\mvn_repository\org\springframework\boot\spring-boot-starter\2.1.5.RELEASE\spring-boot-starter-2.1.5.RELEASE.jar;D:\develop\apache-maven-3.6.1-bin\mvn_repository\org\springframework\boot\spring-boot\2.1.5.RELEASE\spring-boot-2.1.5.RELEASE.jar;D:\develop\apache-maven-3.6.1-bin\mvn_repository\org\springframework\boot\spring-boot-autoconfigure\2.1.5.RELEASE\spring-boot-autoconfigure-2.1.5.RELEASE.jar;D:\develop\apache-maven-3.6.1-bin\mvn_repository\javax\annotation\javax.annotation-api\1.3.2\javax.annotation-api-1.3.2.jar;D:\develop\apache-maven-3.6.1-bin\mvn_repository\org\yaml\snakeyaml\1.23\snakeyaml-1.23.jar;D:\develop\apache-maven-3.6.1-bin\mvn_repository\org\springframework\boot\spring-boot-starter-json\2.1.5.RELEASE\spring-boot-starter-json-2.1.5.RELEASE.jar;D:\develop\apache-maven-3.6.1-bin\mvn_repository\com\fasterxml\jackson\core\jackson-databind\2.9.9\jackson-databind-2.9.9.jar;D:\develop\apache-maven-3.6.1-bin\mvn_repository\com\fasterxml\jackson\datatype\jackson-datatype-jdk8\2.9.8\jackson-datatype-jdk8-2.9.8.jar;D:\develop\apache-maven-3.6.1-bin\mvn_repository\com\fasterxml\jackson\datatype\jackson-datatype-jsr310\2.9.8\jackson-datatype-jsr310-2.9.8.jar;D:\develop\apache-maven-3.6.1-bin\mvn_repository\com\fasterxml\jackson\module\jackson-module-parameter-names\2.9.8\jackson-module-parameter-names-2.9.8.jar;D:\develop\apache-maven-3.6.1-bin\mvn_repository\org\springframework\boot\spring-boot-starter-tomcat\2.1.5.RELEASE\spring-boot-starter-tomcat-2.1.5.RELEASE.jar;D:\develop\apache-maven-3.6.1-bin\mvn_repository\org\apache\tomcat\embed\tomcat-embed-core\9.0.19\tomcat-embed-core-9.0.19.jar;D:\develop\apache-maven-3.6.1-bin\mvn_repository\org\apache\tomcat\embed\tomcat-embed-el\9.0.19\tomcat-embed-el-9.0.19.jar;D:\develop\apache-maven-3.6.1-bin\mvn_repository\org\apache\tomcat\embed\tomcat-embed-websocket\9.0.19\tomcat-embed-websocket-9.0.19.jar;D:\develop\apache-maven-3.6.1-bin\mvn_repository\org\hibernate\validator\hibernate-validator\6.0.16.Final\hibernate-validator-6.0.16.Final.jar;D:\develop\apache-maven-3.6.1-bin\mvn_repository\javax\validation\validation-api\2.0.1.Final\validation-api-2.0.1.Final.jar;D:\develop\apache-maven-3.6.1-bin\mvn_repository\org\springframework\spring-webmvc\5.1.7.RELEASE\spring-webmvc-5.1.7.RELEASE.jar;D:\develop\apache-maven-3.6.1-bin\mvn_repository\org\springframework\spring-aop\5.1.7.RELEASE\spring-aop-5.1.7.RELEASE.jar;D:\develop\apache-maven-3.6.1-bin\mvn_repository\org\elasticsearch\client\elasticsearch-rest-high-level-client\7.1.1\elasticsearch-rest-high-level-client-7.1.1.jar;D:\develop\apache-maven-3.6.1-bin\mvn_repository\org\elasticsearch\client\elasticsearch-rest-client\6.4.3\elasticsearch-rest-client-6.4.3.jar;D:\develop\apache-maven-3.6.1-bin\mvn_repository\org\apache\httpcomponents\httpcore\4.4.11\httpcore-4.4.11.jar;D:\develop\apache-maven-3.6.1-bin\mvn_repository\org\apache\httpcomponents\httpasyncclient\4.1.4\httpasyncclient-4.1.4.jar;D:\develop\apache-maven-3.6.1-bin\mvn_repository\org\apache\httpcomponents\httpcore-nio\4.4.11\httpcore-nio-4.4.11.jar;D:\develop\apache-maven-3.6.1-bin\mvn_repository\commons-codec\commons-codec\1.11\commons-codec-1.11.jar;D:\develop\apache-maven-3.6.1-bin\mvn_repository\org\elasticsearch\plugin\parent-join-client\7.1.1\parent-join-client-7.1.1.jar;D:\develop\apache-maven-3.6.1-bin\mvn_repository\org\elasticsearch\plugin\aggs-matrix-stats-client\7.1.1\aggs-matrix-stats-client-7.1.1.jar;D:\develop\apache-maven-3.6.1-bin\mvn_repository\org\elasticsearch\plugin\rank-eval-client\7.1.1\rank-eval-client-7.1.1.jar;D:\develop\apache-maven-3.6.1-bin\mvn_repository\org\elasticsearch\plugin\lang-mustache-client\7.1.1\lang-mustache-client-7.1.1.jar;D:\develop\apache-maven-3.6.1-bin\mvn_repository\com\github\spullara\mustache\java\compiler\0.9.3\compiler-0.9.3.jar;D:\develop\apache-maven-3.6.1-bin\mvn_repository\org\elasticsearch\elasticsearch\7.1.1\elasticsearch-7.1.1.jar;D:\develop\apache-maven-3.6.1-bin\mvn_repository\org\elasticsearch\elasticsearch-core\7.1.1\elasticsearch-core-7.1.1.jar;D:\develop\apache-maven-3.6.1-bin\mvn_repository\org\elasticsearch\elasticsearch-secure-sm\7.1.1\elasticsearch-secure-sm-7.1.1.jar;D:\develop\apache-maven-3.6.1-bin\mvn_repository\org\elasticsearch\elasticsearch-x-content\7.1.1\elasticsearch-x-content-7.1.1.jar;D:\develop\apache-maven-3.6.1-bin\mvn_repository\com\fasterxml\jackson\core\jackson-core\2.9.9\jackson-core-2.9.9.jar;D:\develop\apache-maven-3.6.1-bin\mvn_repository\com\fasterxml\jackson\dataformat\jackson-dataformat-smile\2.9.8\jackson-dataformat-smile-2.9.8.jar;D:\develop\apache-maven-3.6.1-bin\mvn_repository\com\fasterxml\jackson\dataformat\jackson-dataformat-yaml\2.9.8\jackson-dataformat-yaml-2.9.8.jar;D:\develop\apache-maven-3.6.1-bin\mvn_repository\com\fasterxml\jackson\dataformat\jackson-dataformat-cbor\2.9.8\jackson-dataformat-cbor-2.9.8.jar;D:\develop\apache-maven-3.6.1-bin\mvn_repository\org\elasticsearch\elasticsearch-geo\7.1.1\elasticsearch-geo-7.1.1.jar;D:\develop\apache-maven-3.6.1-bin\mvn_repository\org\apache\lucene\lucene-core\8.0.0\lucene-core-8.0.0.jar;D:\develop\apache-maven-3.6.1-bin\mvn_repository\org\apache\lucene\lucene-analyzers-common\8.0.0\lucene-analyzers-common-8.0.0.jar;D:\develop\apache-maven-3.6.1-bin\mvn_repository\org\apache\lucene\lucene-backward-codecs\8.0.0\lucene-backward-codecs-8.0.0.jar;D:\develop\apache-maven-3.6.1-bin\mvn_repository\org\apache\lucene\lucene-grouping\8.0.0\lucene-grouping-8.0.0.jar;D:\develop\apache-maven-3.6.1-bin\mvn_repository\org\apache\lucene\lucene-highlighter\8.0.0\lucene-highlighter-8.0.0.jar;D:\develop\apache-maven-3.6.1-bin\mvn_repository\org\apache\lucene\lucene-join\8.0.0\lucene-join-8.0.0.jar;D:\develop\apache-maven-3.6.1-bin\mvn_repository\org\apache\lucene\lucene-memory\8.0.0\lucene-memory-8.0.0.jar;D:\develop\apache-maven-3.6.1-bin\mvn_repository\org\apache\lucene\lucene-misc\8.0.0\lucene-misc-8.0.0.jar;D:\develop\apache-maven-3.6.1-bin\mvn_repository\org\apache\lucene\lucene-queries\8.0.0\lucene-queries-8.0.0.jar;D:\develop\apache-maven-3.6.1-bin\mvn_repository\org\apache\lucene\lucene-queryparser\8.0.0\lucene-queryparser-8.0.0.jar;D:\develop\apache-maven-3.6.1-bin\mvn_repository\org\apache\lucene\lucene-sandbox\8.0.0\lucene-sandbox-8.0.0.jar;D:\develop\apache-maven-3.6.1-bin\mvn_repository\org\apache\lucene\lucene-spatial\8.0.0\lucene-spatial-8.0.0.jar;D:\develop\apache-maven-3.6.1-bin\mvn_repository\org\apache\lucene\lucene-spatial-extras\8.0.0\lucene-spatial-extras-8.0.0.jar;D:\develop\apache-maven-3.6.1-bin\mvn_repository\org\apache\lucene\lucene-spatial3d\8.0.0\lucene-spatial3d-8.0.0.jar;D:\develop\apache-maven-3.6.1-bin\mvn_repository\org\apache\lucene\lucene-suggest\8.0.0\lucene-suggest-8.0.0.jar;D:\develop\apache-maven-3.6.1-bin\mvn_repository\org\elasticsearch\elasticsearch-cli\7.1.1\elasticsearch-cli-7.1.1.jar;D:\develop\apache-maven-3.6.1-bin\mvn_repository\net\sf\jopt-simple\jopt-simple\5.0.2\jopt-simple-5.0.2.jar;D:\develop\apache-maven-3.6.1-bin\mvn_repository\com\carrotsearch\hppc\0.7.1\hppc-0.7.1.jar;D:\develop\apache-maven-3.6.1-bin\mvn_repository\joda-time\joda-time\2.10.2\joda-time-2.10.2.jar;D:\develop\apache-maven-3.6.1-bin\mvn_repository\com\tdunning\t-digest\3.2\t-digest-3.2.jar;D:\develop\apache-maven-3.6.1-bin\mvn_repository\org\hdrhistogram\HdrHistogram\2.1.9\HdrHistogram-2.1.9.jar;D:\develop\apache-maven-3.6.1-bin\mvn_repository\org\apache\logging\log4j\log4j-api\2.11.2\log4j-api-2.11.2.jar;D:\develop\apache-maven-3.6.1-bin\mvn_repository\org\elasticsearch\jna\4.5.1\jna-4.5.1.jar;D:\develop\apache-maven-3.6.1-bin\mvn_repository\org\springframework\boot\spring-boot-starter-test\2.1.5.RELEASE\spring-boot-starter-test-2.1.5.RELEASE.jar;D:\develop\apache-maven-3.6.1-bin\mvn_repository\org\springframework\boot\spring-boot-test\2.1.5.RELEASE\spring-boot-test-2.1.5.RELEASE.jar;D:\develop\apache-maven-3.6.1-bin\mvn_repository\org\springframework\boot\spring-boot-test-autoconfigure\2.1.5.RELEASE\spring-boot-test-autoconfigure-2.1.5.RELEASE.jar;D:\develop\apache-maven-3.6.1-bin\mvn_repository\com\jayway\jsonpath\json-path\2.4.0\json-path-2.4.0.jar;D:\develop\apache-maven-3.6.1-bin\mvn_repository\net\minidev\json-smart\2.3\json-smart-2.3.jar;D:\develop\apache-maven-3.6.1-bin\mvn_repository\net\minidev\accessors-smart\1.2\accessors-smart-1.2.jar;D:\develop\apache-maven-3.6.1-bin\mvn_repository\org\ow2\asm\asm\5.0.4\asm-5.0.4.jar;D:\develop\apache-maven-3.6.1-bin\mvn_repository\junit\junit\4.12\junit-4.12.jar;D:\develop\apache-maven-3.6.1-bin\mvn_repository\org\assertj\assertj-core\3.11.1\assertj-core-3.11.1.jar;D:\develop\apache-maven-3.6.1-bin\mvn_repository\org\mockito\mockito-core\2.23.4\mockito-core-2.23.4.jar;D:\develop\apache-maven-3.6.1-bin\mvn_repository\net\bytebuddy\byte-buddy-agent\1.9.12\byte-buddy-agent-1.9.12.jar;D:\develop\apache-maven-3.6.1-bin\mvn_repository\org\objenesis\objenesis\2.6\objenesis-2.6.jar;D:\develop\apache-maven-3.6.1-bin\mvn_repository\org\hamcrest\hamcrest-core\1.3\hamcrest-core-1.3.jar;D:\develop\apache-maven-3.6.1-bin\mvn_repository\org\hamcrest\hamcrest-library\1.3\hamcrest-library-1.3.jar;D:\develop\apache-maven-3.6.1-bin\mvn_repository\org\skyscreamer\jsonassert\1.5.0\jsonassert-1.5.0.jar;D:\develop\apache-maven-3.6.1-bin\mvn_repository\com\vaadin\external\google\android-json\0.0.20131108.vaadin1\android-json-0.0.20131108.vaadin1.jar;D:\develop\apache-maven-3.6.1-bin\mvn_repository\org\springframework\spring-core\5.1.7.RELEASE\spring-core-5.1.7.RELEASE.jar;D:\develop\apache-maven-3.6.1-bin\mvn_repository\org\springframework\spring-jcl\5.1.7.RELEASE\spring-jcl-5.1.7.RELEASE.jar;D:\develop\apache-maven-3.6.1-bin\mvn_repository\org\springframework\spring-test\5.1.7.RELEASE\spring-test-5.1.7.RELEASE.jar;D:\develop\apache-maven-3.6.1-bin\mvn_repository\org\xmlunit\xmlunit-core\2.6.2\xmlunit-core-2.6.2.jar;D:\develop\apache-maven-3.6.1-bin\mvn_repository\com\alibaba\fastjson\1.2.58\fastjson-1.2.58.jar;D:\develop\apache-maven-3.6.1-bin\mvn_repository\commons-io\commons-io\2.6\commons-io-2.6.jar;D:\develop\apache-maven-3.6.1-bin\mvn_repository\org\apache\commons\commons-lang3\3.8.1\commons-lang3-3.8.1.jar;D:\develop\apache-maven-3.6.1-bin\mvn_repository\mysql\mysql-connector-java\8.0.16\mysql-connector-java-8.0.16.jar;D:\develop\apache-maven-3.6.1-bin\mvn_repository\com\google\protobuf\protobuf-java\3.6.1\protobuf-java-3.6.1.jar;D:\develop\apache-maven-3.6.1-bin\mvn_repository\commons-beanutils\commons-beanutils\1.9.3\commons-beanutils-1.9.3.jar;D:\develop\apache-maven-3.6.1-bin\mvn_repository\commons-logging\commons-logging\1.2\commons-logging-1.2.jar;D:\develop\apache-maven-3.6.1-bin\mvn_repository\commons-collections\commons-collections\3.2.2\commons-collections-3.2.2.jar;D:\develop\apache-maven-3.6.1-bin\mvn_repository\org\springframework\cloud\spring-cloud-netflix-eureka-client\2.1.1.RELEASE\spring-cloud-netflix-eureka-client-2.1.1.RELEASE.jar;D:\develop\apache-maven-3.6.1-bin\mvn_repository\org\springframework\cloud\spring-cloud-netflix-hystrix\2.1.1.RELEASE\spring-cloud-netflix-hystrix-2.1.1.RELEASE.jar;D:\develop\apache-maven-3.6.1-bin\mvn_repository\org\springframework\boot\spring-boot-starter-aop\2.1.5.RELEASE\spring-boot-starter-aop-2.1.5.RELEASE.jar;D:\develop\apache-maven-3.6.1-bin\mvn_repository\org\aspectj\aspectjweaver\1.9.4\aspectjweaver-1.9.4.jar;"/>
    <property name="sun.cpu.endian" value="little"/>
    <property name="user.home" value="C:\Users\Administrator"/>
    <property name="user.language" value="zh"/>
    <property name="java.specification.vendor" value="Oracle Corporation"/>
    <property name="java.home" value="D:\develop\jdk\jdk1.8.0_211\jre"/>
    <property name="basedir" value="D:\Projects\IdeaProjects\xcEduService01\xc-service-search"/>
    <property name="file.separator" value="\"/>
    <property name="line.separator" value="&#10;"/>
    <property name="java.vm.specification.vendor" value="Oracle Corporation"/>
    <property name="java.specification.name" value="Java Platform API Specification"/>
    <property name="java.awt.graphicsenv" value="sun.awt.Win32GraphicsEnvironment"/>
    <property name="surefire.real.class.path" value="C:\Users\ADMINI~1\AppData\Local\Temp\surefire6277262675416823382\surefirebooter5287675175351039785.jar"/>
    <property name="sun.boot.class.path" value="D:\develop\jdk\jdk1.8.0_211\jre\lib\resources.jar;D:\develop\jdk\jdk1.8.0_211\jre\lib\rt.jar;D:\develop\jdk\jdk1.8.0_211\jre\lib\sunrsasign.jar;D:\develop\jdk\jdk1.8.0_211\jre\lib\jsse.jar;D:\develop\jdk\jdk1.8.0_211\jre\lib\jce.jar;D:\develop\jdk\jdk1.8.0_211\jre\lib\charsets.jar;D:\develop\jdk\jdk1.8.0_211\jre\lib\jfr.jar;D:\develop\jdk\jdk1.8.0_211\jre\classes"/>
    <property name="user.script" value=""/>
    <property name="sun.management.compiler" value="HotSpot 64-Bit Tiered Compilers"/>
    <property name="java.runtime.version" value="1.8.0_211-b12"/>
    <property name="user.name" value="Administrator"/>
    <property name="path.separator" value=";"/>
    <property name="os.version" value="10.0"/>
    <property name="java.endorsed.dirs" value="D:\develop\jdk\jdk1.8.0_211\jre\lib\endorsed"/>
    <property name="java.runtime.name" value="Java(TM) SE Runtime Environment"/>
    <property name="file.encoding" value="GBK"/>
    <property name="java.vm.name" value="Java HotSpot(TM) 64-Bit Server VM"/>
    <property name="localRepository" value="D:\develop\apache-maven-3.6.1-bin\mvn_repository"/>
    <property name="java.vendor.url.bug" value="http://bugreport.sun.com/bugreport/"/>
    <property name="java.io.tmpdir" value="C:\Users\ADMINI~1\AppData\Local\Temp\"/>
    <property name="java.version" value="1.8.0_211"/>
    <property name="user.dir" value="D:\Projects\IdeaProjects\xcEduService01\xc-service-search"/>
    <property name="os.arch" value="amd64"/>
    <property name="java.vm.specification.name" value="Java Virtual Machine Specification"/>
    <property name="java.awt.printerjob" value="sun.awt.windows.WPrinterJob"/>
    <property name="idea.version2019.1.3" value="true"/>
    <property name="sun.os.patch.level" value=""/>
    <property name="java.library.path" value="D:\develop\jdk\jdk1.8.0_211\jre\bin;C:\Windows\Sun\Java\bin;C:\Windows\system32;C:\Windows;C:\Program Files (x86)\Common Files\Oracle\Java\javapath;C:\Windows\system32;C:\Windows;C:\Windows\System32\Wbem;C:\Windows\System32\WindowsPowerShell\v1.0\;C:\Windows\System32\OpenSSH\;D:\develop\nodejs\;D:\develop\jdk\jdk1.8.0_211\bin;D:\develop\jdk\jdk1.8.0_211\jre\bin;D:\develop\erl10.4\bin;D:\develop\mysql\mysql-8.0.16-winx64\bin;D:\develop\MongoDB\Server\4.2\bin;D:\develop\nodejs;D:\develop\nodejs\npm_modules;D:\develop\Git\cmd;D:\develop\TortoiseGit\bin;D:\develop\Microsoft VS Code\bin;D:\app\ffmpeg\ffmpeg-20190623-ffa64a4-win64-static\bin;D:\develop\OpenSSL-Win64\bin;D:\develop\Ruby25-x64\bin;C:\Users\Administrator\AppData\Local\Microsoft\WindowsApps;;D:\develop\JetBrains\WebStorm 2019.1.3\bin;;D:\develop\JetBrains\IntelliJ IDEA 2019.1.3\bin;;C:\Users\Administrator\AppData\Roaming\npm;."/>
    <property name="java.vm.info" value="mixed mode"/>
    <property name="java.vendor" value="Oracle Corporation"/>
    <property name="java.vm.version" value="25.211-b12"/>
    <property name="java.ext.dirs" value="D:\develop\jdk\jdk1.8.0_211\jre\lib\ext;C:\Windows\Sun\Java\lib\ext"/>
    <property name="sun.io.unicode.encoding" value="UnicodeLittle"/>
    <property name="java.class.version" value="52.0"/>
  </properties>
  <testcase name="testSearchAll" classname="com.xuecheng.search.TestSearch" time="2.519">
    <error message="Timeout connecting to [/127.0.0.1:9201]" type="java.net.ConnectException">java.net.ConnectException: Timeout connecting to [/127.0.0.1:9201]
	at com.xuecheng.search.TestSearch.testSearchAll(TestSearch.java:60)
Caused by: java.net.ConnectException: Timeout connecting to [/127.0.0.1:9201]
</error>
    <system-out><![CDATA[17:15:48.917 [main] DEBUG org.springframework.test.context.junit4.SpringJUnit4ClassRunner - SpringJUnit4ClassRunner constructor called with [class com.xuecheng.search.TestSearch]
17:15:48.925 [main] DEBUG org.springframework.test.context.BootstrapUtils - Instantiating CacheAwareContextLoaderDelegate from class [org.springframework.test.context.cache.DefaultCacheAwareContextLoaderDelegate]
17:15:48.937 [main] DEBUG org.springframework.test.context.BootstrapUtils - Instantiating BootstrapContext using constructor [public org.springframework.test.context.support.DefaultBootstrapContext(java.lang.Class,org.springframework.test.context.CacheAwareContextLoaderDelegate)]
17:15:48.962 [main] DEBUG org.springframework.test.context.BootstrapUtils - Instantiating TestContextBootstrapper for test class [com.xuecheng.search.TestSearch] from class [org.springframework.boot.test.context.SpringBootTestContextBootstrapper]
17:15:48.980 [main] INFO org.springframework.boot.test.context.SpringBootTestContextBootstrapper - Neither @ContextConfiguration nor @ContextHierarchy found for test class [com.xuecheng.search.TestSearch], using SpringBootContextLoader
17:15:48.985 [main] DEBUG org.springframework.test.context.support.AbstractContextLoader - Did not detect default resource location for test class [com.xuecheng.search.TestSearch]: class path resource [com/xuecheng/search/TestSearch-context.xml] does not exist
17:15:48.985 [main] DEBUG org.springframework.test.context.support.AbstractContextLoader - Did not detect default resource location for test class [com.xuecheng.search.TestSearch]: class path resource [com/xuecheng/search/TestSearchContext.groovy] does not exist
17:15:48.985 [main] INFO org.springframework.test.context.support.AbstractContextLoader - Could not detect default resource locations for test class [com.xuecheng.search.TestSearch]: no resource found for suffixes {-context.xml, Context.groovy}.
17:15:49.040 [main] DEBUG org.springframework.test.context.support.ActiveProfilesUtils - Could not find an 'annotation declaring class' for annotation type [org.springframework.test.context.ActiveProfiles] and class [com.xuecheng.search.TestSearch]
17:15:49.240 [main] DEBUG org.springframework.boot.test.context.SpringBootTestContextBootstrapper - @TestExecutionListeners is not present for class [com.xuecheng.search.TestSearch]: using defaults.
17:15:49.241 [main] INFO org.springframework.boot.test.context.SpringBootTestContextBootstrapper - Loaded default TestExecutionListener class names from location [META-INF/spring.factories]: [org.springframework.boot.test.mock.mockito.MockitoTestExecutionListener, org.springframework.boot.test.mock.mockito.ResetMocksTestExecutionListener, org.springframework.boot.test.autoconfigure.restdocs.RestDocsTestExecutionListener, org.springframework.boot.test.autoconfigure.web.client.MockRestServiceServerResetTestExecutionListener, org.springframework.boot.test.autoconfigure.web.servlet.MockMvcPrintOnlyOnFailureTestExecutionListener, org.springframework.boot.test.autoconfigure.web.servlet.WebDriverTestExecutionListener, org.springframework.test.context.web.ServletTestExecutionListener, org.springframework.test.context.support.DirtiesContextBeforeModesTestExecutionListener, org.springframework.test.context.support.DependencyInjectionTestExecutionListener, org.springframework.test.context.support.DirtiesContextTestExecutionListener, org.springframework.test.context.transaction.TransactionalTestExecutionListener, org.springframework.test.context.jdbc.SqlScriptsTestExecutionListener]
17:15:49.265 [main] INFO org.springframework.boot.test.context.SpringBootTestContextBootstrapper - Using TestExecutionListeners: [org.springframework.test.context.web.ServletTestExecutionListener@544fa968, org.springframework.test.context.support.DirtiesContextBeforeModesTestExecutionListener@247bddad, org.springframework.boot.test.mock.mockito.MockitoTestExecutionListener@d35dea7, org.springframework.boot.test.autoconfigure.SpringBootDependencyInjectionTestExecutionListener@7770f470, org.springframework.test.context.support.DirtiesContextTestExecutionListener@5e5d171f, org.springframework.test.context.transaction.TransactionalTestExecutionListener@24313fcc, org.springframework.test.context.jdbc.SqlScriptsTestExecutionListener@7d20d0b, org.springframework.boot.test.mock.mockito.ResetMocksTestExecutionListener@77f1baf5, org.springframework.boot.test.autoconfigure.restdocs.RestDocsTestExecutionListener@41a2befb, org.springframework.boot.test.autoconfigure.web.client.MockRestServiceServerResetTestExecutionListener@6c40365c, org.springframework.boot.test.autoconfigure.web.servlet.MockMvcPrintOnlyOnFailureTestExecutionListener@7bedc48a, org.springframework.boot.test.autoconfigure.web.servlet.WebDriverTestExecutionListener@131ef10]
17:15:49.268 [main] DEBUG org.springframework.test.annotation.ProfileValueUtils - Retrieved @ProfileValueSourceConfiguration [null] for test class [com.xuecheng.search.TestSearch]
17:15:49.269 [main] DEBUG org.springframework.test.annotation.ProfileValueUtils - Retrieved ProfileValueSource type [class org.springframework.test.annotation.SystemProfileValueSource] for class [com.xuecheng.search.TestSearch]
17:15:49.271 [main] DEBUG org.springframework.test.annotation.ProfileValueUtils - Retrieved @ProfileValueSourceConfiguration [null] for test class [com.xuecheng.search.TestSearch]
17:15:49.271 [main] DEBUG org.springframework.test.annotation.ProfileValueUtils - Retrieved ProfileValueSource type [class org.springframework.test.annotation.SystemProfileValueSource] for class [com.xuecheng.search.TestSearch]
17:15:49.272 [main] DEBUG org.springframework.test.annotation.ProfileValueUtils - Retrieved @ProfileValueSourceConfiguration [null] for test class [com.xuecheng.search.TestSearch]
17:15:49.272 [main] DEBUG org.springframework.test.annotation.ProfileValueUtils - Retrieved ProfileValueSource type [class org.springframework.test.annotation.SystemProfileValueSource] for class [com.xuecheng.search.TestSearch]
17:15:49.277 [main] DEBUG org.springframework.test.context.support.AbstractDirtiesContextTestExecutionListener - Before test class: context [DefaultTestContext@7530ad9c testClass = TestSearch, testInstance = [null], testMethod = [null], testException = [null], mergedContextConfiguration = [WebMergedContextConfiguration@58a9760d testClass = TestSearch, locations = '{}', classes = '{class com.xuecheng.search.SearchApplication, class com.xuecheng.search.SearchApplication}', contextInitializerClasses = '[]', activeProfiles = '{}', propertySourceLocations = '{}', propertySourceProperties = '{org.springframework.boot.test.context.SpringBootTestContextBootstrapper=true}', contextCustomizers = set[org.springframework.boot.test.context.filter.ExcludeFilterContextCustomizer@166fa74d, org.springframework.boot.test.json.DuplicateJsonObjectContextCustomizerFactory$DuplicateJsonObjectContextCustomizer@588df31b, org.springframework.boot.test.mock.mockito.MockitoContextCustomizer@0, org.springframework.boot.test.web.client.TestRestTemplateContextCustomizer@4148db48, org.springframework.boot.test.autoconfigure.properties.PropertyMappingContextCustomizer@0, org.springframework.boot.test.autoconfigure.web.servlet.WebDriverContextCustomizerFactory$Customizer@6c3f5566], resourceBasePath = 'src/main/webapp', contextLoader = 'org.springframework.boot.test.context.SpringBootContextLoader', parent = [null]], attributes = map['org.springframework.test.context.web.ServletTestExecutionListener.activateListener' -> true]], class annotated with @DirtiesContext [false] with mode [null].
17:15:49.278 [main] DEBUG org.springframework.test.annotation.ProfileValueUtils - Retrieved @ProfileValueSourceConfiguration [null] for test class [com.xuecheng.search.TestSearch]
17:15:49.278 [main] DEBUG org.springframework.test.annotation.ProfileValueUtils - Retrieved ProfileValueSource type [class org.springframework.test.annotation.SystemProfileValueSource] for class [com.xuecheng.search.TestSearch]
17:15:49.312 [main] DEBUG org.springframework.test.context.support.TestPropertySourceUtils - Adding inlined properties to environment: {spring.jmx.enabled=false, org.springframework.boot.test.context.SpringBootTestContextBootstrapper=true, server.port=-1}
2019-07-01 17:15:49.751 [main] DEBUG o.s.b.c.l.ClasspathLoggingApplicationListener - Application started with classpath: [file:/C:/Users/Administrator/AppData/Local/Temp/surefire6277262675416823382/surefirebooter5287675175351039785.jar]

  .   ____          _            __ _ _
 /\\ / ___'_ __ _ _(_)_ __  __ _ \ \ \ \
( ( )\___ | '_ | '_| | '_ \/ _` | \ \ \ \
 \\/  ___)| |_)| | | | | || (_| |  ) ) ) )
  '  |____| .__|_| |_|_| |_\__, | / / / /
 =========|_|==============|___/=/_/_/_/
 :: Spring Boot ::        (v2.1.5.RELEASE)

2019-07-01 17:15:49.875 [main] DEBUG o.s.boot.SpringApplication - Loading source class com.xuecheng.search.SearchApplication
2019-07-01 17:15:49.985 [main] DEBUG o.s.b.c.c.ConfigFileApplicationListener - Loaded config file 'file:/D:/Projects/IdeaProjects/xcEduService01/xc-service-search/target/classes/application.yml' (classpath:/application.yml)
2019-07-01 17:15:51.540 [main] DEBUG o.s.b.a.AutoConfigurationPackages - @EnableAutoConfiguration was declared on a class in the package 'com.xuecheng.search'. Automatic @Repository and @Entity scanning is enabled.
2019-07-01 17:15:57.815 [main] DEBUG o.s.b.a.l.ConditionEvaluationReportLoggingListener - 


============================
CONDITIONS EVALUATION REPORT
============================


Positive matches:
-----------------

   AopAutoConfiguration matched:
      - @ConditionalOnClass found required classes 'org.springframework.context.annotation.EnableAspectJAutoProxy', 'org.aspectj.lang.annotation.Aspect', 'org.aspectj.lang.reflect.Advice', 'org.aspectj.weaver.AnnotatedElement' (OnClassCondition)
      - @ConditionalOnProperty (spring.aop.auto=true) matched (OnPropertyCondition)

   AopAutoConfiguration.CglibAutoProxyConfiguration matched:
      - @ConditionalOnProperty (spring.aop.proxy-target-class=true) matched (OnPropertyCondition)

   CodecsAutoConfiguration matched:
      - @ConditionalOnClass found required class 'org.springframework.http.codec.CodecConfigurer' (OnClassCondition)

   CodecsAutoConfiguration.JacksonCodecConfiguration matched:
      - @ConditionalOnClass found required class 'com.fasterxml.jackson.databind.ObjectMapper' (OnClassCondition)

   CodecsAutoConfiguration.JacksonCodecConfiguration#jacksonCodecCustomizer matched:
      - @ConditionalOnBean (types: com.fasterxml.jackson.databind.ObjectMapper; SearchStrategy: all) found bean 'jacksonObjectMapper' (OnBeanCondition)

   DataSourceAutoConfiguration matched:
      - @ConditionalOnClass found required classes 'javax.sql.DataSource', 'org.springframework.jdbc.datasource.embedded.EmbeddedDatabaseType' (OnClassCondition)

   DataSourceAutoConfiguration.PooledDataSourceConfiguration matched:
      - AnyNestedCondition 1 matched 1 did not; NestedCondition on DataSourceAutoConfiguration.PooledDataSourceCondition.PooledDataSourceAvailable PooledDataSource found supported DataSource; NestedCondition on DataSourceAutoConfiguration.PooledDataSourceCondition.ExplicitType @ConditionalOnProperty (spring.datasource.type) did not find property 'type' (DataSourceAutoConfiguration.PooledDataSourceCondition)
      - @ConditionalOnMissingBean (types: javax.sql.DataSource,javax.sql.XADataSource; SearchStrategy: all) did not find any beans (OnBeanCondition)

   DataSourceConfiguration.Hikari matched:
      - @ConditionalOnClass found required class 'com.zaxxer.hikari.HikariDataSource' (OnClassCondition)
      - @ConditionalOnProperty (spring.datasource.type=com.zaxxer.hikari.HikariDataSource) matched (OnPropertyCondition)
      - @ConditionalOnMissingBean (types: javax.sql.DataSource; SearchStrategy: all) did not find any beans (OnBeanCondition)

   DataSourcePoolMetadataProvidersConfiguration.HikariPoolDataSourceMetadataProviderConfiguration matched:
      - @ConditionalOnClass found required class 'com.zaxxer.hikari.HikariDataSource' (OnClassCondition)

   DataSourceTransactionManagerAutoConfiguration matched:
      - @ConditionalOnClass found required classes 'org.springframework.jdbc.core.JdbcTemplate', 'org.springframework.transaction.PlatformTransactionManager' (OnClassCondition)

   DataSourceTransactionManagerAutoConfiguration.DataSourceTransactionManagerConfiguration matched:
      - @ConditionalOnSingleCandidate (types: javax.sql.DataSource; SearchStrategy: all) found a primary bean from beans 'dataSource' (OnBeanCondition)

   DataSourceTransactionManagerAutoConfiguration.DataSourceTransactionManagerConfiguration#transactionManager matched:
      - @ConditionalOnMissingBean (types: org.springframework.transaction.PlatformTransactionManager; SearchStrategy: all) did not find any beans (OnBeanCondition)

   DispatcherServletAutoConfiguration matched:
      - @ConditionalOnClass found required class 'org.springframework.web.servlet.DispatcherServlet' (OnClassCondition)
      - found 'session' scope (OnWebApplicationCondition)

   DispatcherServletAutoConfiguration.DispatcherServletConfiguration matched:
      - @ConditionalOnClass found required class 'javax.servlet.ServletRegistration' (OnClassCondition)
      - Default DispatcherServlet did not find dispatcher servlet beans (DispatcherServletAutoConfiguration.DefaultDispatcherServletCondition)

   DispatcherServletAutoConfiguration.DispatcherServletRegistrationConfiguration matched:
      - @ConditionalOnClass found required class 'javax.servlet.ServletRegistration' (OnClassCondition)
      - DispatcherServlet Registration did not find servlet registration bean (DispatcherServletAutoConfiguration.DispatcherServletRegistrationCondition)

   DispatcherServletAutoConfiguration.DispatcherServletRegistrationConfiguration#dispatcherServletRegistration matched:
      - @ConditionalOnBean (names: dispatcherServlet; types: org.springframework.web.servlet.DispatcherServlet; SearchStrategy: all) found bean 'dispatcherServlet' (OnBeanCondition)

   EmbeddedWebServerFactoryCustomizerAutoConfiguration matched:
      - @ConditionalOnWebApplication (required) found 'session' scope (OnWebApplicationCondition)

   EmbeddedWebServerFactoryCustomizerAutoConfiguration.TomcatWebServerFactoryCustomizerConfiguration matched:
      - @ConditionalOnClass found required classes 'org.apache.catalina.startup.Tomcat', 'org.apache.coyote.UpgradeProtocol' (OnClassCondition)

   ErrorMvcAutoConfiguration matched:
      - @ConditionalOnClass found required classes 'javax.servlet.Servlet', 'org.springframework.web.servlet.DispatcherServlet' (OnClassCondition)
      - found 'session' scope (OnWebApplicationCondition)

   ErrorMvcAutoConfiguration#basicErrorController matched:
      - @ConditionalOnMissingBean (types: org.springframework.boot.web.servlet.error.ErrorController; SearchStrategy: current) did not find any beans (OnBeanCondition)

   ErrorMvcAutoConfiguration#errorAttributes matched:
      - @ConditionalOnMissingBean (types: org.springframework.boot.web.servlet.error.ErrorAttributes; SearchStrategy: current) did not find any beans (OnBeanCondition)

   ErrorMvcAutoConfiguration.DefaultErrorViewResolverConfiguration#conventionErrorViewResolver matched:
      - @ConditionalOnBean (types: org.springframework.web.servlet.DispatcherServlet; SearchStrategy: all) found bean 'dispatcherServlet'; @ConditionalOnMissingBean (types: org.springframework.boot.autoconfigure.web.servlet.error.DefaultErrorViewResolver; SearchStrategy: all) did not find any beans (OnBeanCondition)

   ErrorMvcAutoConfiguration.WhitelabelErrorViewConfiguration matched:
      - @ConditionalOnProperty (server.error.whitelabel.enabled) matched (OnPropertyCondition)
      - ErrorTemplate Missing did not find error template view (ErrorMvcAutoConfiguration.ErrorTemplateMissingCondition)

   ErrorMvcAutoConfiguration.WhitelabelErrorViewConfiguration#beanNameViewResolver matched:
      - @ConditionalOnMissingBean (types: org.springframework.web.servlet.view.BeanNameViewResolver; SearchStrategy: all) did not find any beans (OnBeanCondition)

   ErrorMvcAutoConfiguration.WhitelabelErrorViewConfiguration#defaultErrorView matched:
      - @ConditionalOnMissingBean (names: error; SearchStrategy: all) did not find any beans (OnBeanCondition)

   GenericCacheConfiguration matched:
      - Cache org.springframework.boot.autoconfigure.cache.GenericCacheConfiguration automatic cache type (CacheCondition)

   HttpEncodingAutoConfiguration matched:
      - @ConditionalOnClass found required class 'org.springframework.web.filter.CharacterEncodingFilter' (OnClassCondition)
      - found 'session' scope (OnWebApplicationCondition)
      - @ConditionalOnProperty (spring.http.encoding.enabled) matched (OnPropertyCondition)

   HttpEncodingAutoConfiguration#characterEncodingFilter matched:
      - @ConditionalOnMissingBean (types: org.springframework.web.filter.CharacterEncodingFilter; SearchStrategy: all) did not find any beans (OnBeanCondition)

   HttpMessageConvertersAutoConfiguration matched:
      - @ConditionalOnClass found required class 'org.springframework.http.converter.HttpMessageConverter' (OnClassCondition)

   HttpMessageConvertersAutoConfiguration#messageConverters matched:
      - @ConditionalOnMissingBean (types: org.springframework.boot.autoconfigure.http.HttpMessageConverters; SearchStrategy: all) did not find any beans (OnBeanCondition)

   HttpMessageConvertersAutoConfiguration.StringHttpMessageConverterConfiguration matched:
      - @ConditionalOnClass found required class 'org.springframework.http.converter.StringHttpMessageConverter' (OnClassCondition)

   HttpMessageConvertersAutoConfiguration.StringHttpMessageConverterConfiguration#stringHttpMessageConverter matched:
      - @ConditionalOnMissingBean (types: org.springframework.http.converter.StringHttpMessageConverter; SearchStrategy: all) did not find any beans (OnBeanCondition)

   JacksonAutoConfiguration matched:
      - @ConditionalOnClass found required class 'com.fasterxml.jackson.databind.ObjectMapper' (OnClassCondition)

   JacksonAutoConfiguration.Jackson2ObjectMapperBuilderCustomizerConfiguration matched:
      - @ConditionalOnClass found required class 'org.springframework.http.converter.json.Jackson2ObjectMapperBuilder' (OnClassCondition)

   JacksonAutoConfiguration.JacksonObjectMapperBuilderConfiguration matched:
      - @ConditionalOnClass found required class 'org.springframework.http.converter.json.Jackson2ObjectMapperBuilder' (OnClassCondition)

   JacksonAutoConfiguration.JacksonObjectMapperBuilderConfiguration#jacksonObjectMapperBuilder matched:
      - @ConditionalOnMissingBean (types: org.springframework.http.converter.json.Jackson2ObjectMapperBuilder; SearchStrategy: all) did not find any beans (OnBeanCondition)

   JacksonAutoConfiguration.JacksonObjectMapperConfiguration matched:
      - @ConditionalOnClass found required class 'org.springframework.http.converter.json.Jackson2ObjectMapperBuilder' (OnClassCondition)

   JacksonAutoConfiguration.JacksonObjectMapperConfiguration#jacksonObjectMapper matched:
      - @ConditionalOnMissingBean (types: com.fasterxml.jackson.databind.ObjectMapper; SearchStrategy: all) did not find any beans (OnBeanCondition)

   JacksonAutoConfiguration.ParameterNamesModuleConfiguration matched:
      - @ConditionalOnClass found required class 'com.fasterxml.jackson.module.paramnames.ParameterNamesModule' (OnClassCondition)

   JacksonAutoConfiguration.ParameterNamesModuleConfiguration#parameterNamesModule matched:
      - @ConditionalOnMissingBean (types: com.fasterxml.jackson.module.paramnames.ParameterNamesModule; SearchStrategy: all) did not find any beans (OnBeanCondition)

   JacksonHttpMessageConvertersConfiguration.MappingJackson2HttpMessageConverterConfiguration matched:
      - @ConditionalOnClass found required class 'com.fasterxml.jackson.databind.ObjectMapper' (OnClassCondition)
      - @ConditionalOnProperty (spring.http.converters.preferred-json-mapper=jackson) matched (OnPropertyCondition)
      - @ConditionalOnBean (types: com.fasterxml.jackson.databind.ObjectMapper; SearchStrategy: all) found bean 'jacksonObjectMapper' (OnBeanCondition)

   JacksonHttpMessageConvertersConfiguration.MappingJackson2HttpMessageConverterConfiguration#mappingJackson2HttpMessageConverter matched:
      - @ConditionalOnMissingBean (types: org.springframework.http.converter.json.MappingJackson2HttpMessageConverter; SearchStrategy: all) did not find any beans (OnBeanCondition)

   JdbcTemplateAutoConfiguration matched:
      - @ConditionalOnClass found required classes 'javax.sql.DataSource', 'org.springframework.jdbc.core.JdbcTemplate' (OnClassCondition)
      - @ConditionalOnSingleCandidate (types: javax.sql.DataSource; SearchStrategy: all) found a primary bean from beans 'dataSource' (OnBeanCondition)

   JdbcTemplateAutoConfiguration.JdbcTemplateConfiguration#jdbcTemplate matched:
      - @ConditionalOnMissingBean (types: org.springframework.jdbc.core.JdbcOperations; SearchStrategy: all) did not find any beans (OnBeanCondition)

   JdbcTemplateAutoConfiguration.NamedParameterJdbcTemplateConfiguration#namedParameterJdbcTemplate matched:
      - @ConditionalOnSingleCandidate (types: org.springframework.jdbc.core.JdbcTemplate; SearchStrategy: all) found a primary bean from beans 'jdbcTemplate'; @ConditionalOnMissingBean (types: org.springframework.jdbc.core.namedparam.NamedParameterJdbcOperations; SearchStrategy: all) did not find any beans (OnBeanCondition)

   JtaAutoConfiguration matched:
      - @ConditionalOnClass found required class 'javax.transaction.Transaction' (OnClassCondition)
      - @ConditionalOnProperty (spring.jta.enabled) matched (OnPropertyCondition)

   MongoAutoConfiguration matched:
      - @ConditionalOnClass found required class 'com.mongodb.MongoClient' (OnClassCondition)
      - @ConditionalOnMissingBean (types: org.springframework.data.mongodb.MongoDbFactory; SearchStrategy: all) did not find any beans (OnBeanCondition)

   MongoAutoConfiguration#mongo matched:
      - @ConditionalOnMissingBean (types: com.mongodb.MongoClient,com.mongodb.client.MongoClient; SearchStrategy: all) did not find any beans (OnBeanCondition)

   MongoDataAutoConfiguration matched:
      - @ConditionalOnClass found required classes 'com.mongodb.MongoClient', 'com.mongodb.client.MongoClient', 'org.springframework.data.mongodb.core.MongoTemplate' (OnClassCondition)
      - AnyNestedCondition 1 matched 1 did not; NestedCondition on MongoDataAutoConfiguration.AnyMongoClientAvailable.FallbackClientAvailable @ConditionalOnBean (types: com.mongodb.client.MongoClient; SearchStrategy: all) did not find any beans of type com.mongodb.client.MongoClient; NestedCondition on MongoDataAutoConfiguration.AnyMongoClientAvailable.PreferredClientAvailable @ConditionalOnBean (types: com.mongodb.MongoClient; SearchStrategy: all) found bean 'mongo' (MongoDataAutoConfiguration.AnyMongoClientAvailable)

   MongoDataAutoConfiguration#gridFsTemplate matched:
      - @ConditionalOnMissingBean (types: org.springframework.data.mongodb.gridfs.GridFsTemplate; SearchStrategy: all) did not find any beans (OnBeanCondition)

   MongoDataAutoConfiguration#mappingMongoConverter matched:
      - @ConditionalOnMissingBean (types: org.springframework.data.mongodb.core.convert.MongoConverter; SearchStrategy: all) did not find any beans (OnBeanCondition)

   MongoDataAutoConfiguration#mongoDbFactory matched:
      - @ConditionalOnMissingBean (types: org.springframework.data.mongodb.MongoDbFactory; SearchStrategy: all) did not find any beans (OnBeanCondition)

   MongoDataAutoConfiguration#mongoTemplate matched:
      - @ConditionalOnMissingBean (types: org.springframework.data.mongodb.core.MongoTemplate; SearchStrategy: all) did not find any beans (OnBeanCondition)

   MongoDataConfiguration#mongoCustomConversions matched:
      - @ConditionalOnMissingBean (types: org.springframework.data.mongodb.core.convert.MongoCustomConversions; SearchStrategy: all) did not find any beans (OnBeanCondition)

   MongoDataConfiguration#mongoMappingContext matched:
      - @ConditionalOnMissingBean (types: org.springframework.data.mongodb.core.mapping.MongoMappingContext; SearchStrategy: all) did not find any beans (OnBeanCondition)

   MongoRepositoriesAutoConfiguration matched:
      - @ConditionalOnClass found required classes 'com.mongodb.MongoClient', 'org.springframework.data.mongodb.repository.MongoRepository' (OnClassCondition)
      - @ConditionalOnRepositoryType configured type of 'AUTO' matched required type (OnRepositoryTypeCondition)
      - @ConditionalOnMissingBean (types: org.springframework.data.mongodb.repository.support.MongoRepositoryFactoryBean,org.springframework.data.mongodb.repository.config.MongoRepositoryConfigurationExtension; SearchStrategy: all) did not find any beans (OnBeanCondition)

   MultipartAutoConfiguration matched:
      - @ConditionalOnClass found required classes 'javax.servlet.Servlet', 'org.springframework.web.multipart.support.StandardServletMultipartResolver', 'javax.servlet.MultipartConfigElement' (OnClassCondition)
      - found 'session' scope (OnWebApplicationCondition)
      - @ConditionalOnProperty (spring.servlet.multipart.enabled) matched (OnPropertyCondition)

   MultipartAutoConfiguration#multipartConfigElement matched:
      - @ConditionalOnMissingBean (types: javax.servlet.MultipartConfigElement,org.springframework.web.multipart.commons.CommonsMultipartResolver; SearchStrategy: all) did not find any beans (OnBeanCondition)

   MultipartAutoConfiguration#multipartResolver matched:
      - @ConditionalOnMissingBean (types: org.springframework.web.multipart.MultipartResolver; SearchStrategy: all) did not find any beans (OnBeanCondition)

   MybatisAutoConfiguration matched:
      - @ConditionalOnClass found required classes 'org.apache.ibatis.session.SqlSessionFactory', 'org.mybatis.spring.SqlSessionFactoryBean' (OnClassCondition)
      - @ConditionalOnSingleCandidate (types: javax.sql.DataSource; SearchStrategy: all) found a primary bean from beans 'dataSource' (OnBeanCondition)

   MybatisAutoConfiguration#sqlSessionFactory matched:
      - @ConditionalOnMissingBean (types: org.apache.ibatis.session.SqlSessionFactory; SearchStrategy: all) did not find any beans (OnBeanCondition)

   MybatisAutoConfiguration#sqlSessionTemplate matched:
      - @ConditionalOnMissingBean (types: org.mybatis.spring.SqlSessionTemplate; SearchStrategy: all) did not find any beans (OnBeanCondition)

   MybatisAutoConfiguration.MapperScannerRegistrarNotFoundConfiguration matched:
      - @ConditionalOnMissingBean (types: org.mybatis.spring.mapper.MapperFactoryBean; SearchStrategy: all) did not find any beans (OnBeanCondition)

   NoOpCacheConfiguration matched:
      - Cache org.springframework.boot.autoconfigure.cache.NoOpCacheConfiguration automatic cache type (CacheCondition)

   PageHelperAutoConfiguration matched:
      - @ConditionalOnBean (types: org.apache.ibatis.session.SqlSessionFactory; SearchStrategy: all) found bean 'sqlSessionFactory' (OnBeanCondition)

   PersistenceExceptionTranslationAutoConfiguration matched:
      - @ConditionalOnClass found required class 'org.springframework.dao.annotation.PersistenceExceptionTranslationPostProcessor' (OnClassCondition)

   PersistenceExceptionTranslationAutoConfiguration#persistenceExceptionTranslationPostProcessor matched:
      - @ConditionalOnProperty (spring.dao.exceptiontranslation.enabled) matched (OnPropertyCondition)
      - @ConditionalOnMissingBean (types: org.springframework.dao.annotation.PersistenceExceptionTranslationPostProcessor; SearchStrategy: all) did not find any beans (OnBeanCondition)

   PropertyPlaceholderAutoConfiguration#propertySourcesPlaceholderConfigurer matched:
      - @ConditionalOnMissingBean (types: org.springframework.context.support.PropertySourcesPlaceholderConfigurer; SearchStrategy: current) did not find any beans (OnBeanCondition)

   RestClientAutoConfiguration matched:
      - @ConditionalOnClass found required class 'org.elasticsearch.client.RestClient' (OnClassCondition)

   RestClientAutoConfiguration#restClientBuilder matched:
      - @ConditionalOnMissingBean (types: org.elasticsearch.client.RestClientBuilder; SearchStrategy: all) did not find any beans (OnBeanCondition)

   RestClientAutoConfiguration.RestHighLevelClientConfiguration matched:
      - @ConditionalOnClass found required class 'org.elasticsearch.client.RestHighLevelClient' (OnClassCondition)

   RestTemplateAutoConfiguration matched:
      - @ConditionalOnClass found required class 'org.springframework.web.client.RestTemplate' (OnClassCondition)

   RestTemplateAutoConfiguration#restTemplateBuilder matched:
      - @ConditionalOnMissingBean (types: org.springframework.boot.web.client.RestTemplateBuilder; SearchStrategy: all) did not find any beans (OnBeanCondition)

   ServletWebServerFactoryAutoConfiguration matched:
      - @ConditionalOnClass found required class 'javax.servlet.ServletRequest' (OnClassCondition)
      - found 'session' scope (OnWebApplicationCondition)

   ServletWebServerFactoryAutoConfiguration#tomcatServletWebServerFactoryCustomizer matched:
      - @ConditionalOnClass found required class 'org.apache.catalina.startup.Tomcat' (OnClassCondition)

   ServletWebServerFactoryConfiguration.EmbeddedTomcat matched:
      - @ConditionalOnClass found required classes 'javax.servlet.Servlet', 'org.apache.catalina.startup.Tomcat', 'org.apache.coyote.UpgradeProtocol' (OnClassCondition)
      - @ConditionalOnMissingBean (types: org.springframework.boot.web.servlet.server.ServletWebServerFactory; SearchStrategy: current) did not find any beans (OnBeanCondition)

   SimpleCacheConfiguration matched:
      - Cache org.springframework.boot.autoconfigure.cache.SimpleCacheConfiguration automatic cache type (CacheCondition)

   SpringDataWebAutoConfiguration matched:
      - @ConditionalOnClass found required classes 'org.springframework.data.web.PageableHandlerMethodArgumentResolver', 'org.springframework.web.servlet.config.annotation.WebMvcConfigurer' (OnClassCondition)
      - found 'session' scope (OnWebApplicationCondition)
      - @ConditionalOnMissingBean (types: org.springframework.data.web.PageableHandlerMethodArgumentResolver; SearchStrategy: all) did not find any beans (OnBeanCondition)

   SpringDataWebAutoConfiguration#pageableCustomizer matched:
      - @ConditionalOnMissingBean (types: org.springframework.data.web.config.PageableHandlerMethodArgumentResolverCustomizer; SearchStrategy: all) did not find any beans (OnBeanCondition)

   SpringDataWebAutoConfiguration#sortCustomizer matched:
      - @ConditionalOnMissingBean (types: org.springframework.data.web.config.SortHandlerMethodArgumentResolverCustomizer; SearchStrategy: all) did not find any beans (OnBeanCondition)

   Swagger2DocumentationConfiguration matched:
      - @ConditionalOnWebApplication (required) found 'session' scope (OnWebApplicationCondition)

   TaskExecutionAutoConfiguration matched:
      - @ConditionalOnClass found required class 'org.springframework.scheduling.concurrent.ThreadPoolTaskExecutor' (OnClassCondition)

   TaskExecutionAutoConfiguration#applicationTaskExecutor matched:
      - @ConditionalOnMissingBean (types: java.util.concurrent.Executor; SearchStrategy: all) did not find any beans (OnBeanCondition)

   TaskExecutionAutoConfiguration#taskExecutorBuilder matched:
      - @ConditionalOnMissingBean (types: org.springframework.boot.task.TaskExecutorBuilder; SearchStrategy: all) did not find any beans (OnBeanCondition)

   TaskSchedulingAutoConfiguration matched:
      - @ConditionalOnClass found required class 'org.springframework.scheduling.concurrent.ThreadPoolTaskScheduler' (OnClassCondition)

   TaskSchedulingAutoConfiguration#taskSchedulerBuilder matched:
      - @ConditionalOnMissingBean (types: org.springframework.boot.task.TaskSchedulerBuilder; SearchStrategy: all) did not find any beans (OnBeanCondition)

   TransactionAutoConfiguration matched:
      - @ConditionalOnClass found required class 'org.springframework.transaction.PlatformTransactionManager' (OnClassCondition)

   TransactionAutoConfiguration#platformTransactionManagerCustomizers matched:
      - @ConditionalOnMissingBean (types: org.springframework.boot.autoconfigure.transaction.TransactionManagerCustomizers; SearchStrategy: all) did not find any beans (OnBeanCondition)

   TransactionAutoConfiguration.EnableTransactionManagementConfiguration matched:
      - @ConditionalOnBean (types: org.springframework.transaction.PlatformTransactionManager; SearchStrategy: all) found bean 'transactionManager'; @ConditionalOnMissingBean (types: org.springframework.transaction.annotation.AbstractTransactionManagementConfiguration; SearchStrategy: all) did not find any beans (OnBeanCondition)

   TransactionAutoConfiguration.EnableTransactionManagementConfiguration.CglibAutoProxyConfiguration matched:
      - @ConditionalOnProperty (spring.aop.proxy-target-class=true) matched (OnPropertyCondition)

   TransactionAutoConfiguration.TransactionTemplateConfiguration matched:
      - @ConditionalOnSingleCandidate (types: org.springframework.transaction.PlatformTransactionManager; SearchStrategy: all) found a primary bean from beans 'transactionManager' (OnBeanCondition)

   TransactionAutoConfiguration.TransactionTemplateConfiguration#transactionTemplate matched:
      - @ConditionalOnMissingBean (types: org.springframework.transaction.support.TransactionTemplate; SearchStrategy: all) did not find any beans (OnBeanCondition)

   ValidationAutoConfiguration matched:
      - @ConditionalOnClass found required class 'javax.validation.executable.ExecutableValidator' (OnClassCondition)
      - @ConditionalOnResource found location classpath:META-INF/services/javax.validation.spi.ValidationProvider (OnResourceCondition)

   ValidationAutoConfiguration#defaultValidator matched:
      - @ConditionalOnMissingBean (types: javax.validation.Validator; SearchStrategy: all) did not find any beans (OnBeanCondition)

   ValidationAutoConfiguration#methodValidationPostProcessor matched:
      - @ConditionalOnMissingBean (types: org.springframework.validation.beanvalidation.MethodValidationPostProcessor; SearchStrategy: all) did not find any beans (OnBeanCondition)

   WebMvcAutoConfiguration matched:
      - @ConditionalOnClass found required classes 'javax.servlet.Servlet', 'org.springframework.web.servlet.DispatcherServlet', 'org.springframework.web.servlet.config.annotation.WebMvcConfigurer' (OnClassCondition)
      - found 'session' scope (OnWebApplicationCondition)
      - @ConditionalOnMissingBean (types: org.springframework.web.servlet.config.annotation.WebMvcConfigurationSupport; SearchStrategy: all) did not find any beans (OnBeanCondition)

   WebMvcAutoConfiguration#formContentFilter matched:
      - @ConditionalOnProperty (spring.mvc.formcontent.filter.enabled) matched (OnPropertyCondition)
      - @ConditionalOnMissingBean (types: org.springframework.web.filter.FormContentFilter; SearchStrategy: all) did not find any beans (OnBeanCondition)

   WebMvcAutoConfiguration#hiddenHttpMethodFilter matched:
      - @ConditionalOnProperty (spring.mvc.hiddenmethod.filter.enabled) matched (OnPropertyCondition)
      - @ConditionalOnMissingBean (types: org.springframework.web.filter.HiddenHttpMethodFilter; SearchStrategy: all) did not find any beans (OnBeanCondition)

   WebMvcAutoConfiguration.WebMvcAutoConfigurationAdapter#defaultViewResolver matched:
      - @ConditionalOnMissingBean (types: org.springframework.web.servlet.view.InternalResourceViewResolver; SearchStrategy: all) did not find any beans (OnBeanCondition)

   WebMvcAutoConfiguration.WebMvcAutoConfigurationAdapter#requestContextFilter matched:
      - @ConditionalOnMissingBean (types: org.springframework.web.context.request.RequestContextListener,org.springframework.web.filter.RequestContextFilter; SearchStrategy: all) did not find any beans (OnBeanCondition)

   WebMvcAutoConfiguration.WebMvcAutoConfigurationAdapter#viewResolver matched:
      - @ConditionalOnBean (types: org.springframework.web.servlet.ViewResolver; SearchStrategy: all) found beans 'defaultViewResolver', 'beanNameViewResolver', 'mvcViewResolver'; @ConditionalOnMissingBean (names: viewResolver; types: org.springframework.web.servlet.view.ContentNegotiatingViewResolver; SearchStrategy: all) did not find any beans (OnBeanCondition)

   WebMvcAutoConfiguration.WebMvcAutoConfigurationAdapter.FaviconConfiguration matched:
      - @ConditionalOnProperty (spring.mvc.favicon.enabled) matched (OnPropertyCondition)

   WebSocketServletAutoConfiguration matched:
      - @ConditionalOnClass found required classes 'javax.servlet.Servlet', 'javax.websocket.server.ServerContainer' (OnClassCondition)
      - found 'session' scope (OnWebApplicationCondition)

   WebSocketServletAutoConfiguration.TomcatWebSocketConfiguration matched:
      - @ConditionalOnClass found required classes 'org.apache.catalina.startup.Tomcat', 'org.apache.tomcat.websocket.server.WsSci' (OnClassCondition)

   WebSocketServletAutoConfiguration.TomcatWebSocketConfiguration#websocketServletWebServerCustomizer matched:
      - @ConditionalOnMissingBean (names: websocketServletWebServerCustomizer; SearchStrategy: all) did not find any beans (OnBeanCondition)


Negative matches:
-----------------

   ActiveMQAutoConfiguration:
      Did not match:
         - @ConditionalOnClass did not find required class 'javax.jms.ConnectionFactory' (OnClassCondition)

   AopAutoConfiguration.JdkDynamicAutoProxyConfiguration:
      Did not match:
         - @ConditionalOnProperty (spring.aop.proxy-target-class=false) did not find property 'proxy-target-class' (OnPropertyCondition)

   ArtemisAutoConfiguration:
      Did not match:
         - @ConditionalOnClass did not find required class 'javax.jms.ConnectionFactory' (OnClassCondition)

   AtomikosJtaConfiguration:
      Did not match:
         - @ConditionalOnClass did not find required class 'com.atomikos.icatch.jta.UserTransactionManager' (OnClassCondition)

   BatchAutoConfiguration:
      Did not match:
         - @ConditionalOnClass did not find required class 'org.springframework.batch.core.launch.JobLauncher' (OnClassCondition)

   BitronixJtaConfiguration:
      Did not match:
         - @ConditionalOnClass did not find required class 'bitronix.tm.jndi.BitronixContext' (OnClassCondition)

   CacheAutoConfiguration:
      Did not match:
         - @ConditionalOnBean (types: org.springframework.cache.interceptor.CacheAspectSupport; SearchStrategy: all) did not find any beans of type org.springframework.cache.interceptor.CacheAspectSupport (OnBeanCondition)
      Matched:
         - @ConditionalOnClass found required class 'org.springframework.cache.CacheManager' (OnClassCondition)

   CacheAutoConfiguration.CacheManagerJpaDependencyConfiguration:
      Did not match:
         - @ConditionalOnClass did not find required class 'org.springframework.orm.jpa.LocalContainerEntityManagerFactoryBean' (OnClassCondition)
         - Ancestor org.springframework.boot.autoconfigure.cache.CacheAutoConfiguration did not match (ConditionEvaluationReport.AncestorsMatchedCondition)

   CaffeineCacheConfiguration:
      Did not match:
         - @ConditionalOnClass did not find required classes 'com.github.benmanes.caffeine.cache.Caffeine', 'org.springframework.cache.caffeine.CaffeineCacheManager' (OnClassCondition)

   CassandraAutoConfiguration:
      Did not match:
         - @ConditionalOnClass did not find required class 'com.datastax.driver.core.Cluster' (OnClassCondition)

   CassandraDataAutoConfiguration:
      Did not match:
         - @ConditionalOnClass did not find required class 'com.datastax.driver.core.Cluster' (OnClassCondition)

   CassandraReactiveDataAutoConfiguration:
      Did not match:
         - @ConditionalOnClass did not find required class 'com.datastax.driver.core.Cluster' (OnClassCondition)

   CassandraReactiveRepositoriesAutoConfiguration:
      Did not match:
         - @ConditionalOnClass did not find required class 'org.springframework.data.cassandra.ReactiveSession' (OnClassCondition)

   CassandraRepositoriesAutoConfiguration:
      Did not match:
         - @ConditionalOnClass did not find required class 'com.datastax.driver.core.Session' (OnClassCondition)

   ClientHttpConnectorAutoConfiguration:
      Did not match:
         - @ConditionalOnClass did not find required class 'org.springframework.web.reactive.function.client.WebClient' (OnClassCondition)

   CloudServiceConnectorsAutoConfiguration:
      Did not match:
         - @ConditionalOnClass did not find required class 'org.springframework.cloud.config.java.CloudScanConfiguration' (OnClassCondition)

   CouchbaseAutoConfiguration:
      Did not match:
         - @ConditionalOnClass did not find required class 'com.couchbase.client.java.Cluster' (OnClassCondition)

   CouchbaseCacheConfiguration:
      Did not match:
         - @ConditionalOnClass did not find required classes 'com.couchbase.client.java.Bucket', 'com.couchbase.client.spring.cache.CouchbaseCacheManager' (OnClassCondition)

   CouchbaseDataAutoConfiguration:
      Did not match:
         - @ConditionalOnClass did not find required class 'com.couchbase.client.java.Bucket' (OnClassCondition)

   CouchbaseReactiveDataAutoConfiguration:
      Did not match:
         - @ConditionalOnClass did not find required class 'com.couchbase.client.java.Bucket' (OnClassCondition)

   CouchbaseReactiveRepositoriesAutoConfiguration:
      Did not match:
         - @ConditionalOnClass did not find required class 'com.couchbase.client.java.Bucket' (OnClassCondition)

   CouchbaseRepositoriesAutoConfiguration:
      Did not match:
         - @ConditionalOnClass did not find required class 'com.couchbase.client.java.Bucket' (OnClassCondition)

   DataSourceAutoConfiguration.EmbeddedDatabaseConfiguration:
      Did not match:
         - EmbeddedDataSource found supported pooled data source (DataSourceAutoConfiguration.EmbeddedDatabaseCondition)

   DataSourceConfiguration.Dbcp2:
      Did not match:
         - @ConditionalOnClass did not find required class 'org.apache.commons.dbcp2.BasicDataSource' (OnClassCondition)

   DataSourceConfiguration.Generic:
      Did not match:
         - @ConditionalOnProperty (spring.datasource.type) did not find property 'spring.datasource.type' (OnPropertyCondition)

   DataSourceConfiguration.Tomcat:
      Did not match:
         - @ConditionalOnClass did not find required class 'org.apache.tomcat.jdbc.pool.DataSource' (OnClassCondition)

   DataSourceJmxConfiguration:
      Did not match:
         - @ConditionalOnProperty (spring.jmx.enabled=true) found different value in property 'enabled' (OnPropertyCondition)

   DataSourcePoolMetadataProvidersConfiguration.CommonsDbcp2PoolDataSourceMetadataProviderConfiguration:
      Did not match:
         - @ConditionalOnClass did not find required class 'org.apache.commons.dbcp2.BasicDataSource' (OnClassCondition)

   DataSourcePoolMetadataProvidersConfiguration.TomcatDataSourcePoolMetadataProviderConfiguration:
      Did not match:
         - @ConditionalOnClass did not find required class 'org.apache.tomcat.jdbc.pool.DataSource' (OnClassCondition)

   DispatcherServletAutoConfiguration.DispatcherServletConfiguration#multipartResolver:
      Did not match:
         - @ConditionalOnBean (types: org.springframework.web.multipart.MultipartResolver; SearchStrategy: all) did not find any beans of type org.springframework.web.multipart.MultipartResolver (OnBeanCondition)

   EhCacheCacheConfiguration:
      Did not match:
         - @ConditionalOnClass did not find required classes 'net.sf.ehcache.Cache', 'org.springframework.cache.ehcache.EhCacheCacheManager' (OnClassCondition)

   ElasticsearchAutoConfiguration:
      Did not match:
         - @ConditionalOnClass did not find required class 'org.springframework.data.elasticsearch.client.TransportClientFactoryBean' (OnClassCondition)

   ElasticsearchDataAutoConfiguration:
      Did not match:
         - @ConditionalOnClass did not find required class 'org.springframework.data.elasticsearch.core.ElasticsearchTemplate' (OnClassCondition)

   ElasticsearchRepositoriesAutoConfiguration:
      Did not match:
         - @ConditionalOnClass did not find required class 'org.springframework.data.elasticsearch.repository.ElasticsearchRepository' (OnClassCondition)

   EmbeddedLdapAutoConfiguration:
      Did not match:
         - @ConditionalOnClass did not find required class 'com.unboundid.ldap.listener.InMemoryDirectoryServer' (OnClassCondition)

   EmbeddedMongoAutoConfiguration:
      Did not match:
         - @ConditionalOnClass did not find required class 'de.flapdoodle.embed.mongo.MongodStarter' (OnClassCondition)

   EmbeddedWebServerFactoryCustomizerAutoConfiguration.JettyWebServerFactoryCustomizerConfiguration:
      Did not match:
         - @ConditionalOnClass did not find required classes 'org.eclipse.jetty.server.Server', 'org.eclipse.jetty.util.Loader', 'org.eclipse.jetty.webapp.WebAppContext' (OnClassCondition)

   EmbeddedWebServerFactoryCustomizerAutoConfiguration.NettyWebServerFactoryCustomizerConfiguration:
      Did not match:
         - @ConditionalOnClass did not find required class 'reactor.netty.http.server.HttpServer' (OnClassCondition)

   EmbeddedWebServerFactoryCustomizerAutoConfiguration.UndertowWebServerFactoryCustomizerConfiguration:
      Did not match:
         - @ConditionalOnClass did not find required classes 'io.undertow.Undertow', 'org.xnio.SslClientAuthMode' (OnClassCondition)

   ErrorWebFluxAutoConfiguration:
      Did not match:
         - @ConditionalOnClass did not find required class 'org.springframework.web.reactive.config.WebFluxConfigurer' (OnClassCondition)

   EurekaClientAutoConfiguration:
      Did not match:
         - @ConditionalOnClass did not find required class 'com.netflix.discovery.EurekaClientConfig' (OnClassCondition)

   EurekaClientConfigServerAutoConfiguration:
      Did not match:
         - @ConditionalOnClass did not find required class 'com.netflix.discovery.EurekaClient' (OnClassCondition)

   EurekaDiscoveryClientConfigServiceAutoConfiguration:
      Did not match:
         - @ConditionalOnProperty (spring.cloud.config.discovery.enabled) did not find property 'spring.cloud.config.discovery.enabled' (OnPropertyCondition)

   EurekaDiscoveryClientConfiguration:
      Did not match:
         - @ConditionalOnClass did not find required class 'com.netflix.discovery.EurekaClientConfig' (OnClassCondition)

   FlywayAutoConfiguration:
      Did not match:
         - @ConditionalOnClass did not find required class 'org.flywaydb.core.Flyway' (OnClassCondition)

   FreeMarkerAutoConfiguration:
      Did not match:
         - @ConditionalOnClass did not find required class 'freemarker.template.Configuration' (OnClassCondition)

   GroovyTemplateAutoConfiguration:
      Did not match:
         - @ConditionalOnClass did not find required class 'groovy.text.markup.MarkupTemplateEngine' (OnClassCondition)

   GsonAutoConfiguration:
      Did not match:
         - @ConditionalOnClass did not find required class 'com.google.gson.Gson' (OnClassCondition)

   GsonHttpMessageConvertersConfiguration:
      Did not match:
         - @ConditionalOnClass did not find required class 'com.google.gson.Gson' (OnClassCondition)

   H2ConsoleAutoConfiguration:
      Did not match:
         - @ConditionalOnClass did not find required class 'org.h2.server.web.WebServlet' (OnClassCondition)

   HazelcastAutoConfiguration:
      Did not match:
         - @ConditionalOnClass did not find required class 'com.hazelcast.core.HazelcastInstance' (OnClassCondition)

   HazelcastCacheConfiguration:
      Did not match:
         - @ConditionalOnClass did not find required classes 'com.hazelcast.core.HazelcastInstance', 'com.hazelcast.spring.cache.HazelcastCacheManager' (OnClassCondition)

   HazelcastJpaDependencyAutoConfiguration:
      Did not match:
         - @ConditionalOnClass did not find required class 'com.hazelcast.core.HazelcastInstance' (OnClassCondition)

   HibernateJpaAutoConfiguration:
      Did not match:
         - @ConditionalOnClass did not find required class 'org.springframework.orm.jpa.LocalContainerEntityManagerFactoryBean' (OnClassCondition)

   HttpHandlerAutoConfiguration:
      Did not match:
         - @ConditionalOnClass did not find required class 'org.springframework.web.reactive.DispatcherHandler' (OnClassCondition)

   HypermediaAutoConfiguration:
      Did not match:
         - @ConditionalOnClass did not find required class 'org.springframework.hateoas.Resource' (OnClassCondition)

   HystrixAutoConfiguration:
      Did not match:
         - @ConditionalOnClass did not find required class 'com.netflix.hystrix.Hystrix' (OnClassCondition)

   HystrixSecurityAutoConfiguration:
      Did not match:
         - @ConditionalOnClass did not find required class 'com.netflix.hystrix.Hystrix' (OnClassCondition)

   InfinispanCacheConfiguration:
      Did not match:
         - @ConditionalOnClass did not find required class 'org.infinispan.spring.provider.SpringEmbeddedCacheManager' (OnClassCondition)

   InfluxDbAutoConfiguration:
      Did not match:
         - @ConditionalOnClass did not find required class 'org.influxdb.InfluxDB' (OnClassCondition)

   IntegrationAutoConfiguration:
      Did not match:
         - @ConditionalOnClass did not find required class 'org.springframework.integration.config.EnableIntegration' (OnClassCondition)

   JCacheCacheConfiguration:
      Did not match:
         - @ConditionalOnClass did not find required classes 'javax.cache.Caching', 'org.springframework.cache.jcache.JCacheCacheManager' (OnClassCondition)

   JacksonAutoConfiguration.JodaDateTimeJacksonConfiguration:
      Did not match:
         - @ConditionalOnClass did not find required classes 'com.fasterxml.jackson.datatype.joda.ser.DateTimeSerializer', 'com.fasterxml.jackson.datatype.joda.cfg.JacksonJodaDateFormat' (OnClassCondition)

   JacksonHttpMessageConvertersConfiguration.MappingJackson2XmlHttpMessageConverterConfiguration:
      Did not match:
         - @ConditionalOnClass did not find required class 'com.fasterxml.jackson.dataformat.xml.XmlMapper' (OnClassCondition)

   JdbcRepositoriesAutoConfiguration:
      Did not match:
         - @ConditionalOnClass did not find required class 'org.springframework.data.jdbc.repository.config.JdbcConfiguration' (OnClassCondition)

   JerseyAutoConfiguration:
      Did not match:
         - @ConditionalOnClass did not find required class 'org.glassfish.jersey.server.spring.SpringComponentProvider' (OnClassCondition)

   JestAutoConfiguration:
      Did not match:
         - @ConditionalOnClass did not find required class 'io.searchbox.client.JestClient' (OnClassCondition)

   JmsAutoConfiguration:
      Did not match:
         - @ConditionalOnClass did not find required class 'javax.jms.Message' (OnClassCondition)

   JmxAutoConfiguration:
      Did not match:
         - @ConditionalOnProperty (spring.jmx.enabled=true) found different value in property 'enabled' (OnPropertyCondition)
      Matched:
         - @ConditionalOnClass found required class 'org.springframework.jmx.export.MBeanExporter' (OnClassCondition)

   JndiConnectionFactoryAutoConfiguration:
      Did not match:
         - @ConditionalOnClass did not find required class 'org.springframework.jms.core.JmsTemplate' (OnClassCondition)

   JndiDataSourceAutoConfiguration:
      Did not match:
         - @ConditionalOnProperty (spring.datasource.jndi-name) did not find property 'jndi-name' (OnPropertyCondition)
      Matched:
         - @ConditionalOnClass found required classes 'javax.sql.DataSource', 'org.springframework.jdbc.datasource.embedded.EmbeddedDatabaseType' (OnClassCondition)

   JndiJtaConfiguration:
      Did not match:
         - @ConditionalOnJndi JNDI environment is not available (OnJndiCondition)
      Matched:
         - @ConditionalOnClass found required class 'org.springframework.transaction.jta.JtaTransactionManager' (OnClassCondition)

   JooqAutoConfiguration:
      Did not match:
         - @ConditionalOnClass did not find required class 'org.jooq.DSLContext' (OnClassCondition)

   JpaRepositoriesAutoConfiguration:
      Did not match:
         - @ConditionalOnClass did not find required class 'org.springframework.data.jpa.repository.JpaRepository' (OnClassCondition)

   JsonbAutoConfiguration:
      Did not match:
         - @ConditionalOnClass did not find required class 'javax.json.bind.Jsonb' (OnClassCondition)

   JsonbHttpMessageConvertersConfiguration:
      Did not match:
         - @ConditionalOnClass did not find required class 'javax.json.bind.Jsonb' (OnClassCondition)

   KafkaAutoConfiguration:
      Did not match:
         - @ConditionalOnClass did not find required class 'org.springframework.kafka.core.KafkaTemplate' (OnClassCondition)

   LdapAutoConfiguration:
      Did not match:
         - @ConditionalOnClass did not find required class 'org.springframework.ldap.core.ContextSource' (OnClassCondition)

   LdapRepositoriesAutoConfiguration:
      Did not match:
         - @ConditionalOnClass did not find required class 'org.springframework.data.ldap.repository.LdapRepository' (OnClassCondition)

   LiquibaseAutoConfiguration:
      Did not match:
         - @ConditionalOnClass did not find required class 'liquibase.change.DatabaseChange' (OnClassCondition)

   MailSenderAutoConfiguration:
      Did not match:
         - @ConditionalOnClass did not find required class 'javax.mail.internet.MimeMessage' (OnClassCondition)

   MailSenderValidatorAutoConfiguration:
      Did not match:
         - @ConditionalOnSingleCandidate did not find required type 'org.springframework.mail.javamail.JavaMailSenderImpl' (OnBeanCondition)

   MessageSourceAutoConfiguration:
      Did not match:
         - ResourceBundle did not find bundle with basename messages (MessageSourceAutoConfiguration.ResourceBundleCondition)

   MongoReactiveAutoConfiguration:
      Did not match:
         - @ConditionalOnClass did not find required class 'com.mongodb.reactivestreams.client.MongoClient' (OnClassCondition)

   MongoReactiveDataAutoConfiguration:
      Did not match:
         - @ConditionalOnClass did not find required class 'com.mongodb.reactivestreams.client.MongoClient' (OnClassCondition)

   MongoReactiveRepositoriesAutoConfiguration:
      Did not match:
         - @ConditionalOnClass did not find required class 'com.mongodb.reactivestreams.client.MongoClient' (OnClassCondition)

   MustacheAutoConfiguration:
      Did not match:
         - @ConditionalOnClass did not find required class 'com.samskivert.mustache.Mustache' (OnClassCondition)

   Neo4jDataAutoConfiguration:
      Did not match:
         - @ConditionalOnClass did not find required class 'org.neo4j.ogm.session.SessionFactory' (OnClassCondition)

   Neo4jRepositoriesAutoConfiguration:
      Did not match:
         - @ConditionalOnClass did not find required class 'org.neo4j.ogm.session.Neo4jSession' (OnClassCondition)

   OAuth2ClientAutoConfiguration:
      Did not match:
         - @ConditionalOnClass did not find required class 'org.springframework.security.config.annotation.web.configuration.EnableWebSecurity' (OnClassCondition)

   OAuth2ResourceServerAutoConfiguration:
      Did not match:
         - @ConditionalOnClass did not find required class 'org.springframework.security.oauth2.jwt.JwtDecoder' (OnClassCondition)

   ProjectInfoAutoConfiguration#buildProperties:
      Did not match:
         - @ConditionalOnResource did not find resource '${spring.info.build.location:classpath:META-INF/build-info.properties}' (OnResourceCondition)

   ProjectInfoAutoConfiguration#gitProperties:
      Did not match:
         - GitResource did not find git info at classpath:git.properties (ProjectInfoAutoConfiguration.GitResourceAvailableCondition)

   QuartzAutoConfiguration:
      Did not match:
         - @ConditionalOnClass did not find required class 'org.quartz.Scheduler' (OnClassCondition)

   RabbitAutoConfiguration:
      Did not match:
         - @ConditionalOnClass did not find required class 'com.rabbitmq.client.Channel' (OnClassCondition)

   ReactiveOAuth2ClientAutoConfiguration:
      Did not match:
         - @ConditionalOnClass did not find required class 'reactor.core.publisher.Flux' (OnClassCondition)

   ReactiveOAuth2ResourceServerAutoConfiguration:
      Did not match:
         - @ConditionalOnClass did not find required class 'org.springframework.security.config.annotation.web.reactive.EnableWebFluxSecurity' (OnClassCondition)

   ReactiveSecurityAutoConfiguration:
      Did not match:
         - @ConditionalOnClass did not find required class 'reactor.core.publisher.Flux' (OnClassCondition)

   ReactiveUserDetailsServiceAutoConfiguration:
      Did not match:
         - @ConditionalOnClass did not find required class 'org.springframework.security.authentication.ReactiveAuthenticationManager' (OnClassCondition)

   ReactiveWebServerFactoryAutoConfiguration:
      Did not match:
         - @ConditionalOnWebApplication did not find reactive web application classes (OnWebApplicationCondition)

   ReactorCoreAutoConfiguration:
      Did not match:
         - @ConditionalOnClass did not find required class 'reactor.core.publisher.Flux' (OnClassCondition)

   RedisAutoConfiguration:
      Did not match:
         - @ConditionalOnClass did not find required class 'org.springframework.data.redis.core.RedisOperations' (OnClassCondition)

   RedisCacheConfiguration:
      Did not match:
         - @ConditionalOnClass did not find required class 'org.springframework.data.redis.connection.RedisConnectionFactory' (OnClassCondition)

   RedisReactiveAutoConfiguration:
      Did not match:
         - @ConditionalOnClass did not find required class 'reactor.core.publisher.Flux' (OnClassCondition)

   RedisRepositoriesAutoConfiguration:
      Did not match:
         - @ConditionalOnClass did not find required class 'org.springframework.data.redis.repository.configuration.EnableRedisRepositories' (OnClassCondition)

   RepositoryRestMvcAutoConfiguration:
      Did not match:
         - @ConditionalOnClass did not find required class 'org.springframework.data.rest.webmvc.config.RepositoryRestMvcConfiguration' (OnClassCondition)

   RestClientAutoConfiguration#restClient:
      Did not match:
         - @ConditionalOnMissingBean (types: org.elasticsearch.client.RestClient; SearchStrategy: all) found beans of type 'org.elasticsearch.client.RestClient' restClient (OnBeanCondition)

   RestClientAutoConfiguration.RestHighLevelClientConfiguration#restHighLevelClient:
      Did not match:
         - @ConditionalOnMissingBean (types: org.elasticsearch.client.RestHighLevelClient; SearchStrategy: all) found beans of type 'org.elasticsearch.client.RestHighLevelClient' restHighLevelClient (OnBeanCondition)

   RibbonEurekaAutoConfiguration:
      Did not match:
         - AllNestedConditions 1 matched 2 did not; NestedCondition on ConditionalOnRibbonAndEurekaEnabled.OnRibbonAndEurekaEnabledCondition.OnEurekaClientEnabled @ConditionalOnProperty (eureka.client.enabled) matched; NestedCondition on ConditionalOnRibbonAndEurekaEnabled.OnRibbonAndEurekaEnabledCondition.EurekaBeans @ConditionalOnBean (types: com.netflix.discovery.EurekaClient; SearchStrategy: all) did not find any beans of type com.netflix.discovery.EurekaClient; NestedCondition on ConditionalOnRibbonAndEurekaEnabled.OnRibbonAndEurekaEnabledCondition.Defaults found non-matching nested conditions @ConditionalOnClass did not find required class 'com.netflix.niws.loadbalancer.DiscoveryEnabledNIWSServerList', @ConditionalOnBean (types: org.springframework.cloud.netflix.ribbon.SpringClientFactory; SearchStrategy: all) did not find any beans of type org.springframework.cloud.netflix.ribbon.SpringClientFactory (ConditionalOnRibbonAndEurekaEnabled.OnRibbonAndEurekaEnabledCondition)

   SecurityAutoConfiguration:
      Did not match:
         - @ConditionalOnClass did not find required class 'org.springframework.security.authentication.DefaultAuthenticationEventPublisher' (OnClassCondition)

   SecurityFilterAutoConfiguration:
      Did not match:
         - @ConditionalOnClass did not find required class 'org.springframework.security.config.http.SessionCreationPolicy' (OnClassCondition)

   SecurityRequestMatcherProviderAutoConfiguration:
      Did not match:
         - @ConditionalOnClass did not find required class 'org.springframework.security.web.util.matcher.RequestMatcher' (OnClassCondition)

   SendGridAutoConfiguration:
      Did not match:
         - @ConditionalOnClass did not find required class 'com.sendgrid.SendGrid' (OnClassCondition)

   ServletWebServerFactoryConfiguration.EmbeddedJetty:
      Did not match:
         - @ConditionalOnClass did not find required classes 'org.eclipse.jetty.server.Server', 'org.eclipse.jetty.util.Loader', 'org.eclipse.jetty.webapp.WebAppContext' (OnClassCondition)

   ServletWebServerFactoryConfiguration.EmbeddedUndertow:
      Did not match:
         - @ConditionalOnClass did not find required classes 'io.undertow.Undertow', 'org.xnio.SslClientAuthMode' (OnClassCondition)

   SessionAutoConfiguration:
      Did not match:
         - @ConditionalOnClass did not find required class 'org.springframework.session.Session' (OnClassCondition)

   SolrAutoConfiguration:
      Did not match:
         - @ConditionalOnClass did not find required class 'org.apache.solr.client.solrj.impl.CloudSolrClient' (OnClassCondition)

   SolrRepositoriesAutoConfiguration:
      Did not match:
         - @ConditionalOnClass did not find required class 'org.apache.solr.client.solrj.SolrClient' (OnClassCondition)

   SpringApplicationAdminJmxAutoConfiguration:
      Did not match:
         - @ConditionalOnProperty (spring.application.admin.enabled=true) did not find property 'enabled' (OnPropertyCondition)

   TaskSchedulingAutoConfiguration#taskScheduler:
      Did not match:
         - @ConditionalOnBean (names: org.springframework.context.annotation.internalScheduledAnnotationProcessor; SearchStrategy: all) did not find any beans named org.springframework.context.annotation.internalScheduledAnnotationProcessor (OnBeanCondition)

   ThymeleafAutoConfiguration:
      Did not match:
         - @ConditionalOnClass did not find required class 'org.thymeleaf.spring5.SpringTemplateEngine' (OnClassCondition)

   TransactionAutoConfiguration.EnableTransactionManagementConfiguration.JdkDynamicAutoProxyConfiguration:
      Did not match:
         - @ConditionalOnProperty (spring.aop.proxy-target-class=false) did not find property 'proxy-target-class' (OnPropertyCondition)

   UserDetailsServiceAutoConfiguration:
      Did not match:
         - @ConditionalOnClass did not find required class 'org.springframework.security.authentication.AuthenticationManager' (OnClassCondition)

   WebClientAutoConfiguration:
      Did not match:
         - @ConditionalOnClass did not find required class 'org.springframework.web.reactive.function.client.WebClient' (OnClassCondition)

   WebFluxAutoConfiguration:
      Did not match:
         - @ConditionalOnClass did not find required class 'org.springframework.web.reactive.config.WebFluxConfigurer' (OnClassCondition)

   WebMvcAutoConfiguration.ResourceChainCustomizerConfiguration:
      Did not match:
         - @ConditionalOnEnabledResourceChain did not find class org.webjars.WebJarAssetLocator (OnEnabledResourceChainCondition)

   WebMvcAutoConfiguration.WebMvcAutoConfigurationAdapter#beanNameViewResolver:
      Did not match:
         - @ConditionalOnMissingBean (types: org.springframework.web.servlet.view.BeanNameViewResolver; SearchStrategy: all) found beans of type 'org.springframework.web.servlet.view.BeanNameViewResolver' beanNameViewResolver (OnBeanCondition)

   WebMvcAutoConfiguration.WebMvcAutoConfigurationAdapter#localeResolver:
      Did not match:
         - @ConditionalOnProperty (spring.mvc.locale) did not find property 'locale' (OnPropertyCondition)

   WebServiceTemplateAutoConfiguration:
      Did not match:
         - @ConditionalOnClass did not find required class 'org.springframework.oxm.Marshaller' (OnClassCondition)

   WebServicesAutoConfiguration:
      Did not match:
         - @ConditionalOnClass did not find required class 'org.springframework.ws.transport.http.MessageDispatcherServlet' (OnClassCondition)

   WebSocketMessagingAutoConfiguration:
      Did not match:
         - @ConditionalOnClass did not find required class 'org.springframework.web.socket.config.annotation.WebSocketMessageBrokerConfigurer' (OnClassCondition)

   WebSocketReactiveAutoConfiguration:
      Did not match:
         - @ConditionalOnWebApplication did not find reactive web application classes (OnWebApplicationCondition)

   WebSocketServletAutoConfiguration.JettyWebSocketConfiguration:
      Did not match:
         - @ConditionalOnClass did not find required class 'org.eclipse.jetty.websocket.jsr356.server.deploy.WebSocketServerContainerInitializer' (OnClassCondition)

   WebSocketServletAutoConfiguration.UndertowWebSocketConfiguration:
      Did not match:
         - @ConditionalOnClass did not find required class 'io.undertow.websockets.jsr.Bootstrap' (OnClassCondition)

   XADataSourceAutoConfiguration:
      Did not match:
         - @ConditionalOnBean (types: org.springframework.boot.jdbc.XADataSourceWrapper; SearchStrategy: all) did not find any beans of type org.springframework.boot.jdbc.XADataSourceWrapper (OnBeanCondition)
      Matched:
         - @ConditionalOnClass found required classes 'javax.sql.DataSource', 'javax.transaction.TransactionManager', 'org.springframework.jdbc.datasource.embedded.EmbeddedDatabaseType' (OnClassCondition)


Exclusions:
-----------

    None


Unconditional classes:
----------------------

    org.springframework.boot.autoconfigure.context.ConfigurationPropertiesAutoConfiguration

    org.springframework.boot.autoconfigure.context.PropertyPlaceholderAutoConfiguration

    org.springframework.boot.autoconfigure.info.ProjectInfoAutoConfiguration



]]></system-out>
  </testcase>
  <testcase name="testSearchPage" classname="com.xuecheng.search.TestSearch" time="2.011">
    <error message="Timeout connecting to [/127.0.0.1:9200]" type="java.net.ConnectException">java.net.ConnectException: Timeout connecting to [/127.0.0.1:9200]
	at com.xuecheng.search.TestSearch.testSearchPage(TestSearch.java:89)
Caused by: java.net.ConnectException: Timeout connecting to [/127.0.0.1:9200]
</error>
  </testcase>
  <testcase name="testSearchbool" classname="com.xuecheng.search.TestSearch" time="2.058">
    <error message="Timeout connecting to [/127.0.0.1:9201]" type="java.net.ConnectException">java.net.ConnectException: Timeout connecting to [/127.0.0.1:9201]
	at com.xuecheng.search.TestSearch.testSearchbool(TestSearch.java:136)
Caused by: java.net.ConnectException: Timeout connecting to [/127.0.0.1:9201]
</error>
  </testcase>
</testsuite>