<?xml version="1.0" encoding="UTF-8"?>
<testsuite xmlns:xsi="http://www.w3.org/2001/XMLSchema-instance" xsi:noNamespaceSchemaLocation="https://maven.apache.org/surefire/maven-surefire-plugin/xsd/surefire-test-report.xsd" name="com.xuecheng.manage_cms.dao.PageServiceTest" time="0.009" tests="1" errors="1" skipped="0" failures="0">
  <properties>
    <property name="sun.desktop" value="windows"/>
    <property name="awt.toolkit" value="sun.awt.windows.WToolkit"/>
    <property name="file.encoding.pkg" value="sun.io"/>
    <property name="java.specification.version" value="1.8"/>
    <property name="sun.cpu.isalist" value="amd64"/>
    <property name="sun.jnu.encoding" value="GBK"/>
    <property name="java.class.path" value="D:\Projects\IdeaProjects\xcEduService01\xc-service-manage-cms\target\test-classes;D:\Projects\IdeaProjects\xcEduService01\xc-service-manage-cms\target\classes;D:\develop\apache-maven-3.6.1-bin\mvn_repository\com\xuecheng\xc-service-api\1.0-SNAPSHOT\xc-service-api-1.0-SNAPSHOT.jar;D:\develop\apache-maven-3.6.1-bin\mvn_repository\commons-fileupload\commons-fileupload\1.3.3\commons-fileupload-1.3.3.jar;D:\develop\apache-maven-3.6.1-bin\mvn_repository\io\springfox\springfox-swagger2\2.9.2\springfox-swagger2-2.9.2.jar;D:\develop\apache-maven-3.6.1-bin\mvn_repository\io\swagger\swagger-annotations\1.5.20\swagger-annotations-1.5.20.jar;D:\develop\apache-maven-3.6.1-bin\mvn_repository\io\swagger\swagger-models\1.5.20\swagger-models-1.5.20.jar;D:\develop\apache-maven-3.6.1-bin\mvn_repository\io\springfox\springfox-spi\2.9.2\springfox-spi-2.9.2.jar;D:\develop\apache-maven-3.6.1-bin\mvn_repository\io\springfox\springfox-core\2.9.2\springfox-core-2.9.2.jar;D:\develop\apache-maven-3.6.1-bin\mvn_repository\io\springfox\springfox-schema\2.9.2\springfox-schema-2.9.2.jar;D:\develop\apache-maven-3.6.1-bin\mvn_repository\io\springfox\springfox-swagger-common\2.9.2\springfox-swagger-common-2.9.2.jar;D:\develop\apache-maven-3.6.1-bin\mvn_repository\io\springfox\springfox-spring-web\2.9.2\springfox-spring-web-2.9.2.jar;D:\develop\apache-maven-3.6.1-bin\mvn_repository\com\fasterxml\classmate\1.4.0\classmate-1.4.0.jar;D:\develop\apache-maven-3.6.1-bin\mvn_repository\org\slf4j\slf4j-api\1.7.26\slf4j-api-1.7.26.jar;D:\develop\apache-maven-3.6.1-bin\mvn_repository\org\springframework\plugin\spring-plugin-core\1.2.0.RELEASE\spring-plugin-core-1.2.0.RELEASE.jar;D:\develop\apache-maven-3.6.1-bin\mvn_repository\org\springframework\plugin\spring-plugin-metadata\1.2.0.RELEASE\spring-plugin-metadata-1.2.0.RELEASE.jar;D:\develop\apache-maven-3.6.1-bin\mvn_repository\org\mapstruct\mapstruct\1.2.0.Final\mapstruct-1.2.0.Final.jar;D:\develop\apache-maven-3.6.1-bin\mvn_repository\io\springfox\springfox-swagger-ui\2.9.2\springfox-swagger-ui-2.9.2.jar;D:\develop\apache-maven-3.6.1-bin\mvn_repository\commons-io\commons-io\2.6\commons-io-2.6.jar;D:\develop\apache-maven-3.6.1-bin\mvn_repository\org\apache\commons\commons-lang3\3.8.1\commons-lang3-3.8.1.jar;D:\develop\apache-maven-3.6.1-bin\mvn_repository\com\xuecheng\xc-framework-model\1.0-SNAPSHOT\xc-framework-model-1.0-SNAPSHOT.jar;D:\develop\apache-maven-3.6.1-bin\mvn_repository\org\projectlombok\lombok\1.18.8\lombok-1.18.8.jar;D:\develop\apache-maven-3.6.1-bin\mvn_repository\org\springframework\data\spring-data-commons\2.1.8.RELEASE\spring-data-commons-2.1.8.RELEASE.jar;D:\develop\apache-maven-3.6.1-bin\mvn_repository\org\springframework\spring-beans\5.1.7.RELEASE\spring-beans-5.1.7.RELEASE.jar;D:\develop\apache-maven-3.6.1-bin\mvn_repository\org\springframework\data\spring-data-mongodb\2.1.8.RELEASE\spring-data-mongodb-2.1.8.RELEASE.jar;D:\develop\apache-maven-3.6.1-bin\mvn_repository\org\springframework\spring-tx\5.1.7.RELEASE\spring-tx-5.1.7.RELEASE.jar;D:\develop\apache-maven-3.6.1-bin\mvn_repository\org\springframework\spring-context\5.1.7.RELEASE\spring-context-5.1.7.RELEASE.jar;D:\develop\apache-maven-3.6.1-bin\mvn_repository\org\springframework\spring-expression\5.1.7.RELEASE\spring-expression-5.1.7.RELEASE.jar;D:\develop\apache-maven-3.6.1-bin\mvn_repository\org\mongodb\mongo-java-driver\3.8.2\mongo-java-driver-3.8.2.jar;D:\develop\apache-maven-3.6.1-bin\mvn_repository\org\hibernate\hibernate-core\5.3.10.Final\hibernate-core-5.3.10.Final.jar;D:\develop\apache-maven-3.6.1-bin\mvn_repository\org\jboss\logging\jboss-logging\3.3.2.Final\jboss-logging-3.3.2.Final.jar;D:\develop\apache-maven-3.6.1-bin\mvn_repository\javax\persistence\javax.persistence-api\2.2\javax.persistence-api-2.2.jar;D:\develop\apache-maven-3.6.1-bin\mvn_repository\org\javassist\javassist\3.23.2-GA\javassist-3.23.2-GA.jar;D:\develop\apache-maven-3.6.1-bin\mvn_repository\net\bytebuddy\byte-buddy\1.9.12\byte-buddy-1.9.12.jar;D:\develop\apache-maven-3.6.1-bin\mvn_repository\antlr\antlr\2.7.7\antlr-2.7.7.jar;D:\develop\apache-maven-3.6.1-bin\mvn_repository\org\jboss\spec\javax\transaction\jboss-transaction-api_1.2_spec\1.1.1.Final\jboss-transaction-api_1.2_spec-1.1.1.Final.jar;D:\develop\apache-maven-3.6.1-bin\mvn_repository\org\jboss\jandex\2.0.5.Final\jandex-2.0.5.Final.jar;D:\develop\apache-maven-3.6.1-bin\mvn_repository\javax\activation\javax.activation-api\1.2.0\javax.activation-api-1.2.0.jar;D:\develop\apache-maven-3.6.1-bin\mvn_repository\org\dom4j\dom4j\2.1.1\dom4j-2.1.1.jar;D:\develop\apache-maven-3.6.1-bin\mvn_repository\org\hibernate\common\hibernate-commons-annotations\5.0.4.Final\hibernate-commons-annotations-5.0.4.Final.jar;D:\develop\apache-maven-3.6.1-bin\mvn_repository\com\github\pagehelper\pagehelper-spring-boot-starter\1.2.10\pagehelper-spring-boot-starter-1.2.10.jar;D:\develop\apache-maven-3.6.1-bin\mvn_repository\org\mybatis\spring\boot\mybatis-spring-boot-starter\1.3.2\mybatis-spring-boot-starter-1.3.2.jar;D:\develop\apache-maven-3.6.1-bin\mvn_repository\org\springframework\boot\spring-boot-starter-jdbc\2.1.5.RELEASE\spring-boot-starter-jdbc-2.1.5.RELEASE.jar;D:\develop\apache-maven-3.6.1-bin\mvn_repository\com\zaxxer\HikariCP\3.2.0\HikariCP-3.2.0.jar;D:\develop\apache-maven-3.6.1-bin\mvn_repository\org\springframework\spring-jdbc\5.1.7.RELEASE\spring-jdbc-5.1.7.RELEASE.jar;D:\develop\apache-maven-3.6.1-bin\mvn_repository\org\mybatis\spring\boot\mybatis-spring-boot-autoconfigure\1.3.2\mybatis-spring-boot-autoconfigure-1.3.2.jar;D:\develop\apache-maven-3.6.1-bin\mvn_repository\org\mybatis\mybatis\3.4.6\mybatis-3.4.6.jar;D:\develop\apache-maven-3.6.1-bin\mvn_repository\org\mybatis\mybatis-spring\1.3.2\mybatis-spring-1.3.2.jar;D:\develop\apache-maven-3.6.1-bin\mvn_repository\com\github\pagehelper\pagehelper-spring-boot-autoconfigure\1.2.10\pagehelper-spring-boot-autoconfigure-1.2.10.jar;D:\develop\apache-maven-3.6.1-bin\mvn_repository\com\github\pagehelper\pagehelper\5.1.8\pagehelper-5.1.8.jar;D:\develop\apache-maven-3.6.1-bin\mvn_repository\com\github\jsqlparser\jsqlparser\1.2\jsqlparser-1.2.jar;D:\develop\apache-maven-3.6.1-bin\mvn_repository\com\xuecheng\xc-framework-utils\1.0-SNAPSHOT\xc-framework-utils-1.0-SNAPSHOT.jar;D:\develop\apache-maven-3.6.1-bin\mvn_repository\javax\servlet\javax.servlet-api\4.0.1\javax.servlet-api-4.0.1.jar;D:\develop\apache-maven-3.6.1-bin\mvn_repository\org\springframework\boot\spring-boot-starter-logging\2.1.5.RELEASE\spring-boot-starter-logging-2.1.5.RELEASE.jar;D:\develop\apache-maven-3.6.1-bin\mvn_repository\ch\qos\logback\logback-classic\1.2.3\logback-classic-1.2.3.jar;D:\develop\apache-maven-3.6.1-bin\mvn_repository\ch\qos\logback\logback-core\1.2.3\logback-core-1.2.3.jar;D:\develop\apache-maven-3.6.1-bin\mvn_repository\org\apache\logging\log4j\log4j-to-slf4j\2.11.2\log4j-to-slf4j-2.11.2.jar;D:\develop\apache-maven-3.6.1-bin\mvn_repository\org\apache\logging\log4j\log4j-api\2.11.2\log4j-api-2.11.2.jar;D:\develop\apache-maven-3.6.1-bin\mvn_repository\org\slf4j\jul-to-slf4j\1.7.26\jul-to-slf4j-1.7.26.jar;D:\develop\apache-maven-3.6.1-bin\mvn_repository\org\apache\httpcomponents\httpclient\4.5.3\httpclient-4.5.3.jar;D:\develop\apache-maven-3.6.1-bin\mvn_repository\org\apache\httpcomponents\httpcore\4.4.11\httpcore-4.4.11.jar;D:\develop\apache-maven-3.6.1-bin\mvn_repository\commons-logging\commons-logging\1.2\commons-logging-1.2.jar;D:\develop\apache-maven-3.6.1-bin\mvn_repository\commons-codec\commons-codec\1.11\commons-codec-1.11.jar;D:\develop\apache-maven-3.6.1-bin\mvn_repository\net\lingala\zip4j\zip4j\1.3.1\zip4j-1.3.1.jar;D:\develop\apache-maven-3.6.1-bin\mvn_repository\org\springframework\security\spring-security-crypto\5.1.5.RELEASE\spring-security-crypto-5.1.5.RELEASE.jar;D:\develop\apache-maven-3.6.1-bin\mvn_repository\org\springframework\security\spring-security-jwt\1.0.8.RELEASE\spring-security-jwt-1.0.8.RELEASE.jar;D:\develop\apache-maven-3.6.1-bin\mvn_repository\org\bouncycastle\bcpkix-jdk15on\1.56\bcpkix-jdk15on-1.56.jar;D:\develop\apache-maven-3.6.1-bin\mvn_repository\org\bouncycastle\bcprov-jdk15on\1.56\bcprov-jdk15on-1.56.jar;D:\develop\apache-maven-3.6.1-bin\mvn_repository\com\xuecheng\xc-framework-common\1.0-SNAPSHOT\xc-framework-common-1.0-SNAPSHOT.jar;D:\develop\apache-maven-3.6.1-bin\mvn_repository\com\google\guava\guava\28.0-jre\guava-28.0-jre.jar;D:\develop\apache-maven-3.6.1-bin\mvn_repository\com\google\guava\failureaccess\1.0.1\failureaccess-1.0.1.jar;D:\develop\apache-maven-3.6.1-bin\mvn_repository\com\google\guava\listenablefuture\9999.0-empty-to-avoid-conflict-with-guava\listenablefuture-9999.0-empty-to-avoid-conflict-with-guava.jar;D:\develop\apache-maven-3.6.1-bin\mvn_repository\com\google\code\findbugs\jsr305\3.0.2\jsr305-3.0.2.jar;D:\develop\apache-maven-3.6.1-bin\mvn_repository\org\checkerframework\checker-qual\2.8.1\checker-qual-2.8.1.jar;D:\develop\apache-maven-3.6.1-bin\mvn_repository\com\google\errorprone\error_prone_annotations\2.3.2\error_prone_annotations-2.3.2.jar;D:\develop\apache-maven-3.6.1-bin\mvn_repository\com\google\j2objc\j2objc-annotations\1.3\j2objc-annotations-1.3.jar;D:\develop\apache-maven-3.6.1-bin\mvn_repository\org\codehaus\mojo\animal-sniffer-annotations\1.17\animal-sniffer-annotations-1.17.jar;D:\develop\apache-maven-3.6.1-bin\mvn_repository\org\springframework\spring-web\5.1.7.RELEASE\spring-web-5.1.7.RELEASE.jar;D:\develop\apache-maven-3.6.1-bin\mvn_repository\org\springframework\boot\spring-boot-starter-web\2.1.5.RELEASE\spring-boot-starter-web-2.1.5.RELEASE.jar;D:\develop\apache-maven-3.6.1-bin\mvn_repository\org\springframework\boot\spring-boot-starter\2.1.5.RELEASE\spring-boot-starter-2.1.5.RELEASE.jar;D:\develop\apache-maven-3.6.1-bin\mvn_repository\org\springframework\boot\spring-boot\2.1.5.RELEASE\spring-boot-2.1.5.RELEASE.jar;D:\develop\apache-maven-3.6.1-bin\mvn_repository\org\springframework\boot\spring-boot-autoconfigure\2.1.5.RELEASE\spring-boot-autoconfigure-2.1.5.RELEASE.jar;D:\develop\apache-maven-3.6.1-bin\mvn_repository\javax\annotation\javax.annotation-api\1.3.2\javax.annotation-api-1.3.2.jar;D:\develop\apache-maven-3.6.1-bin\mvn_repository\org\yaml\snakeyaml\1.23\snakeyaml-1.23.jar;D:\develop\apache-maven-3.6.1-bin\mvn_repository\org\springframework\boot\spring-boot-starter-json\2.1.5.RELEASE\spring-boot-starter-json-2.1.5.RELEASE.jar;D:\develop\apache-maven-3.6.1-bin\mvn_repository\com\fasterxml\jackson\core\jackson-databind\2.9.9\jackson-databind-2.9.9.jar;D:\develop\apache-maven-3.6.1-bin\mvn_repository\com\fasterxml\jackson\datatype\jackson-datatype-jdk8\2.9.8\jackson-datatype-jdk8-2.9.8.jar;D:\develop\apache-maven-3.6.1-bin\mvn_repository\com\fasterxml\jackson\datatype\jackson-datatype-jsr310\2.9.8\jackson-datatype-jsr310-2.9.8.jar;D:\develop\apache-maven-3.6.1-bin\mvn_repository\com\fasterxml\jackson\module\jackson-module-parameter-names\2.9.8\jackson-module-parameter-names-2.9.8.jar;D:\develop\apache-maven-3.6.1-bin\mvn_repository\org\springframework\boot\spring-boot-starter-tomcat\2.1.5.RELEASE\spring-boot-starter-tomcat-2.1.5.RELEASE.jar;D:\develop\apache-maven-3.6.1-bin\mvn_repository\org\apache\tomcat\embed\tomcat-embed-core\9.0.19\tomcat-embed-core-9.0.19.jar;D:\develop\apache-maven-3.6.1-bin\mvn_repository\org\apache\tomcat\embed\tomcat-embed-el\9.0.19\tomcat-embed-el-9.0.19.jar;D:\develop\apache-maven-3.6.1-bin\mvn_repository\org\apache\tomcat\embed\tomcat-embed-websocket\9.0.19\tomcat-embed-websocket-9.0.19.jar;D:\develop\apache-maven-3.6.1-bin\mvn_repository\org\hibernate\validator\hibernate-validator\6.0.16.Final\hibernate-validator-6.0.16.Final.jar;D:\develop\apache-maven-3.6.1-bin\mvn_repository\javax\validation\validation-api\2.0.1.Final\validation-api-2.0.1.Final.jar;D:\develop\apache-maven-3.6.1-bin\mvn_repository\org\springframework\spring-webmvc\5.1.7.RELEASE\spring-webmvc-5.1.7.RELEASE.jar;D:\develop\apache-maven-3.6.1-bin\mvn_repository\org\springframework\spring-aop\5.1.7.RELEASE\spring-aop-5.1.7.RELEASE.jar;D:\develop\apache-maven-3.6.1-bin\mvn_repository\org\springframework\boot\spring-boot-starter-freemarker\2.1.5.RELEASE\spring-boot-starter-freemarker-2.1.5.RELEASE.jar;D:\develop\apache-maven-3.6.1-bin\mvn_repository\org\freemarker\freemarker\2.3.28\freemarker-2.3.28.jar;D:\develop\apache-maven-3.6.1-bin\mvn_repository\org\springframework\spring-context-support\5.1.7.RELEASE\spring-context-support-5.1.7.RELEASE.jar;D:\develop\apache-maven-3.6.1-bin\mvn_repository\org\springframework\boot\spring-boot-starter-data-mongodb\2.1.5.RELEASE\spring-boot-starter-data-mongodb-2.1.5.RELEASE.jar;D:\develop\apache-maven-3.6.1-bin\mvn_repository\org\mongodb\mongodb-driver\3.8.2\mongodb-driver-3.8.2.jar;D:\develop\apache-maven-3.6.1-bin\mvn_repository\org\mongodb\bson\3.8.2\bson-3.8.2.jar;D:\develop\apache-maven-3.6.1-bin\mvn_repository\org\mongodb\mongodb-driver-core\3.8.2\mongodb-driver-core-3.8.2.jar;D:\develop\apache-maven-3.6.1-bin\mvn_repository\org\springframework\boot\spring-boot-starter-amqp\2.1.5.RELEASE\spring-boot-starter-amqp-2.1.5.RELEASE.jar;D:\develop\apache-maven-3.6.1-bin\mvn_repository\org\springframework\spring-messaging\5.1.7.RELEASE\spring-messaging-5.1.7.RELEASE.jar;D:\develop\apache-maven-3.6.1-bin\mvn_repository\org\springframework\amqp\spring-rabbit\2.1.6.RELEASE\spring-rabbit-2.1.6.RELEASE.jar;D:\develop\apache-maven-3.6.1-bin\mvn_repository\org\springframework\amqp\spring-amqp\2.1.6.RELEASE\spring-amqp-2.1.6.RELEASE.jar;D:\develop\apache-maven-3.6.1-bin\mvn_repository\org\springframework\retry\spring-retry\1.2.4.RELEASE\spring-retry-1.2.4.RELEASE.jar;D:\develop\apache-maven-3.6.1-bin\mvn_repository\com\rabbitmq\amqp-client\5.4.3\amqp-client-5.4.3.jar;D:\develop\apache-maven-3.6.1-bin\mvn_repository\com\squareup\okhttp3\okhttp\3.14.2\okhttp-3.14.2.jar;D:\develop\apache-maven-3.6.1-bin\mvn_repository\com\squareup\okio\okio\1.17.2\okio-1.17.2.jar;D:\develop\apache-maven-3.6.1-bin\mvn_repository\org\springframework\boot\spring-boot-starter-test\2.1.5.RELEASE\spring-boot-starter-test-2.1.5.RELEASE.jar;D:\develop\apache-maven-3.6.1-bin\mvn_repository\org\springframework\boot\spring-boot-test\2.1.5.RELEASE\spring-boot-test-2.1.5.RELEASE.jar;D:\develop\apache-maven-3.6.1-bin\mvn_repository\org\springframework\boot\spring-boot-test-autoconfigure\2.1.5.RELEASE\spring-boot-test-autoconfigure-2.1.5.RELEASE.jar;D:\develop\apache-maven-3.6.1-bin\mvn_repository\com\jayway\jsonpath\json-path\2.4.0\json-path-2.4.0.jar;D:\develop\apache-maven-3.6.1-bin\mvn_repository\net\minidev\json-smart\2.3\json-smart-2.3.jar;D:\develop\apache-maven-3.6.1-bin\mvn_repository\net\minidev\accessors-smart\1.2\accessors-smart-1.2.jar;D:\develop\apache-maven-3.6.1-bin\mvn_repository\org\ow2\asm\asm\5.0.4\asm-5.0.4.jar;D:\develop\apache-maven-3.6.1-bin\mvn_repository\junit\junit\4.12\junit-4.12.jar;D:\develop\apache-maven-3.6.1-bin\mvn_repository\org\assertj\assertj-core\3.11.1\assertj-core-3.11.1.jar;D:\develop\apache-maven-3.6.1-bin\mvn_repository\org\mockito\mockito-core\2.23.4\mockito-core-2.23.4.jar;D:\develop\apache-maven-3.6.1-bin\mvn_repository\net\bytebuddy\byte-buddy-agent\1.9.12\byte-buddy-agent-1.9.12.jar;D:\develop\apache-maven-3.6.1-bin\mvn_repository\org\objenesis\objenesis\2.6\objenesis-2.6.jar;D:\develop\apache-maven-3.6.1-bin\mvn_repository\org\hamcrest\hamcrest-core\1.3\hamcrest-core-1.3.jar;D:\develop\apache-maven-3.6.1-bin\mvn_repository\org\hamcrest\hamcrest-library\1.3\hamcrest-library-1.3.jar;D:\develop\apache-maven-3.6.1-bin\mvn_repository\org\skyscreamer\jsonassert\1.5.0\jsonassert-1.5.0.jar;D:\develop\apache-maven-3.6.1-bin\mvn_repository\com\vaadin\external\google\android-json\0.0.20131108.vaadin1\android-json-0.0.20131108.vaadin1.jar;D:\develop\apache-maven-3.6.1-bin\mvn_repository\org\springframework\spring-core\5.1.7.RELEASE\spring-core-5.1.7.RELEASE.jar;D:\develop\apache-maven-3.6.1-bin\mvn_repository\org\springframework\spring-jcl\5.1.7.RELEASE\spring-jcl-5.1.7.RELEASE.jar;D:\develop\apache-maven-3.6.1-bin\mvn_repository\org\springframework\spring-test\5.1.7.RELEASE\spring-test-5.1.7.RELEASE.jar;D:\develop\apache-maven-3.6.1-bin\mvn_repository\org\xmlunit\xmlunit-core\2.6.2\xmlunit-core-2.6.2.jar;D:\develop\apache-maven-3.6.1-bin\mvn_repository\com\alibaba\fastjson\1.2.58\fastjson-1.2.58.jar;D:\develop\apache-maven-3.6.1-bin\mvn_repository\mysql\mysql-connector-java\8.0.16\mysql-connector-java-8.0.16.jar;D:\develop\apache-maven-3.6.1-bin\mvn_repository\com\google\protobuf\protobuf-java\3.6.1\protobuf-java-3.6.1.jar;D:\develop\apache-maven-3.6.1-bin\mvn_repository\org\springframework\cloud\spring-cloud-starter-netflix-eureka-client\2.1.1.RELEASE\spring-cloud-starter-netflix-eureka-client-2.1.1.RELEASE.jar;D:\develop\apache-maven-3.6.1-bin\mvn_repository\org\springframework\cloud\spring-cloud-starter\2.1.1.RELEASE\spring-cloud-starter-2.1.1.RELEASE.jar;D:\develop\apache-maven-3.6.1-bin\mvn_repository\org\springframework\cloud\spring-cloud-context\2.1.1.RELEASE\spring-cloud-context-2.1.1.RELEASE.jar;D:\develop\apache-maven-3.6.1-bin\mvn_repository\org\springframework\cloud\spring-cloud-commons\2.1.1.RELEASE\spring-cloud-commons-2.1.1.RELEASE.jar;D:\develop\apache-maven-3.6.1-bin\mvn_repository\org\springframework\security\spring-security-rsa\1.0.7.RELEASE\spring-security-rsa-1.0.7.RELEASE.jar;D:\develop\apache-maven-3.6.1-bin\mvn_repository\org\springframework\cloud\spring-cloud-netflix-hystrix\2.1.1.RELEASE\spring-cloud-netflix-hystrix-2.1.1.RELEASE.jar;D:\develop\apache-maven-3.6.1-bin\mvn_repository\org\springframework\boot\spring-boot-starter-aop\2.1.5.RELEASE\spring-boot-starter-aop-2.1.5.RELEASE.jar;D:\develop\apache-maven-3.6.1-bin\mvn_repository\org\aspectj\aspectjweaver\1.9.4\aspectjweaver-1.9.4.jar;D:\develop\apache-maven-3.6.1-bin\mvn_repository\org\springframework\cloud\spring-cloud-netflix-eureka-client\2.1.1.RELEASE\spring-cloud-netflix-eureka-client-2.1.1.RELEASE.jar;D:\develop\apache-maven-3.6.1-bin\mvn_repository\com\netflix\eureka\eureka-client\1.9.8\eureka-client-1.9.8.jar;D:\develop\apache-maven-3.6.1-bin\mvn_repository\org\codehaus\jettison\jettison\1.3.7\jettison-1.3.7.jar;D:\develop\apache-maven-3.6.1-bin\mvn_repository\stax\stax-api\1.0.1\stax-api-1.0.1.jar;D:\develop\apache-maven-3.6.1-bin\mvn_repository\com\netflix\netflix-commons\netflix-eventbus\0.3.0\netflix-eventbus-0.3.0.jar;D:\develop\apache-maven-3.6.1-bin\mvn_repository\com\netflix\netflix-commons\netflix-infix\0.3.0\netflix-infix-0.3.0.jar;D:\develop\apache-maven-3.6.1-bin\mvn_repository\commons-jxpath\commons-jxpath\1.3\commons-jxpath-1.3.jar;D:\develop\apache-maven-3.6.1-bin\mvn_repository\joda-time\joda-time\2.10.2\joda-time-2.10.2.jar;D:\develop\apache-maven-3.6.1-bin\mvn_repository\org\antlr\antlr-runtime\3.4\antlr-runtime-3.4.jar;D:\develop\apache-maven-3.6.1-bin\mvn_repository\org\antlr\stringtemplate\3.2.1\stringtemplate-3.2.1.jar;D:\develop\apache-maven-3.6.1-bin\mvn_repository\com\google\code\gson\gson\2.8.5\gson-2.8.5.jar;D:\develop\apache-maven-3.6.1-bin\mvn_repository\org\apache\commons\commons-math\2.2\commons-math-2.2.jar;D:\develop\apache-maven-3.6.1-bin\mvn_repository\com\netflix\archaius\archaius-core\0.7.6\archaius-core-0.7.6.jar;D:\develop\apache-maven-3.6.1-bin\mvn_repository\javax\ws\rs\jsr311-api\1.1.1\jsr311-api-1.1.1.jar;D:\develop\apache-maven-3.6.1-bin\mvn_repository\com\netflix\servo\servo-core\0.12.27\servo-core-0.12.27.jar;D:\develop\apache-maven-3.6.1-bin\mvn_repository\com\netflix\spectator\spectator-api\0.88.0\spectator-api-0.88.0.jar;D:\develop\apache-maven-3.6.1-bin\mvn_repository\com\sun\jersey\jersey-core\1.19.1\jersey-core-1.19.1.jar;D:\develop\apache-maven-3.6.1-bin\mvn_repository\com\sun\jersey\jersey-client\1.19.1\jersey-client-1.19.1.jar;D:\develop\apache-maven-3.6.1-bin\mvn_repository\com\sun\jersey\contribs\jersey-apache-client4\1.19.1\jersey-apache-client4-1.19.1.jar;D:\develop\apache-maven-3.6.1-bin\mvn_repository\com\google\inject\guice\4.1.0\guice-4.1.0.jar;D:\develop\apache-maven-3.6.1-bin\mvn_repository\javax\inject\javax.inject\1\javax.inject-1.jar;D:\develop\apache-maven-3.6.1-bin\mvn_repository\aopalliance\aopalliance\1.0\aopalliance-1.0.jar;D:\develop\apache-maven-3.6.1-bin\mvn_repository\com\github\vlsi\compactmap\compactmap\1.2.1\compactmap-1.2.1.jar;D:\develop\apache-maven-3.6.1-bin\mvn_repository\com\github\andrewoma\dexx\dexx-collections\0.2\dexx-collections-0.2.jar;D:\develop\apache-maven-3.6.1-bin\mvn_repository\com\fasterxml\jackson\core\jackson-annotations\2.9.9\jackson-annotations-2.9.9.jar;D:\develop\apache-maven-3.6.1-bin\mvn_repository\com\fasterxml\jackson\core\jackson-core\2.9.9\jackson-core-2.9.9.jar;D:\develop\apache-maven-3.6.1-bin\mvn_repository\com\netflix\eureka\eureka-core\1.9.8\eureka-core-1.9.8.jar;D:\develop\apache-maven-3.6.1-bin\mvn_repository\org\codehaus\woodstox\woodstox-core-asl\4.4.1\woodstox-core-asl-4.4.1.jar;D:\develop\apache-maven-3.6.1-bin\mvn_repository\javax\xml\stream\stax-api\1.0-2\stax-api-1.0-2.jar;D:\develop\apache-maven-3.6.1-bin\mvn_repository\org\codehaus\woodstox\stax2-api\3.1.4\stax2-api-3.1.4.jar;D:\develop\apache-maven-3.6.1-bin\mvn_repository\org\springframework\cloud\spring-cloud-starter-netflix-archaius\2.1.1.RELEASE\spring-cloud-starter-netflix-archaius-2.1.1.RELEASE.jar;D:\develop\apache-maven-3.6.1-bin\mvn_repository\org\springframework\cloud\spring-cloud-netflix-ribbon\2.1.1.RELEASE\spring-cloud-netflix-ribbon-2.1.1.RELEASE.jar;D:\develop\apache-maven-3.6.1-bin\mvn_repository\org\springframework\cloud\spring-cloud-netflix-archaius\2.1.1.RELEASE\spring-cloud-netflix-archaius-2.1.1.RELEASE.jar;D:\develop\apache-maven-3.6.1-bin\mvn_repository\commons-configuration\commons-configuration\1.8\commons-configuration-1.8.jar;D:\develop\apache-maven-3.6.1-bin\mvn_repository\commons-lang\commons-lang\2.6\commons-lang-2.6.jar;D:\develop\apache-maven-3.6.1-bin\mvn_repository\org\springframework\cloud\spring-cloud-starter-netflix-ribbon\2.1.1.RELEASE\spring-cloud-starter-netflix-ribbon-2.1.1.RELEASE.jar;D:\develop\apache-maven-3.6.1-bin\mvn_repository\com\netflix\ribbon\ribbon\2.3.0\ribbon-2.3.0.jar;D:\develop\apache-maven-3.6.1-bin\mvn_repository\com\netflix\ribbon\ribbon-transport\2.3.0\ribbon-transport-2.3.0.jar;D:\develop\apache-maven-3.6.1-bin\mvn_repository\io\reactivex\rxnetty-contexts\0.4.9\rxnetty-contexts-0.4.9.jar;D:\develop\apache-maven-3.6.1-bin\mvn_repository\io\reactivex\rxnetty-servo\0.4.9\rxnetty-servo-0.4.9.jar;D:\develop\apache-maven-3.6.1-bin\mvn_repository\com\netflix\hystrix\hystrix-core\1.4.3\hystrix-core-1.4.3.jar;D:\develop\apache-maven-3.6.1-bin\mvn_repository\io\reactivex\rxnetty\0.4.9\rxnetty-0.4.9.jar;D:\develop\apache-maven-3.6.1-bin\mvn_repository\com\netflix\ribbon\ribbon-core\2.3.0\ribbon-core-2.3.0.jar;D:\develop\apache-maven-3.6.1-bin\mvn_repository\com\netflix\ribbon\ribbon-httpclient\2.3.0\ribbon-httpclient-2.3.0.jar;D:\develop\apache-maven-3.6.1-bin\mvn_repository\commons-collections\commons-collections\3.2.2\commons-collections-3.2.2.jar;D:\develop\apache-maven-3.6.1-bin\mvn_repository\com\netflix\netflix-commons\netflix-commons-util\0.1.1\netflix-commons-util-0.1.1.jar;D:\develop\apache-maven-3.6.1-bin\mvn_repository\com\netflix\ribbon\ribbon-loadbalancer\2.3.0\ribbon-loadbalancer-2.3.0.jar;D:\develop\apache-maven-3.6.1-bin\mvn_repository\com\netflix\netflix-commons\netflix-statistics\0.1.1\netflix-statistics-0.1.1.jar;D:\develop\apache-maven-3.6.1-bin\mvn_repository\io\reactivex\rxjava\1.3.8\rxjava-1.3.8.jar;D:\develop\apache-maven-3.6.1-bin\mvn_repository\com\netflix\ribbon\ribbon-eureka\2.3.0\ribbon-eureka-2.3.0.jar;D:\develop\apache-maven-3.6.1-bin\mvn_repository\com\thoughtworks\xstream\xstream\1.4.10\xstream-1.4.10.jar;D:\develop\apache-maven-3.6.1-bin\mvn_repository\xmlpull\xmlpull\1.1.3.1\xmlpull-1.1.3.1.jar;D:\develop\apache-maven-3.6.1-bin\mvn_repository\xpp3\xpp3_min\1.1.4c\xpp3_min-1.1.4c.jar;"/>
    <property name="java.vm.vendor" value="Oracle Corporation"/>
    <property name="sun.arch.data.model" value="64"/>
    <property name="user.variant" value=""/>
    <property name="java.vendor.url" value="http://java.oracle.com/"/>
    <property name="user.timezone" value="Asia/Shanghai"/>
    <property name="java.vm.specification.version" value="1.8"/>
    <property name="os.name" value="Windows 10"/>
    <property name="user.country" value="CN"/>
    <property name="sun.java.launcher" value="SUN_STANDARD"/>
    <property name="sun.boot.library.path" value="D:\develop\jdk\jdk1.8.0_211\jre\bin"/>
    <property name="sun.java.command" value="C:\Users\ADMINI~1\AppData\Local\Temp\surefire340356561753612589\surefirebooter5860711570594416732.jar C:\Users\Administrator\AppData\Local\Temp\surefire340356561753612589 2019-06-24T08-38-41_909-jvmRun1 surefire8479895246762893050tmp surefire_02547288047701869970tmp"/>
    <property name="surefire.test.class.path" value="D:\Projects\IdeaProjects\xcEduService01\xc-service-manage-cms\target\test-classes;D:\Projects\IdeaProjects\xcEduService01\xc-service-manage-cms\target\classes;D:\develop\apache-maven-3.6.1-bin\mvn_repository\com\xuecheng\xc-service-api\1.0-SNAPSHOT\xc-service-api-1.0-SNAPSHOT.jar;D:\develop\apache-maven-3.6.1-bin\mvn_repository\commons-fileupload\commons-fileupload\1.3.3\commons-fileupload-1.3.3.jar;D:\develop\apache-maven-3.6.1-bin\mvn_repository\io\springfox\springfox-swagger2\2.9.2\springfox-swagger2-2.9.2.jar;D:\develop\apache-maven-3.6.1-bin\mvn_repository\io\swagger\swagger-annotations\1.5.20\swagger-annotations-1.5.20.jar;D:\develop\apache-maven-3.6.1-bin\mvn_repository\io\swagger\swagger-models\1.5.20\swagger-models-1.5.20.jar;D:\develop\apache-maven-3.6.1-bin\mvn_repository\io\springfox\springfox-spi\2.9.2\springfox-spi-2.9.2.jar;D:\develop\apache-maven-3.6.1-bin\mvn_repository\io\springfox\springfox-core\2.9.2\springfox-core-2.9.2.jar;D:\develop\apache-maven-3.6.1-bin\mvn_repository\io\springfox\springfox-schema\2.9.2\springfox-schema-2.9.2.jar;D:\develop\apache-maven-3.6.1-bin\mvn_repository\io\springfox\springfox-swagger-common\2.9.2\springfox-swagger-common-2.9.2.jar;D:\develop\apache-maven-3.6.1-bin\mvn_repository\io\springfox\springfox-spring-web\2.9.2\springfox-spring-web-2.9.2.jar;D:\develop\apache-maven-3.6.1-bin\mvn_repository\com\fasterxml\classmate\1.4.0\classmate-1.4.0.jar;D:\develop\apache-maven-3.6.1-bin\mvn_repository\org\slf4j\slf4j-api\1.7.26\slf4j-api-1.7.26.jar;D:\develop\apache-maven-3.6.1-bin\mvn_repository\org\springframework\plugin\spring-plugin-core\1.2.0.RELEASE\spring-plugin-core-1.2.0.RELEASE.jar;D:\develop\apache-maven-3.6.1-bin\mvn_repository\org\springframework\plugin\spring-plugin-metadata\1.2.0.RELEASE\spring-plugin-metadata-1.2.0.RELEASE.jar;D:\develop\apache-maven-3.6.1-bin\mvn_repository\org\mapstruct\mapstruct\1.2.0.Final\mapstruct-1.2.0.Final.jar;D:\develop\apache-maven-3.6.1-bin\mvn_repository\io\springfox\springfox-swagger-ui\2.9.2\springfox-swagger-ui-2.9.2.jar;D:\develop\apache-maven-3.6.1-bin\mvn_repository\commons-io\commons-io\2.6\commons-io-2.6.jar;D:\develop\apache-maven-3.6.1-bin\mvn_repository\org\apache\commons\commons-lang3\3.8.1\commons-lang3-3.8.1.jar;D:\develop\apache-maven-3.6.1-bin\mvn_repository\com\xuecheng\xc-framework-model\1.0-SNAPSHOT\xc-framework-model-1.0-SNAPSHOT.jar;D:\develop\apache-maven-3.6.1-bin\mvn_repository\org\projectlombok\lombok\1.18.8\lombok-1.18.8.jar;D:\develop\apache-maven-3.6.1-bin\mvn_repository\org\springframework\data\spring-data-commons\2.1.8.RELEASE\spring-data-commons-2.1.8.RELEASE.jar;D:\develop\apache-maven-3.6.1-bin\mvn_repository\org\springframework\spring-beans\5.1.7.RELEASE\spring-beans-5.1.7.RELEASE.jar;D:\develop\apache-maven-3.6.1-bin\mvn_repository\org\springframework\data\spring-data-mongodb\2.1.8.RELEASE\spring-data-mongodb-2.1.8.RELEASE.jar;D:\develop\apache-maven-3.6.1-bin\mvn_repository\org\springframework\spring-tx\5.1.7.RELEASE\spring-tx-5.1.7.RELEASE.jar;D:\develop\apache-maven-3.6.1-bin\mvn_repository\org\springframework\spring-context\5.1.7.RELEASE\spring-context-5.1.7.RELEASE.jar;D:\develop\apache-maven-3.6.1-bin\mvn_repository\org\springframework\spring-expression\5.1.7.RELEASE\spring-expression-5.1.7.RELEASE.jar;D:\develop\apache-maven-3.6.1-bin\mvn_repository\org\mongodb\mongo-java-driver\3.8.2\mongo-java-driver-3.8.2.jar;D:\develop\apache-maven-3.6.1-bin\mvn_repository\org\hibernate\hibernate-core\5.3.10.Final\hibernate-core-5.3.10.Final.jar;D:\develop\apache-maven-3.6.1-bin\mvn_repository\org\jboss\logging\jboss-logging\3.3.2.Final\jboss-logging-3.3.2.Final.jar;D:\develop\apache-maven-3.6.1-bin\mvn_repository\javax\persistence\javax.persistence-api\2.2\javax.persistence-api-2.2.jar;D:\develop\apache-maven-3.6.1-bin\mvn_repository\org\javassist\javassist\3.23.2-GA\javassist-3.23.2-GA.jar;D:\develop\apache-maven-3.6.1-bin\mvn_repository\net\bytebuddy\byte-buddy\1.9.12\byte-buddy-1.9.12.jar;D:\develop\apache-maven-3.6.1-bin\mvn_repository\antlr\antlr\2.7.7\antlr-2.7.7.jar;D:\develop\apache-maven-3.6.1-bin\mvn_repository\org\jboss\spec\javax\transaction\jboss-transaction-api_1.2_spec\1.1.1.Final\jboss-transaction-api_1.2_spec-1.1.1.Final.jar;D:\develop\apache-maven-3.6.1-bin\mvn_repository\org\jboss\jandex\2.0.5.Final\jandex-2.0.5.Final.jar;D:\develop\apache-maven-3.6.1-bin\mvn_repository\javax\activation\javax.activation-api\1.2.0\javax.activation-api-1.2.0.jar;D:\develop\apache-maven-3.6.1-bin\mvn_repository\org\dom4j\dom4j\2.1.1\dom4j-2.1.1.jar;D:\develop\apache-maven-3.6.1-bin\mvn_repository\org\hibernate\common\hibernate-commons-annotations\5.0.4.Final\hibernate-commons-annotations-5.0.4.Final.jar;D:\develop\apache-maven-3.6.1-bin\mvn_repository\com\github\pagehelper\pagehelper-spring-boot-starter\1.2.10\pagehelper-spring-boot-starter-1.2.10.jar;D:\develop\apache-maven-3.6.1-bin\mvn_repository\org\mybatis\spring\boot\mybatis-spring-boot-starter\1.3.2\mybatis-spring-boot-starter-1.3.2.jar;D:\develop\apache-maven-3.6.1-bin\mvn_repository\org\springframework\boot\spring-boot-starter-jdbc\2.1.5.RELEASE\spring-boot-starter-jdbc-2.1.5.RELEASE.jar;D:\develop\apache-maven-3.6.1-bin\mvn_repository\com\zaxxer\HikariCP\3.2.0\HikariCP-3.2.0.jar;D:\develop\apache-maven-3.6.1-bin\mvn_repository\org\springframework\spring-jdbc\5.1.7.RELEASE\spring-jdbc-5.1.7.RELEASE.jar;D:\develop\apache-maven-3.6.1-bin\mvn_repository\org\mybatis\spring\boot\mybatis-spring-boot-autoconfigure\1.3.2\mybatis-spring-boot-autoconfigure-1.3.2.jar;D:\develop\apache-maven-3.6.1-bin\mvn_repository\org\mybatis\mybatis\3.4.6\mybatis-3.4.6.jar;D:\develop\apache-maven-3.6.1-bin\mvn_repository\org\mybatis\mybatis-spring\1.3.2\mybatis-spring-1.3.2.jar;D:\develop\apache-maven-3.6.1-bin\mvn_repository\com\github\pagehelper\pagehelper-spring-boot-autoconfigure\1.2.10\pagehelper-spring-boot-autoconfigure-1.2.10.jar;D:\develop\apache-maven-3.6.1-bin\mvn_repository\com\github\pagehelper\pagehelper\5.1.8\pagehelper-5.1.8.jar;D:\develop\apache-maven-3.6.1-bin\mvn_repository\com\github\jsqlparser\jsqlparser\1.2\jsqlparser-1.2.jar;D:\develop\apache-maven-3.6.1-bin\mvn_repository\com\xuecheng\xc-framework-utils\1.0-SNAPSHOT\xc-framework-utils-1.0-SNAPSHOT.jar;D:\develop\apache-maven-3.6.1-bin\mvn_repository\javax\servlet\javax.servlet-api\4.0.1\javax.servlet-api-4.0.1.jar;D:\develop\apache-maven-3.6.1-bin\mvn_repository\org\springframework\boot\spring-boot-starter-logging\2.1.5.RELEASE\spring-boot-starter-logging-2.1.5.RELEASE.jar;D:\develop\apache-maven-3.6.1-bin\mvn_repository\ch\qos\logback\logback-classic\1.2.3\logback-classic-1.2.3.jar;D:\develop\apache-maven-3.6.1-bin\mvn_repository\ch\qos\logback\logback-core\1.2.3\logback-core-1.2.3.jar;D:\develop\apache-maven-3.6.1-bin\mvn_repository\org\apache\logging\log4j\log4j-to-slf4j\2.11.2\log4j-to-slf4j-2.11.2.jar;D:\develop\apache-maven-3.6.1-bin\mvn_repository\org\apache\logging\log4j\log4j-api\2.11.2\log4j-api-2.11.2.jar;D:\develop\apache-maven-3.6.1-bin\mvn_repository\org\slf4j\jul-to-slf4j\1.7.26\jul-to-slf4j-1.7.26.jar;D:\develop\apache-maven-3.6.1-bin\mvn_repository\org\apache\httpcomponents\httpclient\4.5.3\httpclient-4.5.3.jar;D:\develop\apache-maven-3.6.1-bin\mvn_repository\org\apache\httpcomponents\httpcore\4.4.11\httpcore-4.4.11.jar;D:\develop\apache-maven-3.6.1-bin\mvn_repository\commons-logging\commons-logging\1.2\commons-logging-1.2.jar;D:\develop\apache-maven-3.6.1-bin\mvn_repository\commons-codec\commons-codec\1.11\commons-codec-1.11.jar;D:\develop\apache-maven-3.6.1-bin\mvn_repository\net\lingala\zip4j\zip4j\1.3.1\zip4j-1.3.1.jar;D:\develop\apache-maven-3.6.1-bin\mvn_repository\org\springframework\security\spring-security-crypto\5.1.5.RELEASE\spring-security-crypto-5.1.5.RELEASE.jar;D:\develop\apache-maven-3.6.1-bin\mvn_repository\org\springframework\security\spring-security-jwt\1.0.8.RELEASE\spring-security-jwt-1.0.8.RELEASE.jar;D:\develop\apache-maven-3.6.1-bin\mvn_repository\org\bouncycastle\bcpkix-jdk15on\1.56\bcpkix-jdk15on-1.56.jar;D:\develop\apache-maven-3.6.1-bin\mvn_repository\org\bouncycastle\bcprov-jdk15on\1.56\bcprov-jdk15on-1.56.jar;D:\develop\apache-maven-3.6.1-bin\mvn_repository\com\xuecheng\xc-framework-common\1.0-SNAPSHOT\xc-framework-common-1.0-SNAPSHOT.jar;D:\develop\apache-maven-3.6.1-bin\mvn_repository\com\google\guava\guava\28.0-jre\guava-28.0-jre.jar;D:\develop\apache-maven-3.6.1-bin\mvn_repository\com\google\guava\failureaccess\1.0.1\failureaccess-1.0.1.jar;D:\develop\apache-maven-3.6.1-bin\mvn_repository\com\google\guava\listenablefuture\9999.0-empty-to-avoid-conflict-with-guava\listenablefuture-9999.0-empty-to-avoid-conflict-with-guava.jar;D:\develop\apache-maven-3.6.1-bin\mvn_repository\com\google\code\findbugs\jsr305\3.0.2\jsr305-3.0.2.jar;D:\develop\apache-maven-3.6.1-bin\mvn_repository\org\checkerframework\checker-qual\2.8.1\checker-qual-2.8.1.jar;D:\develop\apache-maven-3.6.1-bin\mvn_repository\com\google\errorprone\error_prone_annotations\2.3.2\error_prone_annotations-2.3.2.jar;D:\develop\apache-maven-3.6.1-bin\mvn_repository\com\google\j2objc\j2objc-annotations\1.3\j2objc-annotations-1.3.jar;D:\develop\apache-maven-3.6.1-bin\mvn_repository\org\codehaus\mojo\animal-sniffer-annotations\1.17\animal-sniffer-annotations-1.17.jar;D:\develop\apache-maven-3.6.1-bin\mvn_repository\org\springframework\spring-web\5.1.7.RELEASE\spring-web-5.1.7.RELEASE.jar;D:\develop\apache-maven-3.6.1-bin\mvn_repository\org\springframework\boot\spring-boot-starter-web\2.1.5.RELEASE\spring-boot-starter-web-2.1.5.RELEASE.jar;D:\develop\apache-maven-3.6.1-bin\mvn_repository\org\springframework\boot\spring-boot-starter\2.1.5.RELEASE\spring-boot-starter-2.1.5.RELEASE.jar;D:\develop\apache-maven-3.6.1-bin\mvn_repository\org\springframework\boot\spring-boot\2.1.5.RELEASE\spring-boot-2.1.5.RELEASE.jar;D:\develop\apache-maven-3.6.1-bin\mvn_repository\org\springframework\boot\spring-boot-autoconfigure\2.1.5.RELEASE\spring-boot-autoconfigure-2.1.5.RELEASE.jar;D:\develop\apache-maven-3.6.1-bin\mvn_repository\javax\annotation\javax.annotation-api\1.3.2\javax.annotation-api-1.3.2.jar;D:\develop\apache-maven-3.6.1-bin\mvn_repository\org\yaml\snakeyaml\1.23\snakeyaml-1.23.jar;D:\develop\apache-maven-3.6.1-bin\mvn_repository\org\springframework\boot\spring-boot-starter-json\2.1.5.RELEASE\spring-boot-starter-json-2.1.5.RELEASE.jar;D:\develop\apache-maven-3.6.1-bin\mvn_repository\com\fasterxml\jackson\core\jackson-databind\2.9.9\jackson-databind-2.9.9.jar;D:\develop\apache-maven-3.6.1-bin\mvn_repository\com\fasterxml\jackson\datatype\jackson-datatype-jdk8\2.9.8\jackson-datatype-jdk8-2.9.8.jar;D:\develop\apache-maven-3.6.1-bin\mvn_repository\com\fasterxml\jackson\datatype\jackson-datatype-jsr310\2.9.8\jackson-datatype-jsr310-2.9.8.jar;D:\develop\apache-maven-3.6.1-bin\mvn_repository\com\fasterxml\jackson\module\jackson-module-parameter-names\2.9.8\jackson-module-parameter-names-2.9.8.jar;D:\develop\apache-maven-3.6.1-bin\mvn_repository\org\springframework\boot\spring-boot-starter-tomcat\2.1.5.RELEASE\spring-boot-starter-tomcat-2.1.5.RELEASE.jar;D:\develop\apache-maven-3.6.1-bin\mvn_repository\org\apache\tomcat\embed\tomcat-embed-core\9.0.19\tomcat-embed-core-9.0.19.jar;D:\develop\apache-maven-3.6.1-bin\mvn_repository\org\apache\tomcat\embed\tomcat-embed-el\9.0.19\tomcat-embed-el-9.0.19.jar;D:\develop\apache-maven-3.6.1-bin\mvn_repository\org\apache\tomcat\embed\tomcat-embed-websocket\9.0.19\tomcat-embed-websocket-9.0.19.jar;D:\develop\apache-maven-3.6.1-bin\mvn_repository\org\hibernate\validator\hibernate-validator\6.0.16.Final\hibernate-validator-6.0.16.Final.jar;D:\develop\apache-maven-3.6.1-bin\mvn_repository\javax\validation\validation-api\2.0.1.Final\validation-api-2.0.1.Final.jar;D:\develop\apache-maven-3.6.1-bin\mvn_repository\org\springframework\spring-webmvc\5.1.7.RELEASE\spring-webmvc-5.1.7.RELEASE.jar;D:\develop\apache-maven-3.6.1-bin\mvn_repository\org\springframework\spring-aop\5.1.7.RELEASE\spring-aop-5.1.7.RELEASE.jar;D:\develop\apache-maven-3.6.1-bin\mvn_repository\org\springframework\boot\spring-boot-starter-freemarker\2.1.5.RELEASE\spring-boot-starter-freemarker-2.1.5.RELEASE.jar;D:\develop\apache-maven-3.6.1-bin\mvn_repository\org\freemarker\freemarker\2.3.28\freemarker-2.3.28.jar;D:\develop\apache-maven-3.6.1-bin\mvn_repository\org\springframework\spring-context-support\5.1.7.RELEASE\spring-context-support-5.1.7.RELEASE.jar;D:\develop\apache-maven-3.6.1-bin\mvn_repository\org\springframework\boot\spring-boot-starter-data-mongodb\2.1.5.RELEASE\spring-boot-starter-data-mongodb-2.1.5.RELEASE.jar;D:\develop\apache-maven-3.6.1-bin\mvn_repository\org\mongodb\mongodb-driver\3.8.2\mongodb-driver-3.8.2.jar;D:\develop\apache-maven-3.6.1-bin\mvn_repository\org\mongodb\bson\3.8.2\bson-3.8.2.jar;D:\develop\apache-maven-3.6.1-bin\mvn_repository\org\mongodb\mongodb-driver-core\3.8.2\mongodb-driver-core-3.8.2.jar;D:\develop\apache-maven-3.6.1-bin\mvn_repository\org\springframework\boot\spring-boot-starter-amqp\2.1.5.RELEASE\spring-boot-starter-amqp-2.1.5.RELEASE.jar;D:\develop\apache-maven-3.6.1-bin\mvn_repository\org\springframework\spring-messaging\5.1.7.RELEASE\spring-messaging-5.1.7.RELEASE.jar;D:\develop\apache-maven-3.6.1-bin\mvn_repository\org\springframework\amqp\spring-rabbit\2.1.6.RELEASE\spring-rabbit-2.1.6.RELEASE.jar;D:\develop\apache-maven-3.6.1-bin\mvn_repository\org\springframework\amqp\spring-amqp\2.1.6.RELEASE\spring-amqp-2.1.6.RELEASE.jar;D:\develop\apache-maven-3.6.1-bin\mvn_repository\org\springframework\retry\spring-retry\1.2.4.RELEASE\spring-retry-1.2.4.RELEASE.jar;D:\develop\apache-maven-3.6.1-bin\mvn_repository\com\rabbitmq\amqp-client\5.4.3\amqp-client-5.4.3.jar;D:\develop\apache-maven-3.6.1-bin\mvn_repository\com\squareup\okhttp3\okhttp\3.14.2\okhttp-3.14.2.jar;D:\develop\apache-maven-3.6.1-bin\mvn_repository\com\squareup\okio\okio\1.17.2\okio-1.17.2.jar;D:\develop\apache-maven-3.6.1-bin\mvn_repository\org\springframework\boot\spring-boot-starter-test\2.1.5.RELEASE\spring-boot-starter-test-2.1.5.RELEASE.jar;D:\develop\apache-maven-3.6.1-bin\mvn_repository\org\springframework\boot\spring-boot-test\2.1.5.RELEASE\spring-boot-test-2.1.5.RELEASE.jar;D:\develop\apache-maven-3.6.1-bin\mvn_repository\org\springframework\boot\spring-boot-test-autoconfigure\2.1.5.RELEASE\spring-boot-test-autoconfigure-2.1.5.RELEASE.jar;D:\develop\apache-maven-3.6.1-bin\mvn_repository\com\jayway\jsonpath\json-path\2.4.0\json-path-2.4.0.jar;D:\develop\apache-maven-3.6.1-bin\mvn_repository\net\minidev\json-smart\2.3\json-smart-2.3.jar;D:\develop\apache-maven-3.6.1-bin\mvn_repository\net\minidev\accessors-smart\1.2\accessors-smart-1.2.jar;D:\develop\apache-maven-3.6.1-bin\mvn_repository\org\ow2\asm\asm\5.0.4\asm-5.0.4.jar;D:\develop\apache-maven-3.6.1-bin\mvn_repository\junit\junit\4.12\junit-4.12.jar;D:\develop\apache-maven-3.6.1-bin\mvn_repository\org\assertj\assertj-core\3.11.1\assertj-core-3.11.1.jar;D:\develop\apache-maven-3.6.1-bin\mvn_repository\org\mockito\mockito-core\2.23.4\mockito-core-2.23.4.jar;D:\develop\apache-maven-3.6.1-bin\mvn_repository\net\bytebuddy\byte-buddy-agent\1.9.12\byte-buddy-agent-1.9.12.jar;D:\develop\apache-maven-3.6.1-bin\mvn_repository\org\objenesis\objenesis\2.6\objenesis-2.6.jar;D:\develop\apache-maven-3.6.1-bin\mvn_repository\org\hamcrest\hamcrest-core\1.3\hamcrest-core-1.3.jar;D:\develop\apache-maven-3.6.1-bin\mvn_repository\org\hamcrest\hamcrest-library\1.3\hamcrest-library-1.3.jar;D:\develop\apache-maven-3.6.1-bin\mvn_repository\org\skyscreamer\jsonassert\1.5.0\jsonassert-1.5.0.jar;D:\develop\apache-maven-3.6.1-bin\mvn_repository\com\vaadin\external\google\android-json\0.0.20131108.vaadin1\android-json-0.0.20131108.vaadin1.jar;D:\develop\apache-maven-3.6.1-bin\mvn_repository\org\springframework\spring-core\5.1.7.RELEASE\spring-core-5.1.7.RELEASE.jar;D:\develop\apache-maven-3.6.1-bin\mvn_repository\org\springframework\spring-jcl\5.1.7.RELEASE\spring-jcl-5.1.7.RELEASE.jar;D:\develop\apache-maven-3.6.1-bin\mvn_repository\org\springframework\spring-test\5.1.7.RELEASE\spring-test-5.1.7.RELEASE.jar;D:\develop\apache-maven-3.6.1-bin\mvn_repository\org\xmlunit\xmlunit-core\2.6.2\xmlunit-core-2.6.2.jar;D:\develop\apache-maven-3.6.1-bin\mvn_repository\com\alibaba\fastjson\1.2.58\fastjson-1.2.58.jar;D:\develop\apache-maven-3.6.1-bin\mvn_repository\mysql\mysql-connector-java\8.0.16\mysql-connector-java-8.0.16.jar;D:\develop\apache-maven-3.6.1-bin\mvn_repository\com\google\protobuf\protobuf-java\3.6.1\protobuf-java-3.6.1.jar;D:\develop\apache-maven-3.6.1-bin\mvn_repository\org\springframework\cloud\spring-cloud-starter-netflix-eureka-client\2.1.1.RELEASE\spring-cloud-starter-netflix-eureka-client-2.1.1.RELEASE.jar;D:\develop\apache-maven-3.6.1-bin\mvn_repository\org\springframework\cloud\spring-cloud-starter\2.1.1.RELEASE\spring-cloud-starter-2.1.1.RELEASE.jar;D:\develop\apache-maven-3.6.1-bin\mvn_repository\org\springframework\cloud\spring-cloud-context\2.1.1.RELEASE\spring-cloud-context-2.1.1.RELEASE.jar;D:\develop\apache-maven-3.6.1-bin\mvn_repository\org\springframework\cloud\spring-cloud-commons\2.1.1.RELEASE\spring-cloud-commons-2.1.1.RELEASE.jar;D:\develop\apache-maven-3.6.1-bin\mvn_repository\org\springframework\security\spring-security-rsa\1.0.7.RELEASE\spring-security-rsa-1.0.7.RELEASE.jar;D:\develop\apache-maven-3.6.1-bin\mvn_repository\org\springframework\cloud\spring-cloud-netflix-hystrix\2.1.1.RELEASE\spring-cloud-netflix-hystrix-2.1.1.RELEASE.jar;D:\develop\apache-maven-3.6.1-bin\mvn_repository\org\springframework\boot\spring-boot-starter-aop\2.1.5.RELEASE\spring-boot-starter-aop-2.1.5.RELEASE.jar;D:\develop\apache-maven-3.6.1-bin\mvn_repository\org\aspectj\aspectjweaver\1.9.4\aspectjweaver-1.9.4.jar;D:\develop\apache-maven-3.6.1-bin\mvn_repository\org\springframework\cloud\spring-cloud-netflix-eureka-client\2.1.1.RELEASE\spring-cloud-netflix-eureka-client-2.1.1.RELEASE.jar;D:\develop\apache-maven-3.6.1-bin\mvn_repository\com\netflix\eureka\eureka-client\1.9.8\eureka-client-1.9.8.jar;D:\develop\apache-maven-3.6.1-bin\mvn_repository\org\codehaus\jettison\jettison\1.3.7\jettison-1.3.7.jar;D:\develop\apache-maven-3.6.1-bin\mvn_repository\stax\stax-api\1.0.1\stax-api-1.0.1.jar;D:\develop\apache-maven-3.6.1-bin\mvn_repository\com\netflix\netflix-commons\netflix-eventbus\0.3.0\netflix-eventbus-0.3.0.jar;D:\develop\apache-maven-3.6.1-bin\mvn_repository\com\netflix\netflix-commons\netflix-infix\0.3.0\netflix-infix-0.3.0.jar;D:\develop\apache-maven-3.6.1-bin\mvn_repository\commons-jxpath\commons-jxpath\1.3\commons-jxpath-1.3.jar;D:\develop\apache-maven-3.6.1-bin\mvn_repository\joda-time\joda-time\2.10.2\joda-time-2.10.2.jar;D:\develop\apache-maven-3.6.1-bin\mvn_repository\org\antlr\antlr-runtime\3.4\antlr-runtime-3.4.jar;D:\develop\apache-maven-3.6.1-bin\mvn_repository\org\antlr\stringtemplate\3.2.1\stringtemplate-3.2.1.jar;D:\develop\apache-maven-3.6.1-bin\mvn_repository\com\google\code\gson\gson\2.8.5\gson-2.8.5.jar;D:\develop\apache-maven-3.6.1-bin\mvn_repository\org\apache\commons\commons-math\2.2\commons-math-2.2.jar;D:\develop\apache-maven-3.6.1-bin\mvn_repository\com\netflix\archaius\archaius-core\0.7.6\archaius-core-0.7.6.jar;D:\develop\apache-maven-3.6.1-bin\mvn_repository\javax\ws\rs\jsr311-api\1.1.1\jsr311-api-1.1.1.jar;D:\develop\apache-maven-3.6.1-bin\mvn_repository\com\netflix\servo\servo-core\0.12.27\servo-core-0.12.27.jar;D:\develop\apache-maven-3.6.1-bin\mvn_repository\com\netflix\spectator\spectator-api\0.88.0\spectator-api-0.88.0.jar;D:\develop\apache-maven-3.6.1-bin\mvn_repository\com\sun\jersey\jersey-core\1.19.1\jersey-core-1.19.1.jar;D:\develop\apache-maven-3.6.1-bin\mvn_repository\com\sun\jersey\jersey-client\1.19.1\jersey-client-1.19.1.jar;D:\develop\apache-maven-3.6.1-bin\mvn_repository\com\sun\jersey\contribs\jersey-apache-client4\1.19.1\jersey-apache-client4-1.19.1.jar;D:\develop\apache-maven-3.6.1-bin\mvn_repository\com\google\inject\guice\4.1.0\guice-4.1.0.jar;D:\develop\apache-maven-3.6.1-bin\mvn_repository\javax\inject\javax.inject\1\javax.inject-1.jar;D:\develop\apache-maven-3.6.1-bin\mvn_repository\aopalliance\aopalliance\1.0\aopalliance-1.0.jar;D:\develop\apache-maven-3.6.1-bin\mvn_repository\com\github\vlsi\compactmap\compactmap\1.2.1\compactmap-1.2.1.jar;D:\develop\apache-maven-3.6.1-bin\mvn_repository\com\github\andrewoma\dexx\dexx-collections\0.2\dexx-collections-0.2.jar;D:\develop\apache-maven-3.6.1-bin\mvn_repository\com\fasterxml\jackson\core\jackson-annotations\2.9.9\jackson-annotations-2.9.9.jar;D:\develop\apache-maven-3.6.1-bin\mvn_repository\com\fasterxml\jackson\core\jackson-core\2.9.9\jackson-core-2.9.9.jar;D:\develop\apache-maven-3.6.1-bin\mvn_repository\com\netflix\eureka\eureka-core\1.9.8\eureka-core-1.9.8.jar;D:\develop\apache-maven-3.6.1-bin\mvn_repository\org\codehaus\woodstox\woodstox-core-asl\4.4.1\woodstox-core-asl-4.4.1.jar;D:\develop\apache-maven-3.6.1-bin\mvn_repository\javax\xml\stream\stax-api\1.0-2\stax-api-1.0-2.jar;D:\develop\apache-maven-3.6.1-bin\mvn_repository\org\codehaus\woodstox\stax2-api\3.1.4\stax2-api-3.1.4.jar;D:\develop\apache-maven-3.6.1-bin\mvn_repository\org\springframework\cloud\spring-cloud-starter-netflix-archaius\2.1.1.RELEASE\spring-cloud-starter-netflix-archaius-2.1.1.RELEASE.jar;D:\develop\apache-maven-3.6.1-bin\mvn_repository\org\springframework\cloud\spring-cloud-netflix-ribbon\2.1.1.RELEASE\spring-cloud-netflix-ribbon-2.1.1.RELEASE.jar;D:\develop\apache-maven-3.6.1-bin\mvn_repository\org\springframework\cloud\spring-cloud-netflix-archaius\2.1.1.RELEASE\spring-cloud-netflix-archaius-2.1.1.RELEASE.jar;D:\develop\apache-maven-3.6.1-bin\mvn_repository\commons-configuration\commons-configuration\1.8\commons-configuration-1.8.jar;D:\develop\apache-maven-3.6.1-bin\mvn_repository\commons-lang\commons-lang\2.6\commons-lang-2.6.jar;D:\develop\apache-maven-3.6.1-bin\mvn_repository\org\springframework\cloud\spring-cloud-starter-netflix-ribbon\2.1.1.RELEASE\spring-cloud-starter-netflix-ribbon-2.1.1.RELEASE.jar;D:\develop\apache-maven-3.6.1-bin\mvn_repository\com\netflix\ribbon\ribbon\2.3.0\ribbon-2.3.0.jar;D:\develop\apache-maven-3.6.1-bin\mvn_repository\com\netflix\ribbon\ribbon-transport\2.3.0\ribbon-transport-2.3.0.jar;D:\develop\apache-maven-3.6.1-bin\mvn_repository\io\reactivex\rxnetty-contexts\0.4.9\rxnetty-contexts-0.4.9.jar;D:\develop\apache-maven-3.6.1-bin\mvn_repository\io\reactivex\rxnetty-servo\0.4.9\rxnetty-servo-0.4.9.jar;D:\develop\apache-maven-3.6.1-bin\mvn_repository\com\netflix\hystrix\hystrix-core\1.4.3\hystrix-core-1.4.3.jar;D:\develop\apache-maven-3.6.1-bin\mvn_repository\io\reactivex\rxnetty\0.4.9\rxnetty-0.4.9.jar;D:\develop\apache-maven-3.6.1-bin\mvn_repository\com\netflix\ribbon\ribbon-core\2.3.0\ribbon-core-2.3.0.jar;D:\develop\apache-maven-3.6.1-bin\mvn_repository\com\netflix\ribbon\ribbon-httpclient\2.3.0\ribbon-httpclient-2.3.0.jar;D:\develop\apache-maven-3.6.1-bin\mvn_repository\commons-collections\commons-collections\3.2.2\commons-collections-3.2.2.jar;D:\develop\apache-maven-3.6.1-bin\mvn_repository\com\netflix\netflix-commons\netflix-commons-util\0.1.1\netflix-commons-util-0.1.1.jar;D:\develop\apache-maven-3.6.1-bin\mvn_repository\com\netflix\ribbon\ribbon-loadbalancer\2.3.0\ribbon-loadbalancer-2.3.0.jar;D:\develop\apache-maven-3.6.1-bin\mvn_repository\com\netflix\netflix-commons\netflix-statistics\0.1.1\netflix-statistics-0.1.1.jar;D:\develop\apache-maven-3.6.1-bin\mvn_repository\io\reactivex\rxjava\1.3.8\rxjava-1.3.8.jar;D:\develop\apache-maven-3.6.1-bin\mvn_repository\com\netflix\ribbon\ribbon-eureka\2.3.0\ribbon-eureka-2.3.0.jar;D:\develop\apache-maven-3.6.1-bin\mvn_repository\com\thoughtworks\xstream\xstream\1.4.10\xstream-1.4.10.jar;D:\develop\apache-maven-3.6.1-bin\mvn_repository\xmlpull\xmlpull\1.1.3.1\xmlpull-1.1.3.1.jar;D:\develop\apache-maven-3.6.1-bin\mvn_repository\xpp3\xpp3_min\1.1.4c\xpp3_min-1.1.4c.jar;"/>
    <property name="sun.cpu.endian" value="little"/>
    <property name="user.home" value="C:\Users\Administrator"/>
    <property name="user.language" value="zh"/>
    <property name="java.specification.vendor" value="Oracle Corporation"/>
    <property name="java.home" value="D:\develop\jdk\jdk1.8.0_211\jre"/>
    <property name="basedir" value="D:\Projects\IdeaProjects\xcEduService01\xc-service-manage-cms"/>
    <property name="file.separator" value="\"/>
    <property name="line.separator" value="&#10;"/>
    <property name="java.vm.specification.vendor" value="Oracle Corporation"/>
    <property name="java.specification.name" value="Java Platform API Specification"/>
    <property name="java.awt.graphicsenv" value="sun.awt.Win32GraphicsEnvironment"/>
    <property name="surefire.real.class.path" value="C:\Users\ADMINI~1\AppData\Local\Temp\surefire340356561753612589\surefirebooter5860711570594416732.jar"/>
    <property name="sun.boot.class.path" value="D:\develop\jdk\jdk1.8.0_211\jre\lib\resources.jar;D:\develop\jdk\jdk1.8.0_211\jre\lib\rt.jar;D:\develop\jdk\jdk1.8.0_211\jre\lib\sunrsasign.jar;D:\develop\jdk\jdk1.8.0_211\jre\lib\jsse.jar;D:\develop\jdk\jdk1.8.0_211\jre\lib\jce.jar;D:\develop\jdk\jdk1.8.0_211\jre\lib\charsets.jar;D:\develop\jdk\jdk1.8.0_211\jre\lib\jfr.jar;D:\develop\jdk\jdk1.8.0_211\jre\classes"/>
    <property name="user.script" value=""/>
    <property name="sun.management.compiler" value="HotSpot 64-Bit Tiered Compilers"/>
    <property name="java.runtime.version" value="1.8.0_211-b12"/>
    <property name="user.name" value="Administrator"/>
    <property name="path.separator" value=";"/>
    <property name="os.version" value="10.0"/>
    <property name="java.endorsed.dirs" value="D:\develop\jdk\jdk1.8.0_211\jre\lib\endorsed"/>
    <property name="java.runtime.name" value="Java(TM) SE Runtime Environment"/>
    <property name="file.encoding" value="GBK"/>
    <property name="java.vm.name" value="Java HotSpot(TM) 64-Bit Server VM"/>
    <property name="localRepository" value="D:\develop\apache-maven-3.6.1-bin\mvn_repository"/>
    <property name="java.vendor.url.bug" value="http://bugreport.sun.com/bugreport/"/>
    <property name="java.io.tmpdir" value="C:\Users\ADMINI~1\AppData\Local\Temp\"/>
    <property name="java.version" value="1.8.0_211"/>
    <property name="user.dir" value="D:\Projects\IdeaProjects\xcEduService01\xc-service-manage-cms"/>
    <property name="os.arch" value="amd64"/>
    <property name="java.vm.specification.name" value="Java Virtual Machine Specification"/>
    <property name="java.awt.printerjob" value="sun.awt.windows.WPrinterJob"/>
    <property name="idea.version2019.1.3" value="true"/>
    <property name="sun.os.patch.level" value=""/>
    <property name="java.library.path" value="D:\develop\jdk\jdk1.8.0_211\jre\bin;C:\Windows\Sun\Java\bin;C:\Windows\system32;C:\Windows;C:\Program Files (x86)\Common Files\Oracle\Java\javapath;C:\Windows\system32;C:\Windows;C:\Windows\System32\Wbem;C:\Windows\System32\WindowsPowerShell\v1.0\;C:\Windows\System32\OpenSSH\;D:\develop\nodejs\;D:\develop\jdk\jdk1.8.0_211\bin;D:\develop\jdk\jdk1.8.0_211\jre\bin;D:\develop\erl10.4\bin;D:\develop\mysql\mysql-8.0.16-winx64\bin;D:\develop\MongoDB\Server\4.2\bin;D:\develop\nodejs;D:\develop\nodejs\npm_modules;D:\develop\Git\cmd;D:\develop\TortoiseGit\bin;D:\develop\Microsoft VS Code\bin;D:\app\ffmpeg\ffmpeg-20190623-ffa64a4-win64-static\bin;D:\develop\Ruby25-x64\bin;C:\Users\Administrator\AppData\Local\Microsoft\WindowsApps;;D:\develop\JetBrains\WebStorm 2019.1.3\bin;;D:\develop\JetBrains\IntelliJ IDEA 2019.1.3\bin;;C:\Users\Administrator\AppData\Roaming\npm;."/>
    <property name="java.vm.info" value="mixed mode"/>
    <property name="java.vendor" value="Oracle Corporation"/>
    <property name="java.vm.version" value="25.211-b12"/>
    <property name="java.ext.dirs" value="D:\develop\jdk\jdk1.8.0_211\jre\lib\ext;C:\Windows\Sun\Java\lib\ext"/>
    <property name="sun.io.unicode.encoding" value="UnicodeLittle"/>
    <property name="java.class.version" value="52.0"/>
  </properties>
  <testcase name="testGetPageHtml" classname="com.xuecheng.manage_cms.dao.PageServiceTest" time="0">
    <error type="com.xuecheng.framework.exception.CustomException">com.xuecheng.framework.exception.CustomException
	at com.xuecheng.manage_cms.dao.PageServiceTest.testGetPageHtml(PageServiceTest.java:24)
</error>
    <system-out><![CDATA[2019-06-24 08:38:51.451 [main] INFO  o.s.b.t.c.SpringBootTestContextBootstrapper - Neither @ContextConfiguration nor @ContextHierarchy found for test class [com.xuecheng.manage_cms.dao.PageServiceTest], using SpringBootContextLoader
2019-06-24 08:38:51.452 [main] INFO  o.s.t.c.s.AbstractContextLoader - Could not detect default resource locations for test class [com.xuecheng.manage_cms.dao.PageServiceTest]: no resource found for suffixes {-context.xml, Context.groovy}.
2019-06-24 08:38:51.452 [main] INFO  o.s.t.c.s.AnnotationConfigContextLoaderUtils - Could not detect default configuration classes for test class [com.xuecheng.manage_cms.dao.PageServiceTest]: PageServiceTest does not declare any static, non-private, non-final, nested classes annotated with @Configuration.
2019-06-24 08:38:51.454 [main] INFO  o.s.b.t.c.SpringBootTestContextBootstrapper - Found @SpringBootConfiguration com.xuecheng.manage_cms.ManageCmsApplication for test class com.xuecheng.manage_cms.dao.PageServiceTest
2019-06-24 08:38:51.455 [main] DEBUG o.s.b.t.c.SpringBootTestContextBootstrapper - @TestExecutionListeners is not present for class [com.xuecheng.manage_cms.dao.PageServiceTest]: using defaults.
2019-06-24 08:38:51.455 [main] INFO  o.s.b.t.c.SpringBootTestContextBootstrapper - Loaded default TestExecutionListener class names from location [META-INF/spring.factories]: [org.springframework.boot.test.mock.mockito.MockitoTestExecutionListener, org.springframework.boot.test.mock.mockito.ResetMocksTestExecutionListener, org.springframework.boot.test.autoconfigure.restdocs.RestDocsTestExecutionListener, org.springframework.boot.test.autoconfigure.web.client.MockRestServiceServerResetTestExecutionListener, org.springframework.boot.test.autoconfigure.web.servlet.MockMvcPrintOnlyOnFailureTestExecutionListener, org.springframework.boot.test.autoconfigure.web.servlet.WebDriverTestExecutionListener, org.springframework.test.context.web.ServletTestExecutionListener, org.springframework.test.context.support.DirtiesContextBeforeModesTestExecutionListener, org.springframework.test.context.support.DependencyInjectionTestExecutionListener, org.springframework.test.context.support.DirtiesContextTestExecutionListener, org.springframework.test.context.transaction.TransactionalTestExecutionListener, org.springframework.test.context.jdbc.SqlScriptsTestExecutionListener]
2019-06-24 08:38:51.456 [main] INFO  o.s.b.t.c.SpringBootTestContextBootstrapper - Using TestExecutionListeners: [org.springframework.test.context.web.ServletTestExecutionListener@3c62f69a, org.springframework.test.context.support.DirtiesContextBeforeModesTestExecutionListener@f08f8a9, org.springframework.boot.test.mock.mockito.MockitoTestExecutionListener@5ebf776c, org.springframework.boot.test.autoconfigure.SpringBootDependencyInjectionTestExecutionListener@7fd3fd06, org.springframework.test.context.support.DirtiesContextTestExecutionListener@54ae1240, org.springframework.test.context.transaction.TransactionalTestExecutionListener@1c2b65cc, org.springframework.test.context.jdbc.SqlScriptsTestExecutionListener@390a7532, org.springframework.boot.test.mock.mockito.ResetMocksTestExecutionListener@595184d8, org.springframework.boot.test.autoconfigure.restdocs.RestDocsTestExecutionListener@7d49a1a0, org.springframework.boot.test.autoconfigure.web.client.MockRestServiceServerResetTestExecutionListener@3a0baec0, org.springframework.boot.test.autoconfigure.web.servlet.MockMvcPrintOnlyOnFailureTestExecutionListener@50c2ef56, org.springframework.boot.test.autoconfigure.web.servlet.WebDriverTestExecutionListener@560d6d2]
]]></system-out>
  </testcase>
</testsuite>